---------------------------------------------------------------
# æè¿°: cycle1_match1 | å°ç›²æ³¨: 1
# é˜¶æ®µ: PREFLOP, åº•æ± : 3, å½“å‰é‡‘é¢: 2, å‰ä¸€æ¬¡åŠ æ³¨é‡‘é¢: 0
# å…¬å…±ç‰Œ: [** ** ** ** **]
[Player1]@SB     æ‰‹ç‰Œ:[** **]   å·²ä¸‹æ³¨:1, å‰©ä½™èµ„é‡‘:99, çŠ¶æ€:PLAYING
[Player2]@BB     æ‰‹ç‰Œ:[** **]   å·²ä¸‹æ³¨:2, å‰©ä½™èµ„é‡‘:98, çŠ¶æ€:PLAYING
[Player3]@UTG    æ‰‹ç‰Œ:[** **]   å·²ä¸‹æ³¨:0, å‰©ä½™èµ„é‡‘:100, çŠ¶æ€:PLAYING
[Player4]        æ‰‹ç‰Œ:[** **]   å·²ä¸‹æ³¨:0, å‰©ä½™èµ„é‡‘:100, çŠ¶æ€:PLAYING
[Player5]        æ‰‹ç‰Œ:[** **]   å·²ä¸‹æ³¨:0, å‰©ä½™èµ„é‡‘:100, çŠ¶æ€:PLAYING
[Player6]@BTN    æ‰‹ç‰Œ:[** **]   å·²ä¸‹æ³¨:0, å‰©ä½™èµ„é‡‘:100, çŠ¶æ€:PLAYING

[2023-08-07 02:47:22] [31mDEBUG[0m - [Player3]: investRatio: 0.6666667
[2023-08-07 02:47:22] [31mDEBUG[0m - [Player3]: winRate: 0.09841778
--> [Player3]'s action: {FOLD 0}

[2023-08-07 02:47:22] [31mDEBUG[0m - [Player4]: investRatio: 0.6666667
[2023-08-07 02:47:23] [31mDEBUG[0m - [Player4]: winRate: 0.18244267
--> [Player4]'s action: {FOLD 0}

--> [Player5]'s action: {BET 78}

---------------------------------------------------------------
# æè¿°: cycle1_match1 | å°ç›²æ³¨: 1
# é˜¶æ®µ: PREFLOP, åº•æ± : 81, å½“å‰é‡‘é¢: 78, å‰ä¸€æ¬¡åŠ æ³¨é‡‘é¢: 78
# å…¬å…±ç‰Œ: [** ** ** ** **]
[Player1]@SB     æ‰‹ç‰Œ:[** **]   å·²ä¸‹æ³¨:1, å‰©ä½™èµ„é‡‘:99, çŠ¶æ€:PLAYING
[Player2]@BB     æ‰‹ç‰Œ:[** **]   å·²ä¸‹æ³¨:2, å‰©ä½™èµ„é‡‘:98, çŠ¶æ€:PLAYING
[Player3]@UTG    æ‰‹ç‰Œ:[** **]   å·²ä¸‹æ³¨:0, å‰©ä½™èµ„é‡‘:100, çŠ¶æ€:OUT
[Player4]        æ‰‹ç‰Œ:[** **]   å·²ä¸‹æ³¨:0, å‰©ä½™èµ„é‡‘:100, çŠ¶æ€:OUT
[Player5]        æ‰‹ç‰Œ:[** **]   å·²ä¸‹æ³¨:78, å‰©ä½™èµ„é‡‘:22, çŠ¶æ€:PLAYING
[Player6]@BTN    æ‰‹ç‰Œ:[â™¦Q â™¦3]   å·²ä¸‹æ³¨:0, å‰©ä½™èµ„é‡‘:100, çŠ¶æ€:PLAYING

--> You are Player6, please choose (enter number): 
[!] Bet  <insufficient bankroll>
[2] Call --> 78
[3] Fold
[4] AllIn --> 100
