---------------------------------------------------------------# æè¿°: cycle1_match1 | å°ç›²æ³¨: 1
# é˜¶æ®µ: PREFLOP, åº•æ± : 3, å½“å‰é‡‘é¢: 2, å‰ä¸€æ¬¡åŠ æ³¨é‡‘é¢: 0
# å…¬å…±ç‰Œ: [** ** ** ** **]
[Player1]@SB     æ‰‹ç‰Œ:[** **]   å·²ä¸‹æ³¨:1, å‰©ä½™èµ„é‡‘:99, çŠ¶æ€:PLAYING
[Player2]@BB     æ‰‹ç‰Œ:[** **]   å·²ä¸‹æ³¨:2, å‰©ä½™èµ„é‡‘:98, çŠ¶æ€:PLAYING
[Player3]@UTG    æ‰‹ç‰Œ:[** **]   å·²ä¸‹æ³¨:0, å‰©ä½™èµ„é‡‘:100, çŠ¶æ€:PLAYING
[Player4]        æ‰‹ç‰Œ:[** **]   å·²ä¸‹æ³¨:0, å‰©ä½™èµ„é‡‘:100, çŠ¶æ€:PLAYING
[Player5]        æ‰‹ç‰Œ:[** **]   å·²ä¸‹æ³¨:0, å‰©ä½™èµ„é‡‘:100, çŠ¶æ€:PLAYING
[Player6]@BTN    æ‰‹ç‰Œ:[** **]   å·²ä¸‹æ³¨:0, å‰©ä½™èµ„é‡‘:100, çŠ¶æ€:PLAYING
[2023-08-06 03:46:28] [31mDEBUG[0m - [Player3]: winRate: 0.121037774


--> [Player3]'s action: {FOLD 0}
[2023-08-06 03:46:28] [31mDEBUG[0m - [Player4]: winRate: 0.10700934


--> [Player4]'s action: {FOLD 0}

--> [Player5]'s action: {CALL 2}
---------------------------------------------------------------# æè¿°: cycle1_match1 | å°ç›²æ³¨: 1
# é˜¶æ®µ: PREFLOP, åº•æ± : 5, å½“å‰é‡‘é¢: 2, å‰ä¸€æ¬¡åŠ æ³¨é‡‘é¢: 0
# å…¬å…±ç‰Œ: [** ** ** ** **]
[Player1]@SB     æ‰‹ç‰Œ:[** **]   å·²ä¸‹æ³¨:1, å‰©ä½™èµ„é‡‘:99, çŠ¶æ€:PLAYING
[Player2]@BB     æ‰‹ç‰Œ:[** **]   å·²ä¸‹æ³¨:2, å‰©ä½™èµ„é‡‘:98, çŠ¶æ€:PLAYING
[Player3]@UTG    æ‰‹ç‰Œ:[** **]   å·²ä¸‹æ³¨:0, å‰©ä½™èµ„é‡‘:100, çŠ¶æ€:OUT
[Player4]        æ‰‹ç‰Œ:[** **]   å·²ä¸‹æ³¨:0, å‰©ä½™èµ„é‡‘:100, çŠ¶æ€:OUT
[Player5]        æ‰‹ç‰Œ:[** **]   å·²ä¸‹æ³¨:2, å‰©ä½™èµ„é‡‘:98, çŠ¶æ€:PLAYING
[Player6]@BTN    æ‰‹ç‰Œ:[â™£2 â™£8]   å·²ä¸‹æ³¨:0, å‰©ä½™èµ„é‡‘:100, çŠ¶æ€:PLAYING

--> You are Player6, please choose (enter number): 
[1] Bet --> [4, 100]
[2] Call --> 2
[3] Fold
[4] AllIn --> 100
