---------------------------------------------------------------# æè¿°: cycle1_match1 | å°ç›²æ³¨: 1
# é˜¶æ®µ: PREFLOP, åº•æ± : 3, å½“å‰é‡‘é¢: 2, å‰ä¸€æ¬¡åŠ æ³¨é‡‘é¢: 0
# å…¬å…±ç‰Œ: [** ** ** ** **]
[Player1]@SB     æ‰‹ç‰Œ:[** **]   å·²ä¸‹æ³¨:1, å‰©ä½™èµ„é‡‘:99, çŠ¶æ€:PLAYING
[Player2]@BB     æ‰‹ç‰Œ:[** **]   å·²ä¸‹æ³¨:2, å‰©ä½™èµ„é‡‘:98, çŠ¶æ€:PLAYING
[Player3]@UTG    æ‰‹ç‰Œ:[** **]   å·²ä¸‹æ³¨:0, å‰©ä½™èµ„é‡‘:100, çŠ¶æ€:PLAYING
[Player4]        æ‰‹ç‰Œ:[** **]   å·²ä¸‹æ³¨:0, å‰©ä½™èµ„é‡‘:100, çŠ¶æ€:PLAYING
[Player5]        æ‰‹ç‰Œ:[** **]   å·²ä¸‹æ³¨:0, å‰©ä½™èµ„é‡‘:100, çŠ¶æ€:PLAYING
[Player6]@BTN    æ‰‹ç‰Œ:[** **]   å·²ä¸‹æ³¨:0, å‰©ä½™èµ„é‡‘:100, çŠ¶æ€:PLAYING
[2023-08-06 19:11:39] [31mDEBUG[0m - [Player3]: winRate: 0.1983389


--> [Player3]'s action: {FOLD 0}
[2023-08-06 19:11:39] [31mDEBUG[0m - [Player4]: winRate: 0.19668268


--> [Player4]'s action: {FOLD 0}

--> [Player5]'s action: {CALL 2}
---------------------------------------------------------------# æè¿°: cycle1_match1 | å°ç›²æ³¨: 1
# é˜¶æ®µ: PREFLOP, åº•æ± : 5, å½“å‰é‡‘é¢: 2, å‰ä¸€æ¬¡åŠ æ³¨é‡‘é¢: 0
# å…¬å…±ç‰Œ: [** ** ** ** **]
[Player1]@SB     æ‰‹ç‰Œ:[** **]   å·²ä¸‹æ³¨:1, å‰©ä½™èµ„é‡‘:99, çŠ¶æ€:PLAYING
[Player2]@BB     æ‰‹ç‰Œ:[** **]   å·²ä¸‹æ³¨:2, å‰©ä½™èµ„é‡‘:98, çŠ¶æ€:PLAYING
[Player3]@UTG    æ‰‹ç‰Œ:[** **]   å·²ä¸‹æ³¨:0, å‰©ä½™èµ„é‡‘:100, çŠ¶æ€:OUT
[Player4]        æ‰‹ç‰Œ:[** **]   å·²ä¸‹æ³¨:0, å‰©ä½™èµ„é‡‘:100, çŠ¶æ€:OUT
[Player5]        æ‰‹ç‰Œ:[** **]   å·²ä¸‹æ³¨:2, å‰©ä½™èµ„é‡‘:98, çŠ¶æ€:PLAYING
[Player6]@BTN    æ‰‹ç‰Œ:[â™¥3 â™¦3]   å·²ä¸‹æ³¨:0, å‰©ä½™èµ„é‡‘:100, çŠ¶æ€:PLAYING

--> You are Player6, please choose (enter number): 
[1] Bet --> [4, 100]
[2] Call --> 2
[3] Fold
[4] AllIn --> 100

--> [Player6]'s action: {CALL 2}
[2023-08-06 19:11:43] [31mDEBUG[0m - [Player1]: winRate: 0.25772667


--> [Player1]'s action: {FOLD 0}
[2023-08-06 19:11:43] [31mDEBUG[0m - [Player2]: winRate: 0.2673122


--> [Player2]'s action: {BET 3}

--> [Player5]'s action: {ALL_IN 98}
---------------------------------------------------------------# æè¿°: cycle1_match1 | å°ç›²æ³¨: 1
# é˜¶æ®µ: PREFLOP, åº•æ± : 108, å½“å‰é‡‘é¢: 100, å‰ä¸€æ¬¡åŠ æ³¨é‡‘é¢: 98
# å…¬å…±ç‰Œ: [** ** ** ** **]
[Player1]@SB     æ‰‹ç‰Œ:[** **]   å·²ä¸‹æ³¨:1, å‰©ä½™èµ„é‡‘:99, çŠ¶æ€:OUT
[Player2]@BB     æ‰‹ç‰Œ:[** **]   å·²ä¸‹æ³¨:5, å‰©ä½™èµ„é‡‘:95, çŠ¶æ€:PLAYING
[Player3]        æ‰‹ç‰Œ:[** **]   å·²ä¸‹æ³¨:0, å‰©ä½™èµ„é‡‘:100, çŠ¶æ€:OUT
[Player4]        æ‰‹ç‰Œ:[** **]   å·²ä¸‹æ³¨:0, å‰©ä½™èµ„é‡‘:100, çŠ¶æ€:OUT
[Player5]        æ‰‹ç‰Œ:[** **]   å·²ä¸‹æ³¨:100, å‰©ä½™èµ„é‡‘:0, çŠ¶æ€:ALLIN
[Player6]@BTN    æ‰‹ç‰Œ:[â™¥3 â™¦3]   å·²ä¸‹æ³¨:2, å‰©ä½™èµ„é‡‘:98, çŠ¶æ€:PLAYING

--> You are Player6, please choose (enter number): 
[!] Bet  <insufficient bankroll>
[2] Call --> 98
[3] Fold
[4] AllIn --> 98

--> [Player6]'s action: {ALL_IN 98}
[2023-08-06 19:11:47] [31mDEBUG[0m - [Player2]: winRate: 0.26460445


--> [Player2]'s action: {FOLD 0}
---------------------------------------------------------------# æè¿°: cycle1_match1 | å°ç›²æ³¨: 1
# é˜¶æ®µ: SHOWDOWN, åº•æ± : 206, å½“å‰é‡‘é¢: 100, å‰ä¸€æ¬¡åŠ æ³¨é‡‘é¢: 0
# å…¬å…±ç‰Œ: [â™¥4 â™ 6 â™ A â™£Q â™¥5]
[Player1]@SB     æ‰‹ç‰Œ:[** **]   å·²ä¸‹æ³¨:1, å‰©ä½™èµ„é‡‘:99, çŠ¶æ€:OUT
[Player2]@BB     æ‰‹ç‰Œ:[** **]   å·²ä¸‹æ³¨:5, å‰©ä½™èµ„é‡‘:95, çŠ¶æ€:OUT
[Player3]        æ‰‹ç‰Œ:[** **]   å·²ä¸‹æ³¨:0, å‰©ä½™èµ„é‡‘:100, çŠ¶æ€:OUT
[Player4]        æ‰‹ç‰Œ:[** **]   å·²ä¸‹æ³¨:0, å‰©ä½™èµ„é‡‘:100, çŠ¶æ€:OUT
[Player5]        æ‰‹ç‰Œ:[â™¥7 â™¥10]  å·²ä¸‹æ³¨:100, å‰©ä½™èµ„é‡‘:0, çŠ¶æ€:ALLIN
[Player6]        æ‰‹ç‰Œ:[â™¥3 â™¦3]   å·²ä¸‹æ³¨:100, å‰©ä½™èµ„é‡‘:0, çŠ¶æ€:ALLIN
---------------------------------------------------------------# æè¿°: cycle1_match1 | å°ç›²æ³¨: 1
# é˜¶æ®µ: FINISH, åº•æ± : 0, å½“å‰é‡‘é¢: 100, å‰ä¸€æ¬¡åŠ æ³¨é‡‘é¢: 0
# å…¬å…±ç‰Œ: [â™¥4 â™ 6 â™ A â™£Q â™¥5]
[Player1]@SB     æ‰‹ç‰Œ:[** **]   å·²ä¸‹æ³¨:0, å‰©ä½™èµ„é‡‘:99, çŠ¶æ€:PLAYING
[Player2]@BB     æ‰‹ç‰Œ:[** **]   å·²ä¸‹æ³¨:0, å‰©ä½™èµ„é‡‘:95, çŠ¶æ€:PLAYING
[Player3]@UTG    æ‰‹ç‰Œ:[** **]   å·²ä¸‹æ³¨:0, å‰©ä½™èµ„é‡‘:100, çŠ¶æ€:PLAYING
[Player4]        æ‰‹ç‰Œ:[** **]   å·²ä¸‹æ³¨:0, å‰©ä½™èµ„é‡‘:100, çŠ¶æ€:PLAYING
[Player5]        æ‰‹ç‰Œ:[â™¥7 â™¥10]  å·²ä¸‹æ³¨:0, å‰©ä½™èµ„é‡‘:0, çŠ¶æ€:OUT
[Player6]@BTN    æ‰‹ç‰Œ:[â™¥3 â™¦3]   å·²ä¸‹æ³¨:0, å‰©ä½™èµ„é‡‘:206, çŠ¶æ€:PLAYING
Winner is: Player6
Score: {One pair [â™¥3 â™¦3 â™ A â™£Q â™ 6] 1212678} 
Match finish. Press enter to begin next match.---------------------------------------------------------------# æè¿°: cycle1_match2 | å°ç›²æ³¨: 1
# é˜¶æ®µ: PREFLOP, åº•æ± : 3, å½“å‰é‡‘é¢: 2, å‰ä¸€æ¬¡åŠ æ³¨é‡‘é¢: 0
# å…¬å…±ç‰Œ: [** ** ** ** **]
[Player1]@BTN    æ‰‹ç‰Œ:[** **]   å·²ä¸‹æ³¨:0, å‰©ä½™èµ„é‡‘:99, çŠ¶æ€:PLAYING
[Player2]@SB     æ‰‹ç‰Œ:[** **]   å·²ä¸‹æ³¨:1, å‰©ä½™èµ„é‡‘:94, çŠ¶æ€:PLAYING
[Player3]@BB     æ‰‹ç‰Œ:[** **]   å·²ä¸‹æ³¨:2, å‰©ä½™èµ„é‡‘:98, çŠ¶æ€:PLAYING
[Player4]@UTG    æ‰‹ç‰Œ:[** **]   å·²ä¸‹æ³¨:0, å‰©ä½™èµ„é‡‘:100, çŠ¶æ€:PLAYING
[Player5]        æ‰‹ç‰Œ:[]        å·²ä¸‹æ³¨:0, å‰©ä½™èµ„é‡‘:0, çŠ¶æ€:OUT
[Player6]        æ‰‹ç‰Œ:[** **]   å·²ä¸‹æ³¨:0, å‰©ä½™èµ„é‡‘:206, çŠ¶æ€:PLAYING
[2023-08-06 19:11:50] [31mDEBUG[0m - [Player4]: winRate: 0.13809867


--> [Player4]'s action: {FOLD 0}
---------------------------------------------------------------# æè¿°: cycle1_match2 | å°ç›²æ³¨: 1
# é˜¶æ®µ: PREFLOP, åº•æ± : 3, å½“å‰é‡‘é¢: 2, å‰ä¸€æ¬¡åŠ æ³¨é‡‘é¢: 0
# å…¬å…±ç‰Œ: [** ** ** ** **]
[Player1]@BTN    æ‰‹ç‰Œ:[** **]   å·²ä¸‹æ³¨:0, å‰©ä½™èµ„é‡‘:99, çŠ¶æ€:PLAYING
[Player2]@SB     æ‰‹ç‰Œ:[** **]   å·²ä¸‹æ³¨:1, å‰©ä½™èµ„é‡‘:94, çŠ¶æ€:PLAYING
[Player3]@BB     æ‰‹ç‰Œ:[** **]   å·²ä¸‹æ³¨:2, å‰©ä½™èµ„é‡‘:98, çŠ¶æ€:PLAYING
[Player4]@UTG    æ‰‹ç‰Œ:[** **]   å·²ä¸‹æ³¨:0, å‰©ä½™èµ„é‡‘:100, çŠ¶æ€:OUT
[Player5]        æ‰‹ç‰Œ:[]        å·²ä¸‹æ³¨:0, å‰©ä½™èµ„é‡‘:0, çŠ¶æ€:OUT
[Player6]        æ‰‹ç‰Œ:[â™¥K â™£K]   å·²ä¸‹æ³¨:0, å‰©ä½™èµ„é‡‘:206, çŠ¶æ€:PLAYING

--> You are Player6, please choose (enter number): 
[1] Bet --> [4, 206]
[2] Call --> 2
[3] Fold
[4] AllIn --> 206
--> How much do you want to bet? [4, 205]

--> [Player6]'s action: {BET 10}
[2023-08-06 19:11:56] [31mDEBUG[0m - [Player1]: winRate: 0.28988335


--> [Player1]'s action: {FOLD 0}
[2023-08-06 19:11:56] [31mDEBUG[0m - [Player2]: winRate: 0.25873333


--> [Player2]'s action: {FOLD 0}
[2023-08-06 19:11:57] [31mDEBUG[0m - [Player3]: winRate: 0.46206


--> [Player3]'s action: {FOLD 0}
---------------------------------------------------------------# æè¿°: cycle1_match2 | å°ç›²æ³¨: 1
# é˜¶æ®µ: FINISH, åº•æ± : 0, å½“å‰é‡‘é¢: 10, å‰ä¸€æ¬¡åŠ æ³¨é‡‘é¢: 10
# å…¬å…±ç‰Œ: [** ** ** ** **]
[Player1]        æ‰‹ç‰Œ:[** **]   å·²ä¸‹æ³¨:0, å‰©ä½™èµ„é‡‘:99, çŠ¶æ€:OUT
[Player2]@SB     æ‰‹ç‰Œ:[** **]   å·²ä¸‹æ³¨:0, å‰©ä½™èµ„é‡‘:94, çŠ¶æ€:OUT
[Player3]        æ‰‹ç‰Œ:[** **]   å·²ä¸‹æ³¨:0, å‰©ä½™èµ„é‡‘:98, çŠ¶æ€:OUT
[Player4]        æ‰‹ç‰Œ:[** **]   å·²ä¸‹æ³¨:0, å‰©ä½™èµ„é‡‘:100, çŠ¶æ€:OUT
[Player5]        æ‰‹ç‰Œ:[]        å·²ä¸‹æ³¨:0, å‰©ä½™èµ„é‡‘:0, çŠ¶æ€:OUT
[Player6]        æ‰‹ç‰Œ:[** **]   å·²ä¸‹æ³¨:0, å‰©ä½™èµ„é‡‘:209, çŠ¶æ€:PLAYING
Winner is: Player6
Score: No score, all others folded.
Match finish. Press enter to begin next match.---------------------------------------------------------------# æè¿°: cycle1_match3 | å°ç›²æ³¨: 1
# é˜¶æ®µ: PREFLOP, åº•æ± : 3, å½“å‰é‡‘é¢: 2, å‰ä¸€æ¬¡åŠ æ³¨é‡‘é¢: 0
# å…¬å…±ç‰Œ: [** ** ** ** **]
[Player1]        æ‰‹ç‰Œ:[** **]   å·²ä¸‹æ³¨:0, å‰©ä½™èµ„é‡‘:99, çŠ¶æ€:PLAYING
[Player2]@BTN    æ‰‹ç‰Œ:[** **]   å·²ä¸‹æ³¨:0, å‰©ä½™èµ„é‡‘:94, çŠ¶æ€:PLAYING
[Player3]@SB     æ‰‹ç‰Œ:[** **]   å·²ä¸‹æ³¨:1, å‰©ä½™èµ„é‡‘:97, çŠ¶æ€:PLAYING
[Player4]@BB     æ‰‹ç‰Œ:[** **]   å·²ä¸‹æ³¨:2, å‰©ä½™èµ„é‡‘:98, çŠ¶æ€:PLAYING
[Player5]        æ‰‹ç‰Œ:[]        å·²ä¸‹æ³¨:0, å‰©ä½™èµ„é‡‘:0, çŠ¶æ€:OUT
[Player6]@UTG    æ‰‹ç‰Œ:[** **]   å·²ä¸‹æ³¨:0, å‰©ä½™èµ„é‡‘:209, çŠ¶æ€:PLAYING
---------------------------------------------------------------# æè¿°: cycle1_match3 | å°ç›²æ³¨: 1
# é˜¶æ®µ: PREFLOP, åº•æ± : 3, å½“å‰é‡‘é¢: 2, å‰ä¸€æ¬¡åŠ æ³¨é‡‘é¢: 0
# å…¬å…±ç‰Œ: [** ** ** ** **]
[Player1]        æ‰‹ç‰Œ:[** **]   å·²ä¸‹æ³¨:0, å‰©ä½™èµ„é‡‘:99, çŠ¶æ€:PLAYING
[Player2]@BTN    æ‰‹ç‰Œ:[** **]   å·²ä¸‹æ³¨:0, å‰©ä½™èµ„é‡‘:94, çŠ¶æ€:PLAYING
[Player3]@SB     æ‰‹ç‰Œ:[** **]   å·²ä¸‹æ³¨:1, å‰©ä½™èµ„é‡‘:97, çŠ¶æ€:PLAYING
[Player4]@BB     æ‰‹ç‰Œ:[** **]   å·²ä¸‹æ³¨:2, å‰©ä½™èµ„é‡‘:98, çŠ¶æ€:PLAYING
[Player5]        æ‰‹ç‰Œ:[]        å·²ä¸‹æ³¨:0, å‰©ä½™èµ„é‡‘:0, çŠ¶æ€:OUT
[Player6]@UTG    æ‰‹ç‰Œ:[â™¦J â™£6]   å·²ä¸‹æ³¨:0, å‰©ä½™èµ„é‡‘:209, çŠ¶æ€:PLAYING

--> You are Player6, please choose (enter number): 
[1] Bet --> [4, 209]
[2] Call --> 2
[3] Fold
[4] AllIn --> 209

--> [Player6]'s action: {CALL 2}
[2023-08-06 19:12:04] [31mDEBUG[0m - [Player1]: winRate: 0.12053333


--> [Player1]'s action: {FOLD 0}
[2023-08-06 19:12:05] [31mDEBUG[0m - [Player2]: winRate: 0.30223668


--> [Player2]'s action: {FOLD 0}
[2023-08-06 19:12:05] [31mDEBUG[0m - [Player3]: winRate: 0.38971666


--> [Player3]'s action: {FOLD 0}
[2023-08-06 19:12:05] [31mDEBUG[0m - [Player4]: winRate: 0.534405


--> [Player4]'s action: {BET 9}
---------------------------------------------------------------# æè¿°: cycle1_match3 | å°ç›²æ³¨: 1
# é˜¶æ®µ: PREFLOP, åº•æ± : 14, å½“å‰é‡‘é¢: 11, å‰ä¸€æ¬¡åŠ æ³¨é‡‘é¢: 9
# å…¬å…±ç‰Œ: [** ** ** ** **]
[Player1]        æ‰‹ç‰Œ:[** **]   å·²ä¸‹æ³¨:0, å‰©ä½™èµ„é‡‘:99, çŠ¶æ€:OUT
[Player2]        æ‰‹ç‰Œ:[** **]   å·²ä¸‹æ³¨:0, å‰©ä½™èµ„é‡‘:94, çŠ¶æ€:OUT
[Player3]@SB     æ‰‹ç‰Œ:[** **]   å·²ä¸‹æ³¨:1, å‰©ä½™èµ„é‡‘:97, çŠ¶æ€:OUT
[Player4]@BB     æ‰‹ç‰Œ:[** **]   å·²ä¸‹æ³¨:11, å‰©ä½™èµ„é‡‘:89, çŠ¶æ€:PLAYING
[Player5]        æ‰‹ç‰Œ:[]        å·²ä¸‹æ³¨:0, å‰©ä½™èµ„é‡‘:0, çŠ¶æ€:OUT
[Player6]        æ‰‹ç‰Œ:[â™¦J â™£6]   å·²ä¸‹æ³¨:2, å‰©ä½™èµ„é‡‘:207, çŠ¶æ€:PLAYING

--> You are Player6, please choose (enter number): 
[1] Bet --> [18, 207]
[2] Call --> 9
[3] Fold
[4] AllIn --> 207

--> [Player6]'s action: {CALL 9}
---------------------------------------------------------------# æè¿°: cycle1_match3 | å°ç›²æ³¨: 1
# é˜¶æ®µ: FLOP, åº•æ± : 23, å½“å‰é‡‘é¢: 11, å‰ä¸€æ¬¡åŠ æ³¨é‡‘é¢: 0
# å…¬å…±ç‰Œ: [â™¥4 â™£4 â™£10 ** **]
[Player1]        æ‰‹ç‰Œ:[** **]   å·²ä¸‹æ³¨:0, å‰©ä½™èµ„é‡‘:99, çŠ¶æ€:OUT
[Player2]        æ‰‹ç‰Œ:[** **]   å·²ä¸‹æ³¨:0, å‰©ä½™èµ„é‡‘:94, çŠ¶æ€:OUT
[Player3]@SB     æ‰‹ç‰Œ:[** **]   å·²ä¸‹æ³¨:1, å‰©ä½™èµ„é‡‘:97, çŠ¶æ€:OUT
[Player4]@BB     æ‰‹ç‰Œ:[** **]   å·²ä¸‹æ³¨:11, å‰©ä½™èµ„é‡‘:89, çŠ¶æ€:PLAYING
[Player5]        æ‰‹ç‰Œ:[]        å·²ä¸‹æ³¨:0, å‰©ä½™èµ„é‡‘:0, çŠ¶æ€:OUT
[Player6]        æ‰‹ç‰Œ:[** **]   å·²ä¸‹æ³¨:11, å‰©ä½™èµ„é‡‘:198, çŠ¶æ€:PLAYING
[2023-08-06 19:12:11] [31mDEBUG[0m - [Player4]: winRate: 0.40778333


--> [Player4]'s action: {BET 18}
---------------------------------------------------------------# æè¿°: cycle1_match3 | å°ç›²æ³¨: 1
# é˜¶æ®µ: FLOP, åº•æ± : 41, å½“å‰é‡‘é¢: 29, å‰ä¸€æ¬¡åŠ æ³¨é‡‘é¢: 18
# å…¬å…±ç‰Œ: [â™¥4 â™£4 â™£10 ** **]
[Player1]        æ‰‹ç‰Œ:[** **]   å·²ä¸‹æ³¨:0, å‰©ä½™èµ„é‡‘:99, çŠ¶æ€:OUT
[Player2]        æ‰‹ç‰Œ:[** **]   å·²ä¸‹æ³¨:0, å‰©ä½™èµ„é‡‘:94, çŠ¶æ€:OUT
[Player3]@SB     æ‰‹ç‰Œ:[** **]   å·²ä¸‹æ³¨:1, å‰©ä½™èµ„é‡‘:97, çŠ¶æ€:OUT
[Player4]@BB     æ‰‹ç‰Œ:[** **]   å·²ä¸‹æ³¨:29, å‰©ä½™èµ„é‡‘:71, çŠ¶æ€:PLAYING
[Player5]        æ‰‹ç‰Œ:[]        å·²ä¸‹æ³¨:0, å‰©ä½™èµ„é‡‘:0, çŠ¶æ€:OUT
[Player6]        æ‰‹ç‰Œ:[â™¦J â™£6]   å·²ä¸‹æ³¨:11, å‰©ä½™èµ„é‡‘:198, çŠ¶æ€:PLAYING

--> You are Player6, please choose (enter number): 
[1] Bet --> [36, 198]
[2] Call --> 18
[3] Fold
[4] AllIn --> 198

--> [Player6]'s action: {FOLD 0}
---------------------------------------------------------------# æè¿°: cycle1_match3 | å°ç›²æ³¨: 1
# é˜¶æ®µ: FINISH, åº•æ± : 0, å½“å‰é‡‘é¢: 29, å‰ä¸€æ¬¡åŠ æ³¨é‡‘é¢: 18
# å…¬å…±ç‰Œ: [â™¥4 â™£4 â™£10 ** **]
[Player1]        æ‰‹ç‰Œ:[** **]   å·²ä¸‹æ³¨:0, å‰©ä½™èµ„é‡‘:99, çŠ¶æ€:OUT
[Player2]        æ‰‹ç‰Œ:[** **]   å·²ä¸‹æ³¨:0, å‰©ä½™èµ„é‡‘:94, çŠ¶æ€:OUT
[Player3]@SB     æ‰‹ç‰Œ:[** **]   å·²ä¸‹æ³¨:0, å‰©ä½™èµ„é‡‘:97, çŠ¶æ€:OUT
[Player4]        æ‰‹ç‰Œ:[** **]   å·²ä¸‹æ³¨:0, å‰©ä½™èµ„é‡‘:112, çŠ¶æ€:PLAYING
[Player5]        æ‰‹ç‰Œ:[]        å·²ä¸‹æ³¨:0, å‰©ä½™èµ„é‡‘:0, çŠ¶æ€:OUT
[Player6]        æ‰‹ç‰Œ:[** **]   å·²ä¸‹æ³¨:0, å‰©ä½™èµ„é‡‘:198, çŠ¶æ€:OUT
Winner is: Player4
Score: No score, all others folded.
Match finish. Press enter to begin next match.---------------------------------------------------------------# æè¿°: cycle1_match4 | å°ç›²æ³¨: 1
# é˜¶æ®µ: PREFLOP, åº•æ± : 3, å½“å‰é‡‘é¢: 2, å‰ä¸€æ¬¡åŠ æ³¨é‡‘é¢: 0
# å…¬å…±ç‰Œ: [** ** ** ** **]
[Player1]@UTG    æ‰‹ç‰Œ:[** **]   å·²ä¸‹æ³¨:0, å‰©ä½™èµ„é‡‘:99, çŠ¶æ€:PLAYING
[Player2]        æ‰‹ç‰Œ:[** **]   å·²ä¸‹æ³¨:0, å‰©ä½™èµ„é‡‘:94, çŠ¶æ€:PLAYING
[Player3]@BTN    æ‰‹ç‰Œ:[** **]   å·²ä¸‹æ³¨:0, å‰©ä½™èµ„é‡‘:97, çŠ¶æ€:PLAYING
[Player4]@SB     æ‰‹ç‰Œ:[** **]   å·²ä¸‹æ³¨:1, å‰©ä½™èµ„é‡‘:111, çŠ¶æ€:PLAYING
[Player5]        æ‰‹ç‰Œ:[]        å·²ä¸‹æ³¨:0, å‰©ä½™èµ„é‡‘:0, çŠ¶æ€:OUT
[Player6]@BB     æ‰‹ç‰Œ:[** **]   å·²ä¸‹æ³¨:2, å‰©ä½™èµ„é‡‘:196, çŠ¶æ€:PLAYING
[2023-08-06 19:12:26] [31mDEBUG[0m - [Player1]: winRate: 0.16595733


--> [Player1]'s action: {FOLD 0}
[2023-08-06 19:12:27] [31mDEBUG[0m - [Player2]: winRate: 0.25364667


--> [Player2]'s action: {FOLD 0}
[2023-08-06 19:12:27] [31mDEBUG[0m - [Player3]: winRate: 0.44046444


--> [Player3]'s action: {FOLD 0}
[2023-08-06 19:12:27] [31mDEBUG[0m - [Player4]: winRate: 0.47003168


--> [Player4]'s action: {FOLD 0}
---------------------------------------------------------------# æè¿°: cycle1_match4 | å°ç›²æ³¨: 1
# é˜¶æ®µ: FINISH, åº•æ± : 0, å½“å‰é‡‘é¢: 2, å‰ä¸€æ¬¡åŠ æ³¨é‡‘é¢: 0
# å…¬å…±ç‰Œ: [** ** ** ** **]
[Player1]        æ‰‹ç‰Œ:[** **]   å·²ä¸‹æ³¨:0, å‰©ä½™èµ„é‡‘:99, çŠ¶æ€:OUT
[Player2]        æ‰‹ç‰Œ:[** **]   å·²ä¸‹æ³¨:0, å‰©ä½™èµ„é‡‘:94, çŠ¶æ€:OUT
[Player3]        æ‰‹ç‰Œ:[** **]   å·²ä¸‹æ³¨:0, å‰©ä½™èµ„é‡‘:97, çŠ¶æ€:OUT
[Player4]@SB     æ‰‹ç‰Œ:[** **]   å·²ä¸‹æ³¨:0, å‰©ä½™èµ„é‡‘:111, çŠ¶æ€:OUT
[Player5]        æ‰‹ç‰Œ:[]        å·²ä¸‹æ³¨:0, å‰©ä½™èµ„é‡‘:0, çŠ¶æ€:OUT
[Player6]        æ‰‹ç‰Œ:[** **]   å·²ä¸‹æ³¨:0, å‰©ä½™èµ„é‡‘:199, çŠ¶æ€:PLAYING
Winner is: Player6
Score: No score, all others folded.
Match finish. Press enter to begin next match.---------------------------------------------------------------# æè¿°: cycle1_match5 | å°ç›²æ³¨: 1
# é˜¶æ®µ: PREFLOP, åº•æ± : 3, å½“å‰é‡‘é¢: 2, å‰ä¸€æ¬¡åŠ æ³¨é‡‘é¢: 0
# å…¬å…±ç‰Œ: [** ** ** ** **]
[Player1]@BB     æ‰‹ç‰Œ:[** **]   å·²ä¸‹æ³¨:2, å‰©ä½™èµ„é‡‘:97, çŠ¶æ€:PLAYING
[Player2]@UTG    æ‰‹ç‰Œ:[** **]   å·²ä¸‹æ³¨:0, å‰©ä½™èµ„é‡‘:94, çŠ¶æ€:PLAYING
[Player3]        æ‰‹ç‰Œ:[** **]   å·²ä¸‹æ³¨:0, å‰©ä½™èµ„é‡‘:97, çŠ¶æ€:PLAYING
[Player4]@BTN    æ‰‹ç‰Œ:[** **]   å·²ä¸‹æ³¨:0, å‰©ä½™èµ„é‡‘:111, çŠ¶æ€:PLAYING
[Player5]        æ‰‹ç‰Œ:[]        å·²ä¸‹æ³¨:0, å‰©ä½™èµ„é‡‘:0, çŠ¶æ€:OUT
[Player6]@SB     æ‰‹ç‰Œ:[** **]   å·²ä¸‹æ³¨:1, å‰©ä½™èµ„é‡‘:198, çŠ¶æ€:PLAYING
[2023-08-06 19:12:33] [31mDEBUG[0m - [Player2]: winRate: 0.3054


--> [Player2]'s action: {FOLD 0}
[2023-08-06 19:12:33] [31mDEBUG[0m - [Player3]: winRate: 0.209175


--> [Player3]'s action: {FOLD 0}
[2023-08-06 19:12:33] [31mDEBUG[0m - [Player4]: winRate: 0.2531


--> [Player4]'s action: {FOLD 0}
---------------------------------------------------------------# æè¿°: cycle1_match5 | å°ç›²æ³¨: 1
# é˜¶æ®µ: PREFLOP, åº•æ± : 3, å½“å‰é‡‘é¢: 2, å‰ä¸€æ¬¡åŠ æ³¨é‡‘é¢: 0
# å…¬å…±ç‰Œ: [** ** ** ** **]
[Player1]@BB     æ‰‹ç‰Œ:[** **]   å·²ä¸‹æ³¨:2, å‰©ä½™èµ„é‡‘:97, çŠ¶æ€:PLAYING
[Player2]        æ‰‹ç‰Œ:[** **]   å·²ä¸‹æ³¨:0, å‰©ä½™èµ„é‡‘:94, çŠ¶æ€:OUT
[Player3]        æ‰‹ç‰Œ:[** **]   å·²ä¸‹æ³¨:0, å‰©ä½™èµ„é‡‘:97, çŠ¶æ€:OUT
[Player4]        æ‰‹ç‰Œ:[** **]   å·²ä¸‹æ³¨:0, å‰©ä½™èµ„é‡‘:111, çŠ¶æ€:OUT
[Player5]        æ‰‹ç‰Œ:[]        å·²ä¸‹æ³¨:0, å‰©ä½™èµ„é‡‘:0, çŠ¶æ€:OUT
[Player6]@SB     æ‰‹ç‰Œ:[â™¦7 â™£8]   å·²ä¸‹æ³¨:1, å‰©ä½™èµ„é‡‘:198, çŠ¶æ€:PLAYING

--> You are Player6, please choose (enter number): 
[1] Bet --> [3, 198]
[2] Call --> 1
[3] Fold
[4] AllIn --> 198

--> [Player6]'s action: {CALL 1}
[2023-08-06 19:13:34] [31mDEBUG[0m - [Player1]: winRate: 0.62167335


--> [Player1]'s action: {BET 12}
---------------------------------------------------------------# æè¿°: cycle1_match5 | å°ç›²æ³¨: 1
# é˜¶æ®µ: PREFLOP, åº•æ± : 16, å½“å‰é‡‘é¢: 14, å‰ä¸€æ¬¡åŠ æ³¨é‡‘é¢: 12
# å…¬å…±ç‰Œ: [** ** ** ** **]
[Player1]@BB     æ‰‹ç‰Œ:[** **]   å·²ä¸‹æ³¨:14, å‰©ä½™èµ„é‡‘:85, çŠ¶æ€:PLAYING
[Player2]        æ‰‹ç‰Œ:[** **]   å·²ä¸‹æ³¨:0, å‰©ä½™èµ„é‡‘:94, çŠ¶æ€:OUT
[Player3]        æ‰‹ç‰Œ:[** **]   å·²ä¸‹æ³¨:0, å‰©ä½™èµ„é‡‘:97, çŠ¶æ€:OUT
[Player4]        æ‰‹ç‰Œ:[** **]   å·²ä¸‹æ³¨:0, å‰©ä½™èµ„é‡‘:111, çŠ¶æ€:OUT
[Player5]        æ‰‹ç‰Œ:[]        å·²ä¸‹æ³¨:0, å‰©ä½™èµ„é‡‘:0, çŠ¶æ€:OUT
[Player6]@SB     æ‰‹ç‰Œ:[â™¦7 â™£8]   å·²ä¸‹æ³¨:2, å‰©ä½™èµ„é‡‘:197, çŠ¶æ€:PLAYING

--> You are Player6, please choose (enter number): 
[1] Bet --> [24, 197]
[2] Call --> 12
[3] Fold
[4] AllIn --> 197

--> [Player6]'s action: {CALL 12}
---------------------------------------------------------------# æè¿°: cycle1_match5 | å°ç›²æ³¨: 1
# é˜¶æ®µ: FLOP, åº•æ± : 28, å½“å‰é‡‘é¢: 14, å‰ä¸€æ¬¡åŠ æ³¨é‡‘é¢: 0
# å…¬å…±ç‰Œ: [â™ 5 â™£J â™£3 ** **]
[Player1]@BB     æ‰‹ç‰Œ:[** **]   å·²ä¸‹æ³¨:14, å‰©ä½™èµ„é‡‘:85, çŠ¶æ€:PLAYING
[Player2]        æ‰‹ç‰Œ:[** **]   å·²ä¸‹æ³¨:0, å‰©ä½™èµ„é‡‘:94, çŠ¶æ€:OUT
[Player3]        æ‰‹ç‰Œ:[** **]   å·²ä¸‹æ³¨:0, å‰©ä½™èµ„é‡‘:97, çŠ¶æ€:OUT
[Player4]        æ‰‹ç‰Œ:[** **]   å·²ä¸‹æ³¨:0, å‰©ä½™èµ„é‡‘:111, çŠ¶æ€:OUT
[Player5]        æ‰‹ç‰Œ:[]        å·²ä¸‹æ³¨:0, å‰©ä½™èµ„é‡‘:0, çŠ¶æ€:OUT
[Player6]@SB     æ‰‹ç‰Œ:[** **]   å·²ä¸‹æ³¨:14, å‰©ä½™èµ„é‡‘:185, çŠ¶æ€:PLAYING
---------------------------------------------------------------# æè¿°: cycle1_match5 | å°ç›²æ³¨: 1
# é˜¶æ®µ: FLOP, åº•æ± : 28, å½“å‰é‡‘é¢: 14, å‰ä¸€æ¬¡åŠ æ³¨é‡‘é¢: 0
# å…¬å…±ç‰Œ: [â™ 5 â™£J â™£3 ** **]
[Player1]@BB     æ‰‹ç‰Œ:[** **]   å·²ä¸‹æ³¨:14, å‰©ä½™èµ„é‡‘:85, çŠ¶æ€:PLAYING
[Player2]        æ‰‹ç‰Œ:[** **]   å·²ä¸‹æ³¨:0, å‰©ä½™èµ„é‡‘:94, çŠ¶æ€:OUT
[Player3]        æ‰‹ç‰Œ:[** **]   å·²ä¸‹æ³¨:0, å‰©ä½™èµ„é‡‘:97, çŠ¶æ€:OUT
[Player4]        æ‰‹ç‰Œ:[** **]   å·²ä¸‹æ³¨:0, å‰©ä½™èµ„é‡‘:111, çŠ¶æ€:OUT
[Player5]        æ‰‹ç‰Œ:[]        å·²ä¸‹æ³¨:0, å‰©ä½™èµ„é‡‘:0, çŠ¶æ€:OUT
[Player6]@SB     æ‰‹ç‰Œ:[â™¦7 â™£8]   å·²ä¸‹æ³¨:14, å‰©ä½™èµ„é‡‘:185, çŠ¶æ€:PLAYING

--> You are Player6, please choose (enter number): 
[1] Bet --> [2, 185]
[2] Check
[3] Fold
[4] AllIn --> 185

--> [Player6]'s action: {CALL 0}
[2023-08-06 19:13:43] [31mDEBUG[0m - [Player1]: winRate: 0.65760833


--> [Player1]'s action: {ALL_IN 85}
---------------------------------------------------------------# æè¿°: cycle1_match5 | å°ç›²æ³¨: 1
# é˜¶æ®µ: FLOP, åº•æ± : 113, å½“å‰é‡‘é¢: 99, å‰ä¸€æ¬¡åŠ æ³¨é‡‘é¢: 85
# å…¬å…±ç‰Œ: [â™ 5 â™£J â™£3 ** **]
[Player1]@BB     æ‰‹ç‰Œ:[** **]   å·²ä¸‹æ³¨:99, å‰©ä½™èµ„é‡‘:0, çŠ¶æ€:ALLIN
[Player2]        æ‰‹ç‰Œ:[** **]   å·²ä¸‹æ³¨:0, å‰©ä½™èµ„é‡‘:94, çŠ¶æ€:OUT
[Player3]        æ‰‹ç‰Œ:[** **]   å·²ä¸‹æ³¨:0, å‰©ä½™èµ„é‡‘:97, çŠ¶æ€:OUT
[Player4]        æ‰‹ç‰Œ:[** **]   å·²ä¸‹æ³¨:0, å‰©ä½™èµ„é‡‘:111, çŠ¶æ€:OUT
[Player5]        æ‰‹ç‰Œ:[]        å·²ä¸‹æ³¨:0, å‰©ä½™èµ„é‡‘:0, çŠ¶æ€:OUT
[Player6]@SB     æ‰‹ç‰Œ:[â™¦7 â™£8]   å·²ä¸‹æ³¨:14, å‰©ä½™èµ„é‡‘:185, çŠ¶æ€:PLAYING

--> You are Player6, please choose (enter number): 
[1] Bet --> [170, 185]
[2] Call --> 85
[3] Fold
[4] AllIn --> 185

--> [Player6]'s action: {CALL 85}
---------------------------------------------------------------# æè¿°: cycle1_match5 | å°ç›²æ³¨: 1
# é˜¶æ®µ: SHOWDOWN, åº•æ± : 198, å½“å‰é‡‘é¢: 99, å‰ä¸€æ¬¡åŠ æ³¨é‡‘é¢: 0
# å…¬å…±ç‰Œ: [â™ 5 â™£J â™£3 â™£9 â™¦4]
[Player1]@BB     æ‰‹ç‰Œ:[â™£K â™£10]  å·²ä¸‹æ³¨:99, å‰©ä½™èµ„é‡‘:0, çŠ¶æ€:ALLIN
[Player2]        æ‰‹ç‰Œ:[** **]   å·²ä¸‹æ³¨:0, å‰©ä½™èµ„é‡‘:94, çŠ¶æ€:OUT
[Player3]        æ‰‹ç‰Œ:[** **]   å·²ä¸‹æ³¨:0, å‰©ä½™èµ„é‡‘:97, çŠ¶æ€:OUT
[Player4]        æ‰‹ç‰Œ:[** **]   å·²ä¸‹æ³¨:0, å‰©ä½™èµ„é‡‘:111, çŠ¶æ€:OUT
[Player5]        æ‰‹ç‰Œ:[]        å·²ä¸‹æ³¨:0, å‰©ä½™èµ„é‡‘:0, çŠ¶æ€:OUT
[Player6]@SB     æ‰‹ç‰Œ:[â™¦7 â™£8]   å·²ä¸‹æ³¨:99, å‰©ä½™èµ„é‡‘:100, çŠ¶æ€:PLAYING
---------------------------------------------------------------# æè¿°: cycle1_match5 | å°ç›²æ³¨: 1
# é˜¶æ®µ: FINISH, åº•æ± : 0, å½“å‰é‡‘é¢: 99, å‰ä¸€æ¬¡åŠ æ³¨é‡‘é¢: 0
# å…¬å…±ç‰Œ: [â™ 5 â™£J â™£3 â™£9 â™¦4]
[Player1]@BB     æ‰‹ç‰Œ:[â™£K â™£10]  å·²ä¸‹æ³¨:0, å‰©ä½™èµ„é‡‘:198, çŠ¶æ€:PLAYING
[Player2]@UTG    æ‰‹ç‰Œ:[** **]   å·²ä¸‹æ³¨:0, å‰©ä½™èµ„é‡‘:94, çŠ¶æ€:PLAYING
[Player3]        æ‰‹ç‰Œ:[** **]   å·²ä¸‹æ³¨:0, å‰©ä½™èµ„é‡‘:97, çŠ¶æ€:PLAYING
[Player4]@BTN    æ‰‹ç‰Œ:[** **]   å·²ä¸‹æ³¨:0, å‰©ä½™èµ„é‡‘:111, çŠ¶æ€:PLAYING
[Player5]        æ‰‹ç‰Œ:[]        å·²ä¸‹æ³¨:0, å‰©ä½™èµ„é‡‘:0, çŠ¶æ€:OUT
[Player6]@SB     æ‰‹ç‰Œ:[â™¦7 â™£8]   å·²ä¸‹æ³¨:0, å‰©ä½™èµ„é‡‘:100, çŠ¶æ€:PLAYING
Winner is: Player1
Score: {Flush [â™£K â™£J â™£10 â™£9 â™£3] 5899731} 
Match finish. Press enter to begin next match.---------------------------------------------------------------# æè¿°: cycle2_match1 | å°ç›²æ³¨: 2
# é˜¶æ®µ: PREFLOP, åº•æ± : 6, å½“å‰é‡‘é¢: 4, å‰ä¸€æ¬¡åŠ æ³¨é‡‘é¢: 0
# å…¬å…±ç‰Œ: [** ** ** ** **]
[Player1]@SB     æ‰‹ç‰Œ:[** **]   å·²ä¸‹æ³¨:2, å‰©ä½™èµ„é‡‘:196, çŠ¶æ€:PLAYING
[Player2]@BB     æ‰‹ç‰Œ:[** **]   å·²ä¸‹æ³¨:4, å‰©ä½™èµ„é‡‘:90, çŠ¶æ€:PLAYING
[Player3]@UTG    æ‰‹ç‰Œ:[** **]   å·²ä¸‹æ³¨:0, å‰©ä½™èµ„é‡‘:97, çŠ¶æ€:PLAYING
[Player4]        æ‰‹ç‰Œ:[** **]   å·²ä¸‹æ³¨:0, å‰©ä½™èµ„é‡‘:111, çŠ¶æ€:PLAYING
[Player5]        æ‰‹ç‰Œ:[]        å·²ä¸‹æ³¨:0, å‰©ä½™èµ„é‡‘:0, çŠ¶æ€:OUT
[Player6]@BTN    æ‰‹ç‰Œ:[** **]   å·²ä¸‹æ³¨:0, å‰©ä½™èµ„é‡‘:100, çŠ¶æ€:PLAYING
[2023-08-06 19:13:57] [31mDEBUG[0m - [Player3]: winRate: 0.13284534


--> [Player3]'s action: {FOLD 0}
[2023-08-06 19:13:58] [31mDEBUG[0m - [Player4]: winRate: 0.18045


--> [Player4]'s action: {FOLD 0}
---------------------------------------------------------------# æè¿°: cycle2_match1 | å°ç›²æ³¨: 2
# é˜¶æ®µ: PREFLOP, åº•æ± : 6, å½“å‰é‡‘é¢: 4, å‰ä¸€æ¬¡åŠ æ³¨é‡‘é¢: 0
# å…¬å…±ç‰Œ: [** ** ** ** **]
[Player1]@SB     æ‰‹ç‰Œ:[** **]   å·²ä¸‹æ³¨:2, å‰©ä½™èµ„é‡‘:196, çŠ¶æ€:PLAYING
[Player2]@BB     æ‰‹ç‰Œ:[** **]   å·²ä¸‹æ³¨:4, å‰©ä½™èµ„é‡‘:90, çŠ¶æ€:PLAYING
[Player3]        æ‰‹ç‰Œ:[** **]   å·²ä¸‹æ³¨:0, å‰©ä½™èµ„é‡‘:97, çŠ¶æ€:OUT
[Player4]        æ‰‹ç‰Œ:[** **]   å·²ä¸‹æ³¨:0, å‰©ä½™èµ„é‡‘:111, çŠ¶æ€:OUT
[Player5]        æ‰‹ç‰Œ:[]        å·²ä¸‹æ³¨:0, å‰©ä½™èµ„é‡‘:0, çŠ¶æ€:OUT
[Player6]@BTN    æ‰‹ç‰Œ:[â™¥2 â™¥3]   å·²ä¸‹æ³¨:0, å‰©ä½™èµ„é‡‘:100, çŠ¶æ€:PLAYING

--> You are Player6, please choose (enter number): 
[1] Bet --> [8, 100]
[2] Call --> 4
[3] Fold
[4] AllIn --> 100

--> [Player6]'s action: {CALL 4}
[2023-08-06 19:14:01] [31mDEBUG[0m - [Player1]: winRate: 0.38249335


--> [Player1]'s action: {FOLD 0}
[2023-08-06 19:14:02] [31mDEBUG[0m - [Player2]: winRate: 0.47156


--> [Player2]'s action: {BET 14}
---------------------------------------------------------------# æè¿°: cycle2_match1 | å°ç›²æ³¨: 2
# é˜¶æ®µ: PREFLOP, åº•æ± : 24, å½“å‰é‡‘é¢: 18, å‰ä¸€æ¬¡åŠ æ³¨é‡‘é¢: 14
# å…¬å…±ç‰Œ: [** ** ** ** **]
[Player1]@SB     æ‰‹ç‰Œ:[** **]   å·²ä¸‹æ³¨:2, å‰©ä½™èµ„é‡‘:196, çŠ¶æ€:OUT
[Player2]@BB     æ‰‹ç‰Œ:[** **]   å·²ä¸‹æ³¨:18, å‰©ä½™èµ„é‡‘:76, çŠ¶æ€:PLAYING
[Player3]        æ‰‹ç‰Œ:[** **]   å·²ä¸‹æ³¨:0, å‰©ä½™èµ„é‡‘:97, çŠ¶æ€:OUT
[Player4]        æ‰‹ç‰Œ:[** **]   å·²ä¸‹æ³¨:0, å‰©ä½™èµ„é‡‘:111, çŠ¶æ€:OUT
[Player5]        æ‰‹ç‰Œ:[]        å·²ä¸‹æ³¨:0, å‰©ä½™èµ„é‡‘:0, çŠ¶æ€:OUT
[Player6]        æ‰‹ç‰Œ:[â™¥2 â™¥3]   å·²ä¸‹æ³¨:4, å‰©ä½™èµ„é‡‘:96, çŠ¶æ€:PLAYING

--> You are Player6, please choose (enter number): 
[1] Bet --> [28, 96]
[2] Call --> 14
[3] Fold
[4] AllIn --> 96

--> [Player6]'s action: {CALL 14}
---------------------------------------------------------------# æè¿°: cycle2_match1 | å°ç›²æ³¨: 2
# é˜¶æ®µ: FLOP, åº•æ± : 38, å½“å‰é‡‘é¢: 18, å‰ä¸€æ¬¡åŠ æ³¨é‡‘é¢: 0
# å…¬å…±ç‰Œ: [â™¥7 â™¥J â™ 2 ** **]
[Player1]@SB     æ‰‹ç‰Œ:[** **]   å·²ä¸‹æ³¨:2, å‰©ä½™èµ„é‡‘:196, çŠ¶æ€:OUT
[Player2]@BB     æ‰‹ç‰Œ:[** **]   å·²ä¸‹æ³¨:18, å‰©ä½™èµ„é‡‘:76, çŠ¶æ€:PLAYING
[Player3]        æ‰‹ç‰Œ:[** **]   å·²ä¸‹æ³¨:0, å‰©ä½™èµ„é‡‘:97, çŠ¶æ€:OUT
[Player4]        æ‰‹ç‰Œ:[** **]   å·²ä¸‹æ³¨:0, å‰©ä½™èµ„é‡‘:111, çŠ¶æ€:OUT
[Player5]        æ‰‹ç‰Œ:[]        å·²ä¸‹æ³¨:0, å‰©ä½™èµ„é‡‘:0, çŠ¶æ€:OUT
[Player6]        æ‰‹ç‰Œ:[** **]   å·²ä¸‹æ³¨:18, å‰©ä½™èµ„é‡‘:82, çŠ¶æ€:PLAYING
[2023-08-06 19:14:06] [31mDEBUG[0m - [Player2]: winRate: 0.59715


--> [Player2]'s action: {ALL_IN 76}
---------------------------------------------------------------# æè¿°: cycle2_match1 | å°ç›²æ³¨: 2
# é˜¶æ®µ: FLOP, åº•æ± : 114, å½“å‰é‡‘é¢: 94, å‰ä¸€æ¬¡åŠ æ³¨é‡‘é¢: 76
# å…¬å…±ç‰Œ: [â™¥7 â™¥J â™ 2 ** **]
[Player1]@SB     æ‰‹ç‰Œ:[** **]   å·²ä¸‹æ³¨:2, å‰©ä½™èµ„é‡‘:196, çŠ¶æ€:OUT
[Player2]@BB     æ‰‹ç‰Œ:[** **]   å·²ä¸‹æ³¨:94, å‰©ä½™èµ„é‡‘:0, çŠ¶æ€:ALLIN
[Player3]        æ‰‹ç‰Œ:[** **]   å·²ä¸‹æ³¨:0, å‰©ä½™èµ„é‡‘:97, çŠ¶æ€:OUT
[Player4]        æ‰‹ç‰Œ:[** **]   å·²ä¸‹æ³¨:0, å‰©ä½™èµ„é‡‘:111, çŠ¶æ€:OUT
[Player5]        æ‰‹ç‰Œ:[]        å·²ä¸‹æ³¨:0, å‰©ä½™èµ„é‡‘:0, çŠ¶æ€:OUT
[Player6]        æ‰‹ç‰Œ:[â™¥2 â™¥3]   å·²ä¸‹æ³¨:18, å‰©ä½™èµ„é‡‘:82, çŠ¶æ€:PLAYING

--> You are Player6, please choose (enter number): 
[!] Bet  <insufficient bankroll>
[2] Call --> 76
[3] Fold
[4] AllIn --> 82

--> [Player6]'s action: {ALL_IN 82}
---------------------------------------------------------------# æè¿°: cycle2_match1 | å°ç›²æ³¨: 2
# é˜¶æ®µ: SHOWDOWN, åº•æ± : 196, å½“å‰é‡‘é¢: 100, å‰ä¸€æ¬¡åŠ æ³¨é‡‘é¢: 0
# å…¬å…±ç‰Œ: [â™¥7 â™¥J â™ 2 â™¦5 â™ J]
[Player1]@SB     æ‰‹ç‰Œ:[** **]   å·²ä¸‹æ³¨:2, å‰©ä½™èµ„é‡‘:196, çŠ¶æ€:OUT
[Player2]@BB     æ‰‹ç‰Œ:[â™¥Q â™£2]   å·²ä¸‹æ³¨:94, å‰©ä½™èµ„é‡‘:0, çŠ¶æ€:ALLIN
[Player3]        æ‰‹ç‰Œ:[** **]   å·²ä¸‹æ³¨:0, å‰©ä½™èµ„é‡‘:97, çŠ¶æ€:OUT
[Player4]        æ‰‹ç‰Œ:[** **]   å·²ä¸‹æ³¨:0, å‰©ä½™èµ„é‡‘:111, çŠ¶æ€:OUT
[Player5]        æ‰‹ç‰Œ:[]        å·²ä¸‹æ³¨:0, å‰©ä½™èµ„é‡‘:0, çŠ¶æ€:OUT
[Player6]        æ‰‹ç‰Œ:[â™¥2 â™¥3]   å·²ä¸‹æ³¨:100, å‰©ä½™èµ„é‡‘:0, çŠ¶æ€:ALLIN
---------------------------------------------------------------# æè¿°: cycle2_match1 | å°ç›²æ³¨: 2
# é˜¶æ®µ: FINISH, åº•æ± : 0, å½“å‰é‡‘é¢: 6, å‰ä¸€æ¬¡åŠ æ³¨é‡‘é¢: 0
# å…¬å…±ç‰Œ: [â™¥7 â™¥J â™ 2 â™¦5 â™ J]
[Player1]@SB     æ‰‹ç‰Œ:[** **]   å·²ä¸‹æ³¨:0, å‰©ä½™èµ„é‡‘:196, çŠ¶æ€:PLAYING
[Player2]@BB     æ‰‹ç‰Œ:[â™¥Q â™£2]   å·²ä¸‹æ³¨:0, å‰©ä½™èµ„é‡‘:190, çŠ¶æ€:PLAYING
[Player3]@UTG    æ‰‹ç‰Œ:[** **]   å·²ä¸‹æ³¨:0, å‰©ä½™èµ„é‡‘:97, çŠ¶æ€:PLAYING
[Player4]        æ‰‹ç‰Œ:[** **]   å·²ä¸‹æ³¨:0, å‰©ä½™èµ„é‡‘:111, çŠ¶æ€:PLAYING
[Player5]        æ‰‹ç‰Œ:[]        å·²ä¸‹æ³¨:0, å‰©ä½™èµ„é‡‘:0, çŠ¶æ€:OUT
[Player6]@BTN    æ‰‹ç‰Œ:[â™¥2 â™¥3]   å·²ä¸‹æ³¨:0, å‰©ä½™èµ„é‡‘:6, çŠ¶æ€:PLAYING
Winner is: Player2
Score: {Two pair [â™¥J â™ J â™ 2 â™£2 â™¥Q] 2766508} 
Match finish. Press enter to begin next match.---------------------------------------------------------------# æè¿°: cycle2_match2 | å°ç›²æ³¨: 2
# é˜¶æ®µ: PREFLOP, åº•æ± : 6, å½“å‰é‡‘é¢: 4, å‰ä¸€æ¬¡åŠ æ³¨é‡‘é¢: 0
# å…¬å…±ç‰Œ: [** ** ** ** **]
[Player1]@BTN    æ‰‹ç‰Œ:[** **]   å·²ä¸‹æ³¨:0, å‰©ä½™èµ„é‡‘:196, çŠ¶æ€:PLAYING
[Player2]@SB     æ‰‹ç‰Œ:[** **]   å·²ä¸‹æ³¨:2, å‰©ä½™èµ„é‡‘:188, çŠ¶æ€:PLAYING
[Player3]@BB     æ‰‹ç‰Œ:[** **]   å·²ä¸‹æ³¨:4, å‰©ä½™èµ„é‡‘:93, çŠ¶æ€:PLAYING
[Player4]@UTG    æ‰‹ç‰Œ:[** **]   å·²ä¸‹æ³¨:0, å‰©ä½™èµ„é‡‘:111, çŠ¶æ€:PLAYING
[Player5]        æ‰‹ç‰Œ:[]        å·²ä¸‹æ³¨:0, å‰©ä½™èµ„é‡‘:0, çŠ¶æ€:OUT
[Player6]        æ‰‹ç‰Œ:[** **]   å·²ä¸‹æ³¨:0, å‰©ä½™èµ„é‡‘:6, çŠ¶æ€:PLAYING
[2023-08-06 19:14:17] [31mDEBUG[0m - [Player4]: winRate: 0.399198


--> [Player4]'s action: {FOLD 0}
---------------------------------------------------------------# æè¿°: cycle2_match2 | å°ç›²æ³¨: 2
# é˜¶æ®µ: PREFLOP, åº•æ± : 6, å½“å‰é‡‘é¢: 4, å‰ä¸€æ¬¡åŠ æ³¨é‡‘é¢: 0
# å…¬å…±ç‰Œ: [** ** ** ** **]
[Player1]@BTN    æ‰‹ç‰Œ:[** **]   å·²ä¸‹æ³¨:0, å‰©ä½™èµ„é‡‘:196, çŠ¶æ€:PLAYING
[Player2]@SB     æ‰‹ç‰Œ:[** **]   å·²ä¸‹æ³¨:2, å‰©ä½™èµ„é‡‘:188, çŠ¶æ€:PLAYING
[Player3]@BB     æ‰‹ç‰Œ:[** **]   å·²ä¸‹æ³¨:4, å‰©ä½™èµ„é‡‘:93, çŠ¶æ€:PLAYING
[Player4]@UTG    æ‰‹ç‰Œ:[** **]   å·²ä¸‹æ³¨:0, å‰©ä½™èµ„é‡‘:111, çŠ¶æ€:OUT
[Player5]        æ‰‹ç‰Œ:[]        å·²ä¸‹æ³¨:0, å‰©ä½™èµ„é‡‘:0, çŠ¶æ€:OUT
[Player6]        æ‰‹ç‰Œ:[â™ 9 â™ 8]   å·²ä¸‹æ³¨:0, å‰©ä½™èµ„é‡‘:6, çŠ¶æ€:PLAYING

--> You are Player6, please choose (enter number): 
[!] Bet  <insufficient bankroll>
[2] Call --> 4
[3] Fold
[4] AllIn --> 6
!! invalid action input !!
--> You are Player6, please choose (enter number): 
[!] Bet  <insufficient bankroll>
[2] Call --> 4
[3] Fold
[4] AllIn --> 6
!! invalid action input !!
--> You are Player6, please choose (enter number): 
[!] Bet  <insufficient bankroll>
[2] Call --> 4
[3] Fold
[4] AllIn --> 6

--> [Player6]'s action: {ALL_IN 6}
[2023-08-06 19:14:24] [31mDEBUG[0m - [Player1]: winRate: 0.20460416


--> [Player1]'s action: {FOLD 0}
[2023-08-06 19:14:24] [31mDEBUG[0m - [Player2]: winRate: 0.35032445


--> [Player2]'s action: {FOLD 0}
[2023-08-06 19:14:24] [31mDEBUG[0m - [Player3]: winRate: 0.500055


--> [Player3]'s action: {FOLD 0}
---------------------------------------------------------------# æè¿°: cycle2_match2 | å°ç›²æ³¨: 2
# é˜¶æ®µ: FINISH, åº•æ± : 0, å½“å‰é‡‘é¢: 6, å‰ä¸€æ¬¡åŠ æ³¨é‡‘é¢: 6
# å…¬å…±ç‰Œ: [** ** ** ** **]
[Player1]        æ‰‹ç‰Œ:[** **]   å·²ä¸‹æ³¨:0, å‰©ä½™èµ„é‡‘:196, çŠ¶æ€:OUT
[Player2]@SB     æ‰‹ç‰Œ:[** **]   å·²ä¸‹æ³¨:0, å‰©ä½™èµ„é‡‘:188, çŠ¶æ€:OUT
[Player3]        æ‰‹ç‰Œ:[** **]   å·²ä¸‹æ³¨:0, å‰©ä½™èµ„é‡‘:93, çŠ¶æ€:OUT
[Player4]        æ‰‹ç‰Œ:[** **]   å·²ä¸‹æ³¨:0, å‰©ä½™èµ„é‡‘:111, çŠ¶æ€:OUT
[Player5]        æ‰‹ç‰Œ:[]        å·²ä¸‹æ³¨:0, å‰©ä½™èµ„é‡‘:0, çŠ¶æ€:OUT
[Player6]        æ‰‹ç‰Œ:[** **]   å·²ä¸‹æ³¨:0, å‰©ä½™èµ„é‡‘:12, çŠ¶æ€:ALLIN
Winner is: Player6
Score: No score, all others folded.
Match finish. Press enter to begin next match.---------------------------------------------------------------# æè¿°: cycle2_match3 | å°ç›²æ³¨: 2
# é˜¶æ®µ: PREFLOP, åº•æ± : 6, å½“å‰é‡‘é¢: 4, å‰ä¸€æ¬¡åŠ æ³¨é‡‘é¢: 0
# å…¬å…±ç‰Œ: [** ** ** ** **]
[Player1]        æ‰‹ç‰Œ:[** **]   å·²ä¸‹æ³¨:0, å‰©ä½™èµ„é‡‘:196, çŠ¶æ€:PLAYING
[Player2]@BTN    æ‰‹ç‰Œ:[** **]   å·²ä¸‹æ³¨:0, å‰©ä½™èµ„é‡‘:188, çŠ¶æ€:PLAYING
[Player3]@SB     æ‰‹ç‰Œ:[** **]   å·²ä¸‹æ³¨:2, å‰©ä½™èµ„é‡‘:91, çŠ¶æ€:PLAYING
[Player4]@BB     æ‰‹ç‰Œ:[** **]   å·²ä¸‹æ³¨:4, å‰©ä½™èµ„é‡‘:107, çŠ¶æ€:PLAYING
[Player5]        æ‰‹ç‰Œ:[]        å·²ä¸‹æ³¨:0, å‰©ä½™èµ„é‡‘:0, çŠ¶æ€:OUT
[Player6]@UTG    æ‰‹ç‰Œ:[** **]   å·²ä¸‹æ³¨:0, å‰©ä½™èµ„é‡‘:12, çŠ¶æ€:PLAYING
---------------------------------------------------------------# æè¿°: cycle2_match3 | å°ç›²æ³¨: 2
# é˜¶æ®µ: PREFLOP, åº•æ± : 6, å½“å‰é‡‘é¢: 4, å‰ä¸€æ¬¡åŠ æ³¨é‡‘é¢: 0
# å…¬å…±ç‰Œ: [** ** ** ** **]
[Player1]        æ‰‹ç‰Œ:[** **]   å·²ä¸‹æ³¨:0, å‰©ä½™èµ„é‡‘:196, çŠ¶æ€:PLAYING
[Player2]@BTN    æ‰‹ç‰Œ:[** **]   å·²ä¸‹æ³¨:0, å‰©ä½™èµ„é‡‘:188, çŠ¶æ€:PLAYING
[Player3]@SB     æ‰‹ç‰Œ:[** **]   å·²ä¸‹æ³¨:2, å‰©ä½™èµ„é‡‘:91, çŠ¶æ€:PLAYING
[Player4]@BB     æ‰‹ç‰Œ:[** **]   å·²ä¸‹æ³¨:4, å‰©ä½™èµ„é‡‘:107, çŠ¶æ€:PLAYING
[Player5]        æ‰‹ç‰Œ:[]        å·²ä¸‹æ³¨:0, å‰©ä½™èµ„é‡‘:0, çŠ¶æ€:OUT
[Player6]@UTG    æ‰‹ç‰Œ:[â™£9 â™ 8]   å·²ä¸‹æ³¨:0, å‰©ä½™èµ„é‡‘:12, çŠ¶æ€:PLAYING

--> You are Player6, please choose (enter number): 
[1] Bet --> [8, 12]
[2] Call --> 4
[3] Fold
[4] AllIn --> 12

--> [Player6]'s action: {ALL_IN 12}
[2023-08-06 19:14:31] [31mDEBUG[0m - [Player1]: winRate: 0.18352267


--> [Player1]'s action: {FOLD 0}
[2023-08-06 19:14:32] [31mDEBUG[0m - [Player2]: winRate: 0.195535


--> [Player2]'s action: {FOLD 0}
[2023-08-06 19:14:32] [31mDEBUG[0m - [Player3]: winRate: 0.2603278


--> [Player3]'s action: {FOLD 0}
[2023-08-06 19:14:32] [31mDEBUG[0m - [Player4]: winRate: 0.43832666


--> [Player4]'s action: {FOLD 0}
---------------------------------------------------------------# æè¿°: cycle2_match3 | å°ç›²æ³¨: 2
# é˜¶æ®µ: FINISH, åº•æ± : 0, å½“å‰é‡‘é¢: 12, å‰ä¸€æ¬¡åŠ æ³¨é‡‘é¢: 12
# å…¬å…±ç‰Œ: [** ** ** ** **]
[Player1]        æ‰‹ç‰Œ:[** **]   å·²ä¸‹æ³¨:0, å‰©ä½™èµ„é‡‘:196, çŠ¶æ€:OUT
[Player2]        æ‰‹ç‰Œ:[** **]   å·²ä¸‹æ³¨:0, å‰©ä½™èµ„é‡‘:188, çŠ¶æ€:OUT
[Player3]@SB     æ‰‹ç‰Œ:[** **]   å·²ä¸‹æ³¨:0, å‰©ä½™èµ„é‡‘:91, çŠ¶æ€:OUT
[Player4]        æ‰‹ç‰Œ:[** **]   å·²ä¸‹æ³¨:0, å‰©ä½™èµ„é‡‘:107, çŠ¶æ€:OUT
[Player5]        æ‰‹ç‰Œ:[]        å·²ä¸‹æ³¨:0, å‰©ä½™èµ„é‡‘:0, çŠ¶æ€:OUT
[Player6]        æ‰‹ç‰Œ:[** **]   å·²ä¸‹æ³¨:0, å‰©ä½™èµ„é‡‘:18, çŠ¶æ€:ALLIN
Winner is: Player6
Score: No score, all others folded.
Match finish. Press enter to begin next match.---------------------------------------------------------------# æè¿°: cycle2_match4 | å°ç›²æ³¨: 2
# é˜¶æ®µ: PREFLOP, åº•æ± : 6, å½“å‰é‡‘é¢: 4, å‰ä¸€æ¬¡åŠ æ³¨é‡‘é¢: 0
# å…¬å…±ç‰Œ: [** ** ** ** **]
[Player1]@UTG    æ‰‹ç‰Œ:[** **]   å·²ä¸‹æ³¨:0, å‰©ä½™èµ„é‡‘:196, çŠ¶æ€:PLAYING
[Player2]        æ‰‹ç‰Œ:[** **]   å·²ä¸‹æ³¨:0, å‰©ä½™èµ„é‡‘:188, çŠ¶æ€:PLAYING
[Player3]@BTN    æ‰‹ç‰Œ:[** **]   å·²ä¸‹æ³¨:0, å‰©ä½™èµ„é‡‘:91, çŠ¶æ€:PLAYING
[Player4]@SB     æ‰‹ç‰Œ:[** **]   å·²ä¸‹æ³¨:2, å‰©ä½™èµ„é‡‘:105, çŠ¶æ€:PLAYING
[Player5]        æ‰‹ç‰Œ:[]        å·²ä¸‹æ³¨:0, å‰©ä½™èµ„é‡‘:0, çŠ¶æ€:OUT
[Player6]@BB     æ‰‹ç‰Œ:[** **]   å·²ä¸‹æ³¨:4, å‰©ä½™èµ„é‡‘:14, çŠ¶æ€:PLAYING
[2023-08-06 19:14:34] [31mDEBUG[0m - [Player1]: winRate: 0.26503468


--> [Player1]'s action: {FOLD 0}
[2023-08-06 19:14:34] [31mDEBUG[0m - [Player2]: winRate: 0.30497


--> [Player2]'s action: {FOLD 0}
[2023-08-06 19:14:35] [31mDEBUG[0m - [Player3]: winRate: 0.26078445


--> [Player3]'s action: {FOLD 0}
[2023-08-06 19:14:35] [31mDEBUG[0m - [Player4]: winRate: 0.546775


--> [Player4]'s action: {FOLD 0}
---------------------------------------------------------------# æè¿°: cycle2_match4 | å°ç›²æ³¨: 2
# é˜¶æ®µ: FINISH, åº•æ± : 0, å½“å‰é‡‘é¢: 4, å‰ä¸€æ¬¡åŠ æ³¨é‡‘é¢: 0
# å…¬å…±ç‰Œ: [** ** ** ** **]
[Player1]        æ‰‹ç‰Œ:[** **]   å·²ä¸‹æ³¨:0, å‰©ä½™èµ„é‡‘:196, çŠ¶æ€:OUT
[Player2]        æ‰‹ç‰Œ:[** **]   å·²ä¸‹æ³¨:0, å‰©ä½™èµ„é‡‘:188, çŠ¶æ€:OUT
[Player3]        æ‰‹ç‰Œ:[** **]   å·²ä¸‹æ³¨:0, å‰©ä½™èµ„é‡‘:91, çŠ¶æ€:OUT
[Player4]@SB     æ‰‹ç‰Œ:[** **]   å·²ä¸‹æ³¨:0, å‰©ä½™èµ„é‡‘:105, çŠ¶æ€:OUT
[Player5]        æ‰‹ç‰Œ:[]        å·²ä¸‹æ³¨:0, å‰©ä½™èµ„é‡‘:0, çŠ¶æ€:OUT
[Player6]        æ‰‹ç‰Œ:[** **]   å·²ä¸‹æ³¨:0, å‰©ä½™èµ„é‡‘:20, çŠ¶æ€:PLAYING
Winner is: Player6
Score: No score, all others folded.
Match finish. Press enter to begin next match.---------------------------------------------------------------# æè¿°: cycle2_match5 | å°ç›²æ³¨: 2
# é˜¶æ®µ: PREFLOP, åº•æ± : 6, å½“å‰é‡‘é¢: 4, å‰ä¸€æ¬¡åŠ æ³¨é‡‘é¢: 0
# å…¬å…±ç‰Œ: [** ** ** ** **]
[Player1]@BB     æ‰‹ç‰Œ:[** **]   å·²ä¸‹æ³¨:4, å‰©ä½™èµ„é‡‘:192, çŠ¶æ€:PLAYING
[Player2]@UTG    æ‰‹ç‰Œ:[** **]   å·²ä¸‹æ³¨:0, å‰©ä½™èµ„é‡‘:188, çŠ¶æ€:PLAYING
[Player3]        æ‰‹ç‰Œ:[** **]   å·²ä¸‹æ³¨:0, å‰©ä½™èµ„é‡‘:91, çŠ¶æ€:PLAYING
[Player4]@BTN    æ‰‹ç‰Œ:[** **]   å·²ä¸‹æ³¨:0, å‰©ä½™èµ„é‡‘:105, çŠ¶æ€:PLAYING
[Player5]        æ‰‹ç‰Œ:[]        å·²ä¸‹æ³¨:0, å‰©ä½™èµ„é‡‘:0, çŠ¶æ€:OUT
[Player6]@SB     æ‰‹ç‰Œ:[** **]   å·²ä¸‹æ³¨:2, å‰©ä½™èµ„é‡‘:18, çŠ¶æ€:PLAYING
[2023-08-06 19:15:53] [31mDEBUG[0m - [Player2]: winRate: 0.26149


--> [Player2]'s action: {FOLD 0}
[2023-08-06 19:15:53] [31mDEBUG[0m - [Player3]: winRate: 0.32573166


--> [Player3]'s action: {FOLD 0}
[2023-08-06 19:15:53] [31mDEBUG[0m - [Player4]: winRate: 0.28191778


--> [Player4]'s action: {FOLD 0}
---------------------------------------------------------------# æè¿°: cycle2_match5 | å°ç›²æ³¨: 2
# é˜¶æ®µ: PREFLOP, åº•æ± : 6, å½“å‰é‡‘é¢: 4, å‰ä¸€æ¬¡åŠ æ³¨é‡‘é¢: 0
# å…¬å…±ç‰Œ: [** ** ** ** **]
[Player1]@BB     æ‰‹ç‰Œ:[** **]   å·²ä¸‹æ³¨:4, å‰©ä½™èµ„é‡‘:192, çŠ¶æ€:PLAYING
[Player2]        æ‰‹ç‰Œ:[** **]   å·²ä¸‹æ³¨:0, å‰©ä½™èµ„é‡‘:188, çŠ¶æ€:OUT
[Player3]        æ‰‹ç‰Œ:[** **]   å·²ä¸‹æ³¨:0, å‰©ä½™èµ„é‡‘:91, çŠ¶æ€:OUT
[Player4]        æ‰‹ç‰Œ:[** **]   å·²ä¸‹æ³¨:0, å‰©ä½™èµ„é‡‘:105, çŠ¶æ€:OUT
[Player5]        æ‰‹ç‰Œ:[]        å·²ä¸‹æ³¨:0, å‰©ä½™èµ„é‡‘:0, çŠ¶æ€:OUT
[Player6]@SB     æ‰‹ç‰Œ:[â™ 5 â™¦4]   å·²ä¸‹æ³¨:2, å‰©ä½™èµ„é‡‘:18, çŠ¶æ€:PLAYING

--> You are Player6, please choose (enter number): 
[1] Bet --> [6, 18]
[2] Call --> 2
[3] Fold
[4] AllIn --> 18

--> [Player6]'s action: {ALL_IN 18}
[2023-08-06 19:15:56] [31mDEBUG[0m - [Player1]: winRate: 0.6010733


--> [Player1]'s action: {FOLD 0}
---------------------------------------------------------------# æè¿°: cycle2_match5 | å°ç›²æ³¨: 2
# é˜¶æ®µ: FINISH, åº•æ± : 0, å½“å‰é‡‘é¢: 20, å‰ä¸€æ¬¡åŠ æ³¨é‡‘é¢: 18
# å…¬å…±ç‰Œ: [** ** ** ** **]
[Player1]        æ‰‹ç‰Œ:[** **]   å·²ä¸‹æ³¨:0, å‰©ä½™èµ„é‡‘:192, çŠ¶æ€:OUT
[Player2]        æ‰‹ç‰Œ:[** **]   å·²ä¸‹æ³¨:0, å‰©ä½™èµ„é‡‘:188, çŠ¶æ€:OUT
[Player3]        æ‰‹ç‰Œ:[** **]   å·²ä¸‹æ³¨:0, å‰©ä½™èµ„é‡‘:91, çŠ¶æ€:OUT
[Player4]        æ‰‹ç‰Œ:[** **]   å·²ä¸‹æ³¨:0, å‰©ä½™èµ„é‡‘:105, çŠ¶æ€:OUT
[Player5]        æ‰‹ç‰Œ:[]        å·²ä¸‹æ³¨:0, å‰©ä½™èµ„é‡‘:0, çŠ¶æ€:OUT
[Player6]@SB     æ‰‹ç‰Œ:[** **]   å·²ä¸‹æ³¨:0, å‰©ä½™èµ„é‡‘:24, çŠ¶æ€:ALLIN
Winner is: Player6
Score: No score, all others folded.
Match finish. Press enter to begin next match.---------------------------------------------------------------# æè¿°: cycle3_match1 | å°ç›²æ³¨: 3
# é˜¶æ®µ: PREFLOP, åº•æ± : 9, å½“å‰é‡‘é¢: 6, å‰ä¸€æ¬¡åŠ æ³¨é‡‘é¢: 0
# å…¬å…±ç‰Œ: [** ** ** ** **]
[Player1]@SB     æ‰‹ç‰Œ:[** **]   å·²ä¸‹æ³¨:3, å‰©ä½™èµ„é‡‘:189, çŠ¶æ€:PLAYING
[Player2]@BB     æ‰‹ç‰Œ:[** **]   å·²ä¸‹æ³¨:6, å‰©ä½™èµ„é‡‘:182, çŠ¶æ€:PLAYING
[Player3]@UTG    æ‰‹ç‰Œ:[** **]   å·²ä¸‹æ³¨:0, å‰©ä½™èµ„é‡‘:91, çŠ¶æ€:PLAYING
[Player4]        æ‰‹ç‰Œ:[** **]   å·²ä¸‹æ³¨:0, å‰©ä½™èµ„é‡‘:105, çŠ¶æ€:PLAYING
[Player5]        æ‰‹ç‰Œ:[]        å·²ä¸‹æ³¨:0, å‰©ä½™èµ„é‡‘:0, çŠ¶æ€:OUT
[Player6]@BTN    æ‰‹ç‰Œ:[** **]   å·²ä¸‹æ³¨:0, å‰©ä½™èµ„é‡‘:24, çŠ¶æ€:PLAYING
[2023-08-06 19:15:59] [31mDEBUG[0m - [Player3]: winRate: 0.15928666


--> [Player3]'s action: {FOLD 0}
[2023-08-06 19:16:00] [31mDEBUG[0m - [Player4]: winRate: 0.34444666


--> [Player4]'s action: {FOLD 0}
---------------------------------------------------------------# æè¿°: cycle3_match1 | å°ç›²æ³¨: 3
# é˜¶æ®µ: PREFLOP, åº•æ± : 9, å½“å‰é‡‘é¢: 6, å‰ä¸€æ¬¡åŠ æ³¨é‡‘é¢: 0
# å…¬å…±ç‰Œ: [** ** ** ** **]
[Player1]@SB     æ‰‹ç‰Œ:[** **]   å·²ä¸‹æ³¨:3, å‰©ä½™èµ„é‡‘:189, çŠ¶æ€:PLAYING
[Player2]@BB     æ‰‹ç‰Œ:[** **]   å·²ä¸‹æ³¨:6, å‰©ä½™èµ„é‡‘:182, çŠ¶æ€:PLAYING
[Player3]        æ‰‹ç‰Œ:[** **]   å·²ä¸‹æ³¨:0, å‰©ä½™èµ„é‡‘:91, çŠ¶æ€:OUT
[Player4]        æ‰‹ç‰Œ:[** **]   å·²ä¸‹æ³¨:0, å‰©ä½™èµ„é‡‘:105, çŠ¶æ€:OUT
[Player5]        æ‰‹ç‰Œ:[]        å·²ä¸‹æ³¨:0, å‰©ä½™èµ„é‡‘:0, çŠ¶æ€:OUT
[Player6]@BTN    æ‰‹ç‰Œ:[â™£Q â™¥7]   å·²ä¸‹æ³¨:0, å‰©ä½™èµ„é‡‘:24, çŠ¶æ€:PLAYING

--> You are Player6, please choose (enter number): 
[1] Bet --> [12, 24]
[2] Call --> 6
[3] Fold
[4] AllIn --> 24

--> [Player6]'s action: {ALL_IN 24}
[2023-08-06 19:16:04] [31mDEBUG[0m - [Player1]: winRate: 0.39789778


--> [Player1]'s action: {FOLD 0}
[2023-08-06 19:16:04] [31mDEBUG[0m - [Player2]: winRate: 0.57556


--> [Player2]'s action: {FOLD 0}
---------------------------------------------------------------# æè¿°: cycle3_match1 | å°ç›²æ³¨: 3
# é˜¶æ®µ: FINISH, åº•æ± : 0, å½“å‰é‡‘é¢: 24, å‰ä¸€æ¬¡åŠ æ³¨é‡‘é¢: 24
# å…¬å…±ç‰Œ: [** ** ** ** **]
[Player1]@SB     æ‰‹ç‰Œ:[** **]   å·²ä¸‹æ³¨:0, å‰©ä½™èµ„é‡‘:189, çŠ¶æ€:OUT
[Player2]        æ‰‹ç‰Œ:[** **]   å·²ä¸‹æ³¨:0, å‰©ä½™èµ„é‡‘:182, çŠ¶æ€:OUT
[Player3]        æ‰‹ç‰Œ:[** **]   å·²ä¸‹æ³¨:0, å‰©ä½™èµ„é‡‘:91, çŠ¶æ€:OUT
[Player4]        æ‰‹ç‰Œ:[** **]   å·²ä¸‹æ³¨:0, å‰©ä½™èµ„é‡‘:105, çŠ¶æ€:OUT
[Player5]        æ‰‹ç‰Œ:[]        å·²ä¸‹æ³¨:0, å‰©ä½™èµ„é‡‘:0, çŠ¶æ€:OUT
[Player6]        æ‰‹ç‰Œ:[** **]   å·²ä¸‹æ³¨:0, å‰©ä½™èµ„é‡‘:33, çŠ¶æ€:ALLIN
Winner is: Player6
Score: No score, all others folded.
Match finish. Press enter to begin next match.---------------------------------------------------------------# æè¿°: cycle3_match2 | å°ç›²æ³¨: 3
# é˜¶æ®µ: PREFLOP, åº•æ± : 9, å½“å‰é‡‘é¢: 6, å‰ä¸€æ¬¡åŠ æ³¨é‡‘é¢: 0
# å…¬å…±ç‰Œ: [** ** ** ** **]
[Player1]@BTN    æ‰‹ç‰Œ:[** **]   å·²ä¸‹æ³¨:0, å‰©ä½™èµ„é‡‘:189, çŠ¶æ€:PLAYING
[Player2]@SB     æ‰‹ç‰Œ:[** **]   å·²ä¸‹æ³¨:3, å‰©ä½™èµ„é‡‘:179, çŠ¶æ€:PLAYING
[Player3]@BB     æ‰‹ç‰Œ:[** **]   å·²ä¸‹æ³¨:6, å‰©ä½™èµ„é‡‘:85, çŠ¶æ€:PLAYING
[Player4]@UTG    æ‰‹ç‰Œ:[** **]   å·²ä¸‹æ³¨:0, å‰©ä½™èµ„é‡‘:105, çŠ¶æ€:PLAYING
[Player5]        æ‰‹ç‰Œ:[]        å·²ä¸‹æ³¨:0, å‰©ä½™èµ„é‡‘:0, çŠ¶æ€:OUT
[Player6]        æ‰‹ç‰Œ:[** **]   å·²ä¸‹æ³¨:0, å‰©ä½™èµ„é‡‘:33, çŠ¶æ€:PLAYING
[2023-08-06 19:16:06] [31mDEBUG[0m - [Player4]: winRate: 0.1408


--> [Player4]'s action: {FOLD 0}
---------------------------------------------------------------# æè¿°: cycle3_match2 | å°ç›²æ³¨: 3
# é˜¶æ®µ: PREFLOP, åº•æ± : 9, å½“å‰é‡‘é¢: 6, å‰ä¸€æ¬¡åŠ æ³¨é‡‘é¢: 0
# å…¬å…±ç‰Œ: [** ** ** ** **]
[Player1]@BTN    æ‰‹ç‰Œ:[** **]   å·²ä¸‹æ³¨:0, å‰©ä½™èµ„é‡‘:189, çŠ¶æ€:PLAYING
[Player2]@SB     æ‰‹ç‰Œ:[** **]   å·²ä¸‹æ³¨:3, å‰©ä½™èµ„é‡‘:179, çŠ¶æ€:PLAYING
[Player3]@BB     æ‰‹ç‰Œ:[** **]   å·²ä¸‹æ³¨:6, å‰©ä½™èµ„é‡‘:85, çŠ¶æ€:PLAYING
[Player4]@UTG    æ‰‹ç‰Œ:[** **]   å·²ä¸‹æ³¨:0, å‰©ä½™èµ„é‡‘:105, çŠ¶æ€:OUT
[Player5]        æ‰‹ç‰Œ:[]        å·²ä¸‹æ³¨:0, å‰©ä½™èµ„é‡‘:0, çŠ¶æ€:OUT
[Player6]        æ‰‹ç‰Œ:[â™¦7 â™£6]   å·²ä¸‹æ³¨:0, å‰©ä½™èµ„é‡‘:33, çŠ¶æ€:PLAYING

--> You are Player6, please choose (enter number): 
[1] Bet --> [12, 33]
[2] Call --> 6
[3] Fold
[4] AllIn --> 33

--> [Player6]'s action: {ALL_IN 33}
[2023-08-06 19:16:08] [31mDEBUG[0m - [Player1]: winRate: 0.2514575


--> [Player1]'s action: {FOLD 0}
[2023-08-06 19:16:09] [31mDEBUG[0m - [Player2]: winRate: 0.34761


--> [Player2]'s action: {FOLD 0}
[2023-08-06 19:16:09] [31mDEBUG[0m - [Player3]: winRate: 0.80037


--> [Player3]'s action: {FOLD 0}
---------------------------------------------------------------# æè¿°: cycle3_match2 | å°ç›²æ³¨: 3
# é˜¶æ®µ: FINISH, åº•æ± : 0, å½“å‰é‡‘é¢: 33, å‰ä¸€æ¬¡åŠ æ³¨é‡‘é¢: 33
# å…¬å…±ç‰Œ: [** ** ** ** **]
[Player1]        æ‰‹ç‰Œ:[** **]   å·²ä¸‹æ³¨:0, å‰©ä½™èµ„é‡‘:189, çŠ¶æ€:OUT
[Player2]@SB     æ‰‹ç‰Œ:[** **]   å·²ä¸‹æ³¨:0, å‰©ä½™èµ„é‡‘:179, çŠ¶æ€:OUT
[Player3]        æ‰‹ç‰Œ:[** **]   å·²ä¸‹æ³¨:0, å‰©ä½™èµ„é‡‘:85, çŠ¶æ€:OUT
[Player4]        æ‰‹ç‰Œ:[** **]   å·²ä¸‹æ³¨:0, å‰©ä½™èµ„é‡‘:105, çŠ¶æ€:OUT
[Player5]        æ‰‹ç‰Œ:[]        å·²ä¸‹æ³¨:0, å‰©ä½™èµ„é‡‘:0, çŠ¶æ€:OUT
[Player6]        æ‰‹ç‰Œ:[** **]   å·²ä¸‹æ³¨:0, å‰©ä½™èµ„é‡‘:42, çŠ¶æ€:ALLIN
Winner is: Player6
Score: No score, all others folded.
Match finish. Press enter to begin next match.---------------------------------------------------------------# æè¿°: cycle3_match3 | å°ç›²æ³¨: 3
# é˜¶æ®µ: PREFLOP, åº•æ± : 9, å½“å‰é‡‘é¢: 6, å‰ä¸€æ¬¡åŠ æ³¨é‡‘é¢: 0
# å…¬å…±ç‰Œ: [** ** ** ** **]
[Player1]        æ‰‹ç‰Œ:[** **]   å·²ä¸‹æ³¨:0, å‰©ä½™èµ„é‡‘:189, çŠ¶æ€:PLAYING
[Player2]@BTN    æ‰‹ç‰Œ:[** **]   å·²ä¸‹æ³¨:0, å‰©ä½™èµ„é‡‘:179, çŠ¶æ€:PLAYING
[Player3]@SB     æ‰‹ç‰Œ:[** **]   å·²ä¸‹æ³¨:3, å‰©ä½™èµ„é‡‘:82, çŠ¶æ€:PLAYING
[Player4]@BB     æ‰‹ç‰Œ:[** **]   å·²ä¸‹æ³¨:6, å‰©ä½™èµ„é‡‘:99, çŠ¶æ€:PLAYING
[Player5]        æ‰‹ç‰Œ:[]        å·²ä¸‹æ³¨:0, å‰©ä½™èµ„é‡‘:0, çŠ¶æ€:OUT
[Player6]@UTG    æ‰‹ç‰Œ:[** **]   å·²ä¸‹æ³¨:0, å‰©ä½™èµ„é‡‘:42, çŠ¶æ€:PLAYING
---------------------------------------------------------------# æè¿°: cycle3_match3 | å°ç›²æ³¨: 3
# é˜¶æ®µ: PREFLOP, åº•æ± : 9, å½“å‰é‡‘é¢: 6, å‰ä¸€æ¬¡åŠ æ³¨é‡‘é¢: 0
# å…¬å…±ç‰Œ: [** ** ** ** **]
[Player1]        æ‰‹ç‰Œ:[** **]   å·²ä¸‹æ³¨:0, å‰©ä½™èµ„é‡‘:189, çŠ¶æ€:PLAYING
[Player2]@BTN    æ‰‹ç‰Œ:[** **]   å·²ä¸‹æ³¨:0, å‰©ä½™èµ„é‡‘:179, çŠ¶æ€:PLAYING
[Player3]@SB     æ‰‹ç‰Œ:[** **]   å·²ä¸‹æ³¨:3, å‰©ä½™èµ„é‡‘:82, çŠ¶æ€:PLAYING
[Player4]@BB     æ‰‹ç‰Œ:[** **]   å·²ä¸‹æ³¨:6, å‰©ä½™èµ„é‡‘:99, çŠ¶æ€:PLAYING
[Player5]        æ‰‹ç‰Œ:[]        å·²ä¸‹æ³¨:0, å‰©ä½™èµ„é‡‘:0, çŠ¶æ€:OUT
[Player6]@UTG    æ‰‹ç‰Œ:[â™ 10 â™¥Q]  å·²ä¸‹æ³¨:0, å‰©ä½™èµ„é‡‘:42, çŠ¶æ€:PLAYING

--> You are Player6, please choose (enter number): 
[1] Bet --> [12, 42]
[2] Call --> 6
[3] Fold
[4] AllIn --> 42

--> [Player6]'s action: {ALL_IN 42}
[2023-08-06 19:16:13] [31mDEBUG[0m - [Player1]: winRate: 0.13985333


--> [Player1]'s action: {FOLD 0}
[2023-08-06 19:16:14] [31mDEBUG[0m - [Player2]: winRate: 0.17604


--> [Player2]'s action: {FOLD 0}
[2023-08-06 19:16:14] [31mDEBUG[0m - [Player3]: winRate: 0.38598666


--> [Player3]'s action: {FOLD 0}
[2023-08-06 19:16:14] [31mDEBUG[0m - [Player4]: winRate: 0.54728335


--> [Player4]'s action: {FOLD 0}
---------------------------------------------------------------# æè¿°: cycle3_match3 | å°ç›²æ³¨: 3
# é˜¶æ®µ: FINISH, åº•æ± : 0, å½“å‰é‡‘é¢: 42, å‰ä¸€æ¬¡åŠ æ³¨é‡‘é¢: 42
# å…¬å…±ç‰Œ: [** ** ** ** **]
[Player1]        æ‰‹ç‰Œ:[** **]   å·²ä¸‹æ³¨:0, å‰©ä½™èµ„é‡‘:189, çŠ¶æ€:OUT
[Player2]        æ‰‹ç‰Œ:[** **]   å·²ä¸‹æ³¨:0, å‰©ä½™èµ„é‡‘:179, çŠ¶æ€:OUT
[Player3]@SB     æ‰‹ç‰Œ:[** **]   å·²ä¸‹æ³¨:0, å‰©ä½™èµ„é‡‘:82, çŠ¶æ€:OUT
[Player4]        æ‰‹ç‰Œ:[** **]   å·²ä¸‹æ³¨:0, å‰©ä½™èµ„é‡‘:99, çŠ¶æ€:OUT
[Player5]        æ‰‹ç‰Œ:[]        å·²ä¸‹æ³¨:0, å‰©ä½™èµ„é‡‘:0, çŠ¶æ€:OUT
[Player6]        æ‰‹ç‰Œ:[** **]   å·²ä¸‹æ³¨:0, å‰©ä½™èµ„é‡‘:51, çŠ¶æ€:ALLIN
Winner is: Player6
Score: No score, all others folded.
Match finish. Press enter to begin next match.---------------------------------------------------------------# æè¿°: cycle3_match4 | å°ç›²æ³¨: 3
# é˜¶æ®µ: PREFLOP, åº•æ± : 9, å½“å‰é‡‘é¢: 6, å‰ä¸€æ¬¡åŠ æ³¨é‡‘é¢: 0
# å…¬å…±ç‰Œ: [** ** ** ** **]
[Player1]@UTG    æ‰‹ç‰Œ:[** **]   å·²ä¸‹æ³¨:0, å‰©ä½™èµ„é‡‘:189, çŠ¶æ€:PLAYING
[Player2]        æ‰‹ç‰Œ:[** **]   å·²ä¸‹æ³¨:0, å‰©ä½™èµ„é‡‘:179, çŠ¶æ€:PLAYING
[Player3]@BTN    æ‰‹ç‰Œ:[** **]   å·²ä¸‹æ³¨:0, å‰©ä½™èµ„é‡‘:82, çŠ¶æ€:PLAYING
[Player4]@SB     æ‰‹ç‰Œ:[** **]   å·²ä¸‹æ³¨:3, å‰©ä½™èµ„é‡‘:96, çŠ¶æ€:PLAYING
[Player5]        æ‰‹ç‰Œ:[]        å·²ä¸‹æ³¨:0, å‰©ä½™èµ„é‡‘:0, çŠ¶æ€:OUT
[Player6]@BB     æ‰‹ç‰Œ:[** **]   å·²ä¸‹æ³¨:6, å‰©ä½™èµ„é‡‘:45, çŠ¶æ€:PLAYING
[2023-08-06 19:16:18] [31mDEBUG[0m - [Player1]: winRate: 0.162844


--> [Player1]'s action: {FOLD 0}
[2023-08-06 19:16:18] [31mDEBUG[0m - [Player2]: winRate: 0.18873666


--> [Player2]'s action: {FOLD 0}
[2023-08-06 19:16:18] [31mDEBUG[0m - [Player3]: winRate: 0.41965887


--> [Player3]'s action: {FOLD 0}
[2023-08-06 19:16:19] [31mDEBUG[0m - [Player4]: winRate: 0.36906666


--> [Player4]'s action: {FOLD 0}
---------------------------------------------------------------# æè¿°: cycle3_match4 | å°ç›²æ³¨: 3
# é˜¶æ®µ: FINISH, åº•æ± : 0, å½“å‰é‡‘é¢: 6, å‰ä¸€æ¬¡åŠ æ³¨é‡‘é¢: 0
# å…¬å…±ç‰Œ: [** ** ** ** **]
[Player1]        æ‰‹ç‰Œ:[** **]   å·²ä¸‹æ³¨:0, å‰©ä½™èµ„é‡‘:189, çŠ¶æ€:OUT
[Player2]        æ‰‹ç‰Œ:[** **]   å·²ä¸‹æ³¨:0, å‰©ä½™èµ„é‡‘:179, çŠ¶æ€:OUT
[Player3]        æ‰‹ç‰Œ:[** **]   å·²ä¸‹æ³¨:0, å‰©ä½™èµ„é‡‘:82, çŠ¶æ€:OUT
[Player4]@SB     æ‰‹ç‰Œ:[** **]   å·²ä¸‹æ³¨:0, å‰©ä½™èµ„é‡‘:96, çŠ¶æ€:OUT
[Player5]        æ‰‹ç‰Œ:[]        å·²ä¸‹æ³¨:0, å‰©ä½™èµ„é‡‘:0, çŠ¶æ€:OUT
[Player6]        æ‰‹ç‰Œ:[** **]   å·²ä¸‹æ³¨:0, å‰©ä½™èµ„é‡‘:54, çŠ¶æ€:PLAYING
Winner is: Player6
Score: No score, all others folded.
Match finish. Press enter to begin next match.---------------------------------------------------------------# æè¿°: cycle3_match5 | å°ç›²æ³¨: 3
# é˜¶æ®µ: PREFLOP, åº•æ± : 9, å½“å‰é‡‘é¢: 6, å‰ä¸€æ¬¡åŠ æ³¨é‡‘é¢: 0
# å…¬å…±ç‰Œ: [** ** ** ** **]
[Player1]@BB     æ‰‹ç‰Œ:[** **]   å·²ä¸‹æ³¨:6, å‰©ä½™èµ„é‡‘:183, çŠ¶æ€:PLAYING
[Player2]@UTG    æ‰‹ç‰Œ:[** **]   å·²ä¸‹æ³¨:0, å‰©ä½™èµ„é‡‘:179, çŠ¶æ€:PLAYING
[Player3]        æ‰‹ç‰Œ:[** **]   å·²ä¸‹æ³¨:0, å‰©ä½™èµ„é‡‘:82, çŠ¶æ€:PLAYING
[Player4]@BTN    æ‰‹ç‰Œ:[** **]   å·²ä¸‹æ³¨:0, å‰©ä½™èµ„é‡‘:96, çŠ¶æ€:PLAYING
[Player5]        æ‰‹ç‰Œ:[]        å·²ä¸‹æ³¨:0, å‰©ä½™èµ„é‡‘:0, çŠ¶æ€:OUT
[Player6]@SB     æ‰‹ç‰Œ:[** **]   å·²ä¸‹æ³¨:3, å‰©ä½™èµ„é‡‘:51, çŠ¶æ€:PLAYING
[2023-08-06 19:16:19] [31mDEBUG[0m - [Player2]: winRate: 0.184828


--> [Player2]'s action: {FOLD 0}
[2023-08-06 19:16:20] [31mDEBUG[0m - [Player3]: winRate: 0.23754667


--> [Player3]'s action: {FOLD 0}
[2023-08-06 19:16:20] [31mDEBUG[0m - [Player4]: winRate: 0.33872


--> [Player4]'s action: {FOLD 0}
---------------------------------------------------------------# æè¿°: cycle3_match5 | å°ç›²æ³¨: 3
# é˜¶æ®µ: PREFLOP, åº•æ± : 9, å½“å‰é‡‘é¢: 6, å‰ä¸€æ¬¡åŠ æ³¨é‡‘é¢: 0
# å…¬å…±ç‰Œ: [** ** ** ** **]
[Player1]@BB     æ‰‹ç‰Œ:[** **]   å·²ä¸‹æ³¨:6, å‰©ä½™èµ„é‡‘:183, çŠ¶æ€:PLAYING
[Player2]        æ‰‹ç‰Œ:[** **]   å·²ä¸‹æ³¨:0, å‰©ä½™èµ„é‡‘:179, çŠ¶æ€:OUT
[Player3]        æ‰‹ç‰Œ:[** **]   å·²ä¸‹æ³¨:0, å‰©ä½™èµ„é‡‘:82, çŠ¶æ€:OUT
[Player4]        æ‰‹ç‰Œ:[** **]   å·²ä¸‹æ³¨:0, å‰©ä½™èµ„é‡‘:96, çŠ¶æ€:OUT
[Player5]        æ‰‹ç‰Œ:[]        å·²ä¸‹æ³¨:0, å‰©ä½™èµ„é‡‘:0, çŠ¶æ€:OUT
[Player6]@SB     æ‰‹ç‰Œ:[â™£7 â™¦8]   å·²ä¸‹æ³¨:3, å‰©ä½™èµ„é‡‘:51, çŠ¶æ€:PLAYING

--> You are Player6, please choose (enter number): 
[1] Bet --> [9, 51]
[2] Call --> 3
[3] Fold
[4] AllIn --> 51

--> [Player6]'s action: {ALL_IN 51}
[2023-08-06 19:16:25] [31mDEBUG[0m - [Player1]: winRate: 0.43014166


--> [Player1]'s action: {FOLD 0}
---------------------------------------------------------------# æè¿°: cycle3_match5 | å°ç›²æ³¨: 3
# é˜¶æ®µ: FINISH, åº•æ± : 0, å½“å‰é‡‘é¢: 54, å‰ä¸€æ¬¡åŠ æ³¨é‡‘é¢: 51
# å…¬å…±ç‰Œ: [** ** ** ** **]
[Player1]        æ‰‹ç‰Œ:[** **]   å·²ä¸‹æ³¨:0, å‰©ä½™èµ„é‡‘:183, çŠ¶æ€:OUT
[Player2]        æ‰‹ç‰Œ:[** **]   å·²ä¸‹æ³¨:0, å‰©ä½™èµ„é‡‘:179, çŠ¶æ€:OUT
[Player3]        æ‰‹ç‰Œ:[** **]   å·²ä¸‹æ³¨:0, å‰©ä½™èµ„é‡‘:82, çŠ¶æ€:OUT
[Player4]        æ‰‹ç‰Œ:[** **]   å·²ä¸‹æ³¨:0, å‰©ä½™èµ„é‡‘:96, çŠ¶æ€:OUT
[Player5]        æ‰‹ç‰Œ:[]        å·²ä¸‹æ³¨:0, å‰©ä½™èµ„é‡‘:0, çŠ¶æ€:OUT
[Player6]@SB     æ‰‹ç‰Œ:[** **]   å·²ä¸‹æ³¨:0, å‰©ä½™èµ„é‡‘:60, çŠ¶æ€:ALLIN
Winner is: Player6
Score: No score, all others folded.
Match finish. Press enter to begin next match.---------------------------------------------------------------# æè¿°: cycle4_match1 | å°ç›²æ³¨: 4
# é˜¶æ®µ: PREFLOP, åº•æ± : 12, å½“å‰é‡‘é¢: 8, å‰ä¸€æ¬¡åŠ æ³¨é‡‘é¢: 0
# å…¬å…±ç‰Œ: [** ** ** ** **]
[Player1]@SB     æ‰‹ç‰Œ:[** **]   å·²ä¸‹æ³¨:4, å‰©ä½™èµ„é‡‘:179, çŠ¶æ€:PLAYING
[Player2]@BB     æ‰‹ç‰Œ:[** **]   å·²ä¸‹æ³¨:8, å‰©ä½™èµ„é‡‘:171, çŠ¶æ€:PLAYING
[Player3]@UTG    æ‰‹ç‰Œ:[** **]   å·²ä¸‹æ³¨:0, å‰©ä½™èµ„é‡‘:82, çŠ¶æ€:PLAYING
[Player4]        æ‰‹ç‰Œ:[** **]   å·²ä¸‹æ³¨:0, å‰©ä½™èµ„é‡‘:96, çŠ¶æ€:PLAYING
[Player5]        æ‰‹ç‰Œ:[]        å·²ä¸‹æ³¨:0, å‰©ä½™èµ„é‡‘:0, çŠ¶æ€:OUT
[Player6]@BTN    æ‰‹ç‰Œ:[** **]   å·²ä¸‹æ³¨:0, å‰©ä½™èµ„é‡‘:60, çŠ¶æ€:PLAYING
[2023-08-06 19:16:28] [31mDEBUG[0m - [Player3]: winRate: 0.16817465


--> [Player3]'s action: {FOLD 0}
[2023-08-06 19:16:28] [31mDEBUG[0m - [Player4]: winRate: 0.26875666


--> [Player4]'s action: {FOLD 0}
---------------------------------------------------------------# æè¿°: cycle4_match1 | å°ç›²æ³¨: 4
# é˜¶æ®µ: PREFLOP, åº•æ± : 12, å½“å‰é‡‘é¢: 8, å‰ä¸€æ¬¡åŠ æ³¨é‡‘é¢: 0
# å…¬å…±ç‰Œ: [** ** ** ** **]
[Player1]@SB     æ‰‹ç‰Œ:[** **]   å·²ä¸‹æ³¨:4, å‰©ä½™èµ„é‡‘:179, çŠ¶æ€:PLAYING
[Player2]@BB     æ‰‹ç‰Œ:[** **]   å·²ä¸‹æ³¨:8, å‰©ä½™èµ„é‡‘:171, çŠ¶æ€:PLAYING
[Player3]        æ‰‹ç‰Œ:[** **]   å·²ä¸‹æ³¨:0, å‰©ä½™èµ„é‡‘:82, çŠ¶æ€:OUT
[Player4]        æ‰‹ç‰Œ:[** **]   å·²ä¸‹æ³¨:0, å‰©ä½™èµ„é‡‘:96, çŠ¶æ€:OUT
[Player5]        æ‰‹ç‰Œ:[]        å·²ä¸‹æ³¨:0, å‰©ä½™èµ„é‡‘:0, çŠ¶æ€:OUT
[Player6]@BTN    æ‰‹ç‰Œ:[â™¦10 â™ J]  å·²ä¸‹æ³¨:0, å‰©ä½™èµ„é‡‘:60, çŠ¶æ€:PLAYING

--> You are Player6, please choose (enter number): 
[1] Bet --> [16, 60]
[2] Call --> 8
[3] Fold
[4] AllIn --> 60
