---------------------------------------------------------------
# æè¿°: cycle1_match1 | å°ç›²æ³¨: 1
# é˜¶æ®µ: PREFLOP, åº•æ± : 3, å½“å‰é‡‘é¢: 2, å‰ä¸€æ¬¡åŠ æ³¨é‡‘é¢: 0
# å…¬å…±ç‰Œ: [** ** ** ** **]
[Player1]@SB     æ‰‹ç‰Œ:[** **]   å·²ä¸‹æ³¨:1, å‰©ä½™èµ„é‡‘:99, çŠ¶æ€:PLAYING
[Player2]@BB     æ‰‹ç‰Œ:[** **]   å·²ä¸‹æ³¨:2, å‰©ä½™èµ„é‡‘:98, çŠ¶æ€:PLAYING
[Player3]@UTG    æ‰‹ç‰Œ:[** **]   å·²ä¸‹æ³¨:0, å‰©ä½™èµ„é‡‘:100, çŠ¶æ€:PLAYING
[Player4]        æ‰‹ç‰Œ:[** **]   å·²ä¸‹æ³¨:0, å‰©ä½™èµ„é‡‘:100, çŠ¶æ€:PLAYING
[Player5]        æ‰‹ç‰Œ:[** **]   å·²ä¸‹æ³¨:0, å‰©ä½™èµ„é‡‘:100, çŠ¶æ€:PLAYING
[Player6]@BTN    æ‰‹ç‰Œ:[** **]   å·²ä¸‹æ³¨:0, å‰©ä½™èµ„é‡‘:100, çŠ¶æ€:PLAYING

[2023-08-07 02:20:06] [31mDEBUG[0m - [Player3]: investRatio: 0.6666667
[2023-08-07 02:20:07] [31mDEBUG[0m - [Player3]: winRate: 0.13069667
--> [Player3]'s action: {FOLD 0}

[2023-08-07 02:20:07] [31mDEBUG[0m - [Player4]: investRatio: 0.6666667
[2023-08-07 02:20:07] [31mDEBUG[0m - [Player4]: winRate: 0.14426799
--> [Player4]'s action: {FOLD 0}

--> [Player5]'s action: {CALL 2}

---------------------------------------------------------------
# æè¿°: cycle1_match1 | å°ç›²æ³¨: 1
# é˜¶æ®µ: PREFLOP, åº•æ± : 5, å½“å‰é‡‘é¢: 2, å‰ä¸€æ¬¡åŠ æ³¨é‡‘é¢: 0
# å…¬å…±ç‰Œ: [** ** ** ** **]
[Player1]@SB     æ‰‹ç‰Œ:[** **]   å·²ä¸‹æ³¨:1, å‰©ä½™èµ„é‡‘:99, çŠ¶æ€:PLAYING
[Player2]@BB     æ‰‹ç‰Œ:[** **]   å·²ä¸‹æ³¨:2, å‰©ä½™èµ„é‡‘:98, çŠ¶æ€:PLAYING
[Player3]@UTG    æ‰‹ç‰Œ:[** **]   å·²ä¸‹æ³¨:0, å‰©ä½™èµ„é‡‘:100, çŠ¶æ€:OUT
[Player4]        æ‰‹ç‰Œ:[** **]   å·²ä¸‹æ³¨:0, å‰©ä½™èµ„é‡‘:100, çŠ¶æ€:OUT
[Player5]        æ‰‹ç‰Œ:[** **]   å·²ä¸‹æ³¨:2, å‰©ä½™èµ„é‡‘:98, çŠ¶æ€:PLAYING
[Player6]@BTN    æ‰‹ç‰Œ:[â™£8 â™£2]   å·²ä¸‹æ³¨:0, å‰©ä½™èµ„é‡‘:100, çŠ¶æ€:PLAYING

--> You are Player6, please choose (enter number): 
[1] Bet --> [4, 100]
[2] Call --> 2
[3] Fold
[4] AllIn --> 100
--> [Player6]'s action: {CALL 2}

[2023-08-07 02:20:12] [31mDEBUG[0m - [Player1]: investRatio: 0.14285715
[2023-08-07 02:20:13] [31mDEBUG[0m - [Player1]: winRate: 0.290015
[2023-08-07 02:20:13] [31mDEBUG[0m - [Player1]: expectedAmount: 6
--> [Player1]'s action: {BET 6}

[2023-08-07 02:20:13] [31mDEBUG[0m - [Player2]: investRatio: 0.3846154
[2023-08-07 02:20:13] [31mDEBUG[0m - [Player2]: winRate: 0.1880125
--> [Player2]'s action: {FOLD 0}

--> [Player5]'s action: {CALL 5}

---------------------------------------------------------------
# æè¿°: cycle1_match1 | å°ç›²æ³¨: 1
# é˜¶æ®µ: PREFLOP, åº•æ± : 18, å½“å‰é‡‘é¢: 7, å‰ä¸€æ¬¡åŠ æ³¨é‡‘é¢: 6
# å…¬å…±ç‰Œ: [** ** ** ** **]
[Player1]@SB     æ‰‹ç‰Œ:[** **]   å·²ä¸‹æ³¨:7, å‰©ä½™èµ„é‡‘:93, çŠ¶æ€:PLAYING
[Player2]@BB     æ‰‹ç‰Œ:[** **]   å·²ä¸‹æ³¨:2, å‰©ä½™èµ„é‡‘:98, çŠ¶æ€:OUT
[Player3]        æ‰‹ç‰Œ:[** **]   å·²ä¸‹æ³¨:0, å‰©ä½™èµ„é‡‘:100, çŠ¶æ€:OUT
[Player4]        æ‰‹ç‰Œ:[** **]   å·²ä¸‹æ³¨:0, å‰©ä½™èµ„é‡‘:100, çŠ¶æ€:OUT
[Player5]        æ‰‹ç‰Œ:[** **]   å·²ä¸‹æ³¨:7, å‰©ä½™èµ„é‡‘:93, çŠ¶æ€:PLAYING
[Player6]@BTN    æ‰‹ç‰Œ:[â™£8 â™£2]   å·²ä¸‹æ³¨:2, å‰©ä½™èµ„é‡‘:98, çŠ¶æ€:PLAYING

--> You are Player6, please choose (enter number): 
[1] Bet --> [11, 98]
[2] Call --> 5
[3] Fold
[4] AllIn --> 98
--> [Player6]'s action: {CALL 5}

---------------------------------------------------------------
# æè¿°: cycle1_match1 | å°ç›²æ³¨: 1
# é˜¶æ®µ: FLOP, åº•æ± : 23, å½“å‰é‡‘é¢: 7, å‰ä¸€æ¬¡åŠ æ³¨é‡‘é¢: 0
# å…¬å…±ç‰Œ: [â™ K â™ Q â™£Q ** **]
[Player1]@SB     æ‰‹ç‰Œ:[** **]   å·²ä¸‹æ³¨:7, å‰©ä½™èµ„é‡‘:93, çŠ¶æ€:PLAYING
[Player2]@BB     æ‰‹ç‰Œ:[** **]   å·²ä¸‹æ³¨:2, å‰©ä½™èµ„é‡‘:98, çŠ¶æ€:OUT
[Player3]        æ‰‹ç‰Œ:[** **]   å·²ä¸‹æ³¨:0, å‰©ä½™èµ„é‡‘:100, çŠ¶æ€:OUT
[Player4]        æ‰‹ç‰Œ:[** **]   å·²ä¸‹æ³¨:0, å‰©ä½™èµ„é‡‘:100, çŠ¶æ€:OUT
[Player5]        æ‰‹ç‰Œ:[** **]   å·²ä¸‹æ³¨:7, å‰©ä½™èµ„é‡‘:93, çŠ¶æ€:PLAYING
[Player6]@BTN    æ‰‹ç‰Œ:[** **]   å·²ä¸‹æ³¨:7, å‰©ä½™èµ„é‡‘:93, çŠ¶æ€:PLAYING

[2023-08-07 02:20:25] [31mDEBUG[0m - [Player1]: investRatio: 0
[2023-08-07 02:20:25] [31mDEBUG[0m - [Player1]: winRate: 0.62912
[2023-08-07 02:20:25] [31mDEBUG[0m - [Player1]: expectedAmount: 0
--> [Player1]'s action: {CALL 0}

--> [Player5]'s action: {CALL 0}

---------------------------------------------------------------
# æè¿°: cycle1_match1 | å°ç›²æ³¨: 1
# é˜¶æ®µ: FLOP, åº•æ± : 23, å½“å‰é‡‘é¢: 7, å‰ä¸€æ¬¡åŠ æ³¨é‡‘é¢: 0
# å…¬å…±ç‰Œ: [â™ K â™ Q â™£Q ** **]
[Player1]@SB     æ‰‹ç‰Œ:[** **]   å·²ä¸‹æ³¨:7, å‰©ä½™èµ„é‡‘:93, çŠ¶æ€:PLAYING
[Player2]@BB     æ‰‹ç‰Œ:[** **]   å·²ä¸‹æ³¨:2, å‰©ä½™èµ„é‡‘:98, çŠ¶æ€:OUT
[Player3]        æ‰‹ç‰Œ:[** **]   å·²ä¸‹æ³¨:0, å‰©ä½™èµ„é‡‘:100, çŠ¶æ€:OUT
[Player4]        æ‰‹ç‰Œ:[** **]   å·²ä¸‹æ³¨:0, å‰©ä½™èµ„é‡‘:100, çŠ¶æ€:OUT
[Player5]        æ‰‹ç‰Œ:[** **]   å·²ä¸‹æ³¨:7, å‰©ä½™èµ„é‡‘:93, çŠ¶æ€:PLAYING
[Player6]@BTN    æ‰‹ç‰Œ:[â™£8 â™£2]   å·²ä¸‹æ³¨:7, å‰©ä½™èµ„é‡‘:93, çŠ¶æ€:PLAYING

--> You are Player6, please choose (enter number): 
[1] Bet --> [2, 93]
[2] Check
[3] Fold
[4] AllIn --> 93
--> [Player6]'s action: {CALL 0}

---------------------------------------------------------------
# æè¿°: cycle1_match1 | å°ç›²æ³¨: 1
# é˜¶æ®µ: TURN, åº•æ± : 23, å½“å‰é‡‘é¢: 7, å‰ä¸€æ¬¡åŠ æ³¨é‡‘é¢: 0
# å…¬å…±ç‰Œ: [â™ K â™ Q â™£Q â™¥5 **]
[Player1]@SB     æ‰‹ç‰Œ:[** **]   å·²ä¸‹æ³¨:7, å‰©ä½™èµ„é‡‘:93, çŠ¶æ€:PLAYING
[Player2]@BB     æ‰‹ç‰Œ:[** **]   å·²ä¸‹æ³¨:2, å‰©ä½™èµ„é‡‘:98, çŠ¶æ€:OUT
[Player3]        æ‰‹ç‰Œ:[** **]   å·²ä¸‹æ³¨:0, å‰©ä½™èµ„é‡‘:100, çŠ¶æ€:OUT
[Player4]        æ‰‹ç‰Œ:[** **]   å·²ä¸‹æ³¨:0, å‰©ä½™èµ„é‡‘:100, çŠ¶æ€:OUT
[Player5]        æ‰‹ç‰Œ:[** **]   å·²ä¸‹æ³¨:7, å‰©ä½™èµ„é‡‘:93, çŠ¶æ€:PLAYING
[Player6]@BTN    æ‰‹ç‰Œ:[** **]   å·²ä¸‹æ³¨:7, å‰©ä½™èµ„é‡‘:93, çŠ¶æ€:PLAYING

[2023-08-07 02:20:29] [31mDEBUG[0m - [Player1]: investRatio: 0
[2023-08-07 02:20:29] [31mDEBUG[0m - [Player1]: winRate: 0.70257777
[2023-08-07 02:20:29] [31mDEBUG[0m - [Player1]: expectedAmount: 0
--> [Player1]'s action: {CALL 0}

--> [Player5]'s action: {CALL 0}

---------------------------------------------------------------
# æè¿°: cycle1_match1 | å°ç›²æ³¨: 1
# é˜¶æ®µ: TURN, åº•æ± : 23, å½“å‰é‡‘é¢: 7, å‰ä¸€æ¬¡åŠ æ³¨é‡‘é¢: 0
# å…¬å…±ç‰Œ: [â™ K â™ Q â™£Q â™¥5 **]
[Player1]@SB     æ‰‹ç‰Œ:[** **]   å·²ä¸‹æ³¨:7, å‰©ä½™èµ„é‡‘:93, çŠ¶æ€:PLAYING
[Player2]@BB     æ‰‹ç‰Œ:[** **]   å·²ä¸‹æ³¨:2, å‰©ä½™èµ„é‡‘:98, çŠ¶æ€:OUT
[Player3]        æ‰‹ç‰Œ:[** **]   å·²ä¸‹æ³¨:0, å‰©ä½™èµ„é‡‘:100, çŠ¶æ€:OUT
[Player4]        æ‰‹ç‰Œ:[** **]   å·²ä¸‹æ³¨:0, å‰©ä½™èµ„é‡‘:100, çŠ¶æ€:OUT
[Player5]        æ‰‹ç‰Œ:[** **]   å·²ä¸‹æ³¨:7, å‰©ä½™èµ„é‡‘:93, çŠ¶æ€:PLAYING
[Player6]@BTN    æ‰‹ç‰Œ:[â™£8 â™£2]   å·²ä¸‹æ³¨:7, å‰©ä½™èµ„é‡‘:93, çŠ¶æ€:PLAYING

--> You are Player6, please choose (enter number): 
[1] Bet --> [2, 93]
[2] Check
[3] Fold
[4] AllIn --> 93
--> [Player6]'s action: {CALL 0}

---------------------------------------------------------------
# æè¿°: cycle1_match1 | å°ç›²æ³¨: 1
# é˜¶æ®µ: RIVER, åº•æ± : 23, å½“å‰é‡‘é¢: 7, å‰ä¸€æ¬¡åŠ æ³¨é‡‘é¢: 0
# å…¬å…±ç‰Œ: [â™ K â™ Q â™£Q â™¥5 â™¦8]
[Player1]@SB     æ‰‹ç‰Œ:[** **]   å·²ä¸‹æ³¨:7, å‰©ä½™èµ„é‡‘:93, çŠ¶æ€:PLAYING
[Player2]@BB     æ‰‹ç‰Œ:[** **]   å·²ä¸‹æ³¨:2, å‰©ä½™èµ„é‡‘:98, çŠ¶æ€:OUT
[Player3]        æ‰‹ç‰Œ:[** **]   å·²ä¸‹æ³¨:0, å‰©ä½™èµ„é‡‘:100, çŠ¶æ€:OUT
[Player4]        æ‰‹ç‰Œ:[** **]   å·²ä¸‹æ³¨:0, å‰©ä½™èµ„é‡‘:100, çŠ¶æ€:OUT
[Player5]        æ‰‹ç‰Œ:[** **]   å·²ä¸‹æ³¨:7, å‰©ä½™èµ„é‡‘:93, çŠ¶æ€:PLAYING
[Player6]@BTN    æ‰‹ç‰Œ:[** **]   å·²ä¸‹æ³¨:7, å‰©ä½™èµ„é‡‘:93, çŠ¶æ€:PLAYING

[2023-08-07 02:20:32] [31mDEBUG[0m - [Player1]: investRatio: 0
[2023-08-07 02:20:32] [31mDEBUG[0m - [Player1]: winRate: 0.76924443
[2023-08-07 02:20:32] [31mDEBUG[0m - [Player1]: expectedAmount: 0
--> [Player1]'s action: {CALL 0}

--> [Player5]'s action: {CALL 0}

---------------------------------------------------------------
# æè¿°: cycle1_match1 | å°ç›²æ³¨: 1
# é˜¶æ®µ: RIVER, åº•æ± : 23, å½“å‰é‡‘é¢: 7, å‰ä¸€æ¬¡åŠ æ³¨é‡‘é¢: 0
# å…¬å…±ç‰Œ: [â™ K â™ Q â™£Q â™¥5 â™¦8]
[Player1]@SB     æ‰‹ç‰Œ:[** **]   å·²ä¸‹æ³¨:7, å‰©ä½™èµ„é‡‘:93, çŠ¶æ€:PLAYING
[Player2]@BB     æ‰‹ç‰Œ:[** **]   å·²ä¸‹æ³¨:2, å‰©ä½™èµ„é‡‘:98, çŠ¶æ€:OUT
[Player3]        æ‰‹ç‰Œ:[** **]   å·²ä¸‹æ³¨:0, å‰©ä½™èµ„é‡‘:100, çŠ¶æ€:OUT
[Player4]        æ‰‹ç‰Œ:[** **]   å·²ä¸‹æ³¨:0, å‰©ä½™èµ„é‡‘:100, çŠ¶æ€:OUT
[Player5]        æ‰‹ç‰Œ:[** **]   å·²ä¸‹æ³¨:7, å‰©ä½™èµ„é‡‘:93, çŠ¶æ€:PLAYING
[Player6]@BTN    æ‰‹ç‰Œ:[â™£8 â™£2]   å·²ä¸‹æ³¨:7, å‰©ä½™èµ„é‡‘:93, çŠ¶æ€:PLAYING

--> You are Player6, please choose (enter number): 
[1] Bet --> [2, 93]
[2] Check
[3] Fold
[4] AllIn --> 93
--> [Player6]'s action: {CALL 0}

---------------------------------------------------------------
# æè¿°: cycle1_match1 | å°ç›²æ³¨: 1
# é˜¶æ®µ: SHOWDOWN, åº•æ± : 23, å½“å‰é‡‘é¢: 7, å‰ä¸€æ¬¡åŠ æ³¨é‡‘é¢: 0
# å…¬å…±ç‰Œ: [â™ K â™ Q â™£Q â™¥5 â™¦8]
[Player1]@SB     æ‰‹ç‰Œ:[â™¥9 â™£K]   å·²ä¸‹æ³¨:7, å‰©ä½™èµ„é‡‘:93, çŠ¶æ€:PLAYING
[Player2]@BB     æ‰‹ç‰Œ:[** **]   å·²ä¸‹æ³¨:2, å‰©ä½™èµ„é‡‘:98, çŠ¶æ€:OUT
[Player3]        æ‰‹ç‰Œ:[** **]   å·²ä¸‹æ³¨:0, å‰©ä½™èµ„é‡‘:100, çŠ¶æ€:OUT
[Player4]        æ‰‹ç‰Œ:[** **]   å·²ä¸‹æ³¨:0, å‰©ä½™èµ„é‡‘:100, çŠ¶æ€:OUT
[Player5]        æ‰‹ç‰Œ:[â™¦2 â™£6]   å·²ä¸‹æ³¨:7, å‰©ä½™èµ„é‡‘:93, çŠ¶æ€:PLAYING
[Player6]@BTN    æ‰‹ç‰Œ:[â™£8 â™£2]   å·²ä¸‹æ³¨:7, å‰©ä½™èµ„é‡‘:93, çŠ¶æ€:PLAYING

---------------------------------------------------------------
# æè¿°: cycle1_match1 | å°ç›²æ³¨: 1
# é˜¶æ®µ: FINISH, åº•æ± : 0, å½“å‰é‡‘é¢: 7, å‰ä¸€æ¬¡åŠ æ³¨é‡‘é¢: 0
# å…¬å…±ç‰Œ: [â™ K â™ Q â™£Q â™¥5 â™¦8]
[Player1]@SB     æ‰‹ç‰Œ:[â™¥9 â™£K]   å·²ä¸‹æ³¨:0, å‰©ä½™èµ„é‡‘:116, çŠ¶æ€:PLAYING
[Player2]@BB     æ‰‹ç‰Œ:[** **]   å·²ä¸‹æ³¨:0, å‰©ä½™èµ„é‡‘:98, çŠ¶æ€:PLAYING
[Player3]@UTG    æ‰‹ç‰Œ:[** **]   å·²ä¸‹æ³¨:0, å‰©ä½™èµ„é‡‘:100, çŠ¶æ€:PLAYING
[Player4]        æ‰‹ç‰Œ:[** **]   å·²ä¸‹æ³¨:0, å‰©ä½™èµ„é‡‘:100, çŠ¶æ€:PLAYING
[Player5]        æ‰‹ç‰Œ:[â™¦2 â™£6]   å·²ä¸‹æ³¨:0, å‰©ä½™èµ„é‡‘:93, çŠ¶æ€:PLAYING
[Player6]@BTN    æ‰‹ç‰Œ:[â™£8 â™£2]   å·²ä¸‹æ³¨:0, å‰©ä½™èµ„é‡‘:93, çŠ¶æ€:PLAYING

Winner is: Player1
Score: {Two pair [â™ K â™£K â™ Q â™£Q â™¥9] 2908489} 
Match finish. Press enter to begin next match.
---------------------------------------------------------------
# æè¿°: cycle1_match2 | å°ç›²æ³¨: 1
# é˜¶æ®µ: PREFLOP, åº•æ± : 3, å½“å‰é‡‘é¢: 2, å‰ä¸€æ¬¡åŠ æ³¨é‡‘é¢: 0
# å…¬å…±ç‰Œ: [** ** ** ** **]
[Player1]@BTN    æ‰‹ç‰Œ:[** **]   å·²ä¸‹æ³¨:0, å‰©ä½™èµ„é‡‘:116, çŠ¶æ€:PLAYING
[Player2]@SB     æ‰‹ç‰Œ:[** **]   å·²ä¸‹æ³¨:1, å‰©ä½™èµ„é‡‘:97, çŠ¶æ€:PLAYING
[Player3]@BB     æ‰‹ç‰Œ:[** **]   å·²ä¸‹æ³¨:2, å‰©ä½™èµ„é‡‘:98, çŠ¶æ€:PLAYING
[Player4]@UTG    æ‰‹ç‰Œ:[** **]   å·²ä¸‹æ³¨:0, å‰©ä½™èµ„é‡‘:100, çŠ¶æ€:PLAYING
[Player5]        æ‰‹ç‰Œ:[** **]   å·²ä¸‹æ³¨:0, å‰©ä½™èµ„é‡‘:93, çŠ¶æ€:PLAYING
[Player6]        æ‰‹ç‰Œ:[** **]   å·²ä¸‹æ³¨:0, å‰©ä½™èµ„é‡‘:93, çŠ¶æ€:PLAYING

[2023-08-07 02:20:36] [31mDEBUG[0m - [Player4]: investRatio: 0.6666667
[2023-08-07 02:20:37] [31mDEBUG[0m - [Player4]: winRate: 0.18631111
--> [Player4]'s action: {FOLD 0}

--> [Player5]'s action: {CALL 2}

---------------------------------------------------------------
# æè¿°: cycle1_match2 | å°ç›²æ³¨: 1
# é˜¶æ®µ: PREFLOP, åº•æ± : 5, å½“å‰é‡‘é¢: 2, å‰ä¸€æ¬¡åŠ æ³¨é‡‘é¢: 0
# å…¬å…±ç‰Œ: [** ** ** ** **]
[Player1]@BTN    æ‰‹ç‰Œ:[** **]   å·²ä¸‹æ³¨:0, å‰©ä½™èµ„é‡‘:116, çŠ¶æ€:PLAYING
[Player2]@SB     æ‰‹ç‰Œ:[** **]   å·²ä¸‹æ³¨:1, å‰©ä½™èµ„é‡‘:97, çŠ¶æ€:PLAYING
[Player3]@BB     æ‰‹ç‰Œ:[** **]   å·²ä¸‹æ³¨:2, å‰©ä½™èµ„é‡‘:98, çŠ¶æ€:PLAYING
[Player4]@UTG    æ‰‹ç‰Œ:[** **]   å·²ä¸‹æ³¨:0, å‰©ä½™èµ„é‡‘:100, çŠ¶æ€:OUT
[Player5]        æ‰‹ç‰Œ:[** **]   å·²ä¸‹æ³¨:2, å‰©ä½™èµ„é‡‘:91, çŠ¶æ€:PLAYING
[Player6]        æ‰‹ç‰Œ:[â™¥J â™¥2]   å·²ä¸‹æ³¨:0, å‰©ä½™èµ„é‡‘:93, çŠ¶æ€:PLAYING

--> You are Player6, please choose (enter number): 
[1] Bet --> [4, 93]
[2] Call --> 2
[3] Fold
[4] AllIn --> 93
--> [Player6]'s action: {CALL 2}

[2023-08-07 02:20:45] [31mDEBUG[0m - [Player1]: investRatio: 0.2857143
[2023-08-07 02:20:45] [31mDEBUG[0m - [Player1]: winRate: 0.19566733
--> [Player1]'s action: {FOLD 0}

[2023-08-07 02:20:45] [31mDEBUG[0m - [Player2]: investRatio: 0.14285715
[2023-08-07 02:20:46] [31mDEBUG[0m - [Player2]: winRate: 0.3138575
[2023-08-07 02:20:46] [31mDEBUG[0m - [Player2]: expectedAmount: 9
--> [Player2]'s action: {BET 9}

[2023-08-07 02:20:46] [31mDEBUG[0m - [Player3]: investRatio: 0.5
[2023-08-07 02:20:46] [31mDEBUG[0m - [Player3]: winRate: 0.27364168
--> [Player3]'s action: {FOLD 0}

--> [Player5]'s action: {BET 59}

---------------------------------------------------------------
# æè¿°: cycle1_match2 | å°ç›²æ³¨: 1
# é˜¶æ®µ: PREFLOP, åº•æ± : 75, å½“å‰é‡‘é¢: 61, å‰ä¸€æ¬¡åŠ æ³¨é‡‘é¢: 59
# å…¬å…±ç‰Œ: [** ** ** ** **]
[Player1]@BTN    æ‰‹ç‰Œ:[** **]   å·²ä¸‹æ³¨:0, å‰©ä½™èµ„é‡‘:116, çŠ¶æ€:OUT
[Player2]@SB     æ‰‹ç‰Œ:[** **]   å·²ä¸‹æ³¨:10, å‰©ä½™èµ„é‡‘:88, çŠ¶æ€:PLAYING
[Player3]@BB     æ‰‹ç‰Œ:[** **]   å·²ä¸‹æ³¨:2, å‰©ä½™èµ„é‡‘:98, çŠ¶æ€:OUT
[Player4]        æ‰‹ç‰Œ:[** **]   å·²ä¸‹æ³¨:0, å‰©ä½™èµ„é‡‘:100, çŠ¶æ€:OUT
[Player5]        æ‰‹ç‰Œ:[** **]   å·²ä¸‹æ³¨:61, å‰©ä½™èµ„é‡‘:32, çŠ¶æ€:PLAYING
[Player6]        æ‰‹ç‰Œ:[â™¥J â™¥2]   å·²ä¸‹æ³¨:2, å‰©ä½™èµ„é‡‘:91, çŠ¶æ€:PLAYING

--> You are Player6, please choose (enter number): 
[!] Bet  <insufficient bankroll>
[2] Call --> 59
[3] Fold
[4] AllIn --> 91
--> [Player6]'s action: {FOLD 0}

[2023-08-07 02:20:53] [31mDEBUG[0m - [Player2]: investRatio: 0.68
[2023-08-07 02:20:53] [31mDEBUG[0m - [Player2]: winRate: 0.5869333
--> [Player2]'s action: {FOLD 0}

---------------------------------------------------------------
# æè¿°: cycle1_match2 | å°ç›²æ³¨: 1
# é˜¶æ®µ: FINISH, åº•æ± : 0, å½“å‰é‡‘é¢: 61, å‰ä¸€æ¬¡åŠ æ³¨é‡‘é¢: 59
# å…¬å…±ç‰Œ: [** ** ** ** **]
[Player1]        æ‰‹ç‰Œ:[** **]   å·²ä¸‹æ³¨:0, å‰©ä½™èµ„é‡‘:116, çŠ¶æ€:OUT
[Player2]@SB     æ‰‹ç‰Œ:[** **]   å·²ä¸‹æ³¨:0, å‰©ä½™èµ„é‡‘:88, çŠ¶æ€:OUT
[Player3]@BB     æ‰‹ç‰Œ:[** **]   å·²ä¸‹æ³¨:0, å‰©ä½™èµ„é‡‘:98, çŠ¶æ€:OUT
[Player4]        æ‰‹ç‰Œ:[** **]   å·²ä¸‹æ³¨:0, å‰©ä½™èµ„é‡‘:100, çŠ¶æ€:OUT
[Player5]        æ‰‹ç‰Œ:[** **]   å·²ä¸‹æ³¨:0, å‰©ä½™èµ„é‡‘:107, çŠ¶æ€:PLAYING
[Player6]        æ‰‹ç‰Œ:[** **]   å·²ä¸‹æ³¨:0, å‰©ä½™èµ„é‡‘:91, çŠ¶æ€:OUT

Winner is: Player5
Score: No score, all others folded.
Match finish. Press enter to begin next match.
---------------------------------------------------------------
# æè¿°: cycle1_match3 | å°ç›²æ³¨: 1
# é˜¶æ®µ: PREFLOP, åº•æ± : 3, å½“å‰é‡‘é¢: 2, å‰ä¸€æ¬¡åŠ æ³¨é‡‘é¢: 0
# å…¬å…±ç‰Œ: [** ** ** ** **]
[Player1]        æ‰‹ç‰Œ:[** **]   å·²ä¸‹æ³¨:0, å‰©ä½™èµ„é‡‘:116, çŠ¶æ€:PLAYING
[Player2]@BTN    æ‰‹ç‰Œ:[** **]   å·²ä¸‹æ³¨:0, å‰©ä½™èµ„é‡‘:88, çŠ¶æ€:PLAYING
[Player3]@SB     æ‰‹ç‰Œ:[** **]   å·²ä¸‹æ³¨:1, å‰©ä½™èµ„é‡‘:97, çŠ¶æ€:PLAYING
[Player4]@BB     æ‰‹ç‰Œ:[** **]   å·²ä¸‹æ³¨:2, å‰©ä½™èµ„é‡‘:98, çŠ¶æ€:PLAYING
[Player5]@UTG    æ‰‹ç‰Œ:[** **]   å·²ä¸‹æ³¨:0, å‰©ä½™èµ„é‡‘:107, çŠ¶æ€:PLAYING
[Player6]        æ‰‹ç‰Œ:[** **]   å·²ä¸‹æ³¨:0, å‰©ä½™èµ„é‡‘:91, çŠ¶æ€:PLAYING

--> [Player5]'s action: {BET 14}

---------------------------------------------------------------
# æè¿°: cycle1_match3 | å°ç›²æ³¨: 1
# é˜¶æ®µ: PREFLOP, åº•æ± : 17, å½“å‰é‡‘é¢: 14, å‰ä¸€æ¬¡åŠ æ³¨é‡‘é¢: 14
# å…¬å…±ç‰Œ: [** ** ** ** **]
[Player1]        æ‰‹ç‰Œ:[** **]   å·²ä¸‹æ³¨:0, å‰©ä½™èµ„é‡‘:116, çŠ¶æ€:PLAYING
[Player2]@BTN    æ‰‹ç‰Œ:[** **]   å·²ä¸‹æ³¨:0, å‰©ä½™èµ„é‡‘:88, çŠ¶æ€:PLAYING
[Player3]@SB     æ‰‹ç‰Œ:[** **]   å·²ä¸‹æ³¨:1, å‰©ä½™èµ„é‡‘:97, çŠ¶æ€:PLAYING
[Player4]@BB     æ‰‹ç‰Œ:[** **]   å·²ä¸‹æ³¨:2, å‰©ä½™èµ„é‡‘:98, çŠ¶æ€:PLAYING
[Player5]@UTG    æ‰‹ç‰Œ:[** **]   å·²ä¸‹æ³¨:14, å‰©ä½™èµ„é‡‘:93, çŠ¶æ€:PLAYING
[Player6]        æ‰‹ç‰Œ:[â™¥6 â™ 9]   å·²ä¸‹æ³¨:0, å‰©ä½™èµ„é‡‘:91, çŠ¶æ€:PLAYING

--> You are Player6, please choose (enter number): 
[1] Bet --> [28, 91]
[2] Call --> 14
[3] Fold
[4] AllIn --> 91
--> [Player6]'s action: {FOLD 0}

[2023-08-07 02:21:19] [31mDEBUG[0m - [Player1]: investRatio: 0.8235294
[2023-08-07 02:21:19] [31mDEBUG[0m - [Player1]: winRate: 0.16065067
--> [Player1]'s action: {FOLD 0}

[2023-08-07 02:21:19] [31mDEBUG[0m - [Player2]: investRatio: 0.8235294
[2023-08-07 02:21:20] [31mDEBUG[0m - [Player2]: winRate: 0.26304
--> [Player2]'s action: {FOLD 0}

[2023-08-07 02:21:20] [31mDEBUG[0m - [Player3]: investRatio: 0.7647059
[2023-08-07 02:21:20] [31mDEBUG[0m - [Player3]: winRate: 0.26444668
--> [Player3]'s action: {FOLD 0}

[2023-08-07 02:21:20] [31mDEBUG[0m - [Player4]: investRatio: 0.7058824
[2023-08-07 02:21:20] [31mDEBUG[0m - [Player4]: winRate: 0.5420883
--> [Player4]'s action: {FOLD 0}

---------------------------------------------------------------
# æè¿°: cycle1_match3 | å°ç›²æ³¨: 1
# é˜¶æ®µ: FINISH, åº•æ± : 0, å½“å‰é‡‘é¢: 14, å‰ä¸€æ¬¡åŠ æ³¨é‡‘é¢: 14
# å…¬å…±ç‰Œ: [** ** ** ** **]
[Player1]        æ‰‹ç‰Œ:[** **]   å·²ä¸‹æ³¨:0, å‰©ä½™èµ„é‡‘:116, çŠ¶æ€:OUT
[Player2]        æ‰‹ç‰Œ:[** **]   å·²ä¸‹æ³¨:0, å‰©ä½™èµ„é‡‘:88, çŠ¶æ€:OUT
[Player3]@SB     æ‰‹ç‰Œ:[** **]   å·²ä¸‹æ³¨:0, å‰©ä½™èµ„é‡‘:97, çŠ¶æ€:OUT
[Player4]@BB     æ‰‹ç‰Œ:[** **]   å·²ä¸‹æ³¨:0, å‰©ä½™èµ„é‡‘:98, çŠ¶æ€:OUT
[Player5]        æ‰‹ç‰Œ:[** **]   å·²ä¸‹æ³¨:0, å‰©ä½™èµ„é‡‘:110, çŠ¶æ€:PLAYING
[Player6]        æ‰‹ç‰Œ:[** **]   å·²ä¸‹æ³¨:0, å‰©ä½™èµ„é‡‘:91, çŠ¶æ€:OUT

Winner is: Player5
Score: No score, all others folded.
Match finish. Press enter to begin next match.
---------------------------------------------------------------
# æè¿°: cycle1_match4 | å°ç›²æ³¨: 1
# é˜¶æ®µ: PREFLOP, åº•æ± : 3, å½“å‰é‡‘é¢: 2, å‰ä¸€æ¬¡åŠ æ³¨é‡‘é¢: 0
# å…¬å…±ç‰Œ: [** ** ** ** **]
[Player1]        æ‰‹ç‰Œ:[** **]   å·²ä¸‹æ³¨:0, å‰©ä½™èµ„é‡‘:116, çŠ¶æ€:PLAYING
[Player2]        æ‰‹ç‰Œ:[** **]   å·²ä¸‹æ³¨:0, å‰©ä½™èµ„é‡‘:88, çŠ¶æ€:PLAYING
[Player3]@BTN    æ‰‹ç‰Œ:[** **]   å·²ä¸‹æ³¨:0, å‰©ä½™èµ„é‡‘:97, çŠ¶æ€:PLAYING
[Player4]@SB     æ‰‹ç‰Œ:[** **]   å·²ä¸‹æ³¨:1, å‰©ä½™èµ„é‡‘:97, çŠ¶æ€:PLAYING
[Player5]@BB     æ‰‹ç‰Œ:[** **]   å·²ä¸‹æ³¨:2, å‰©ä½™èµ„é‡‘:108, çŠ¶æ€:PLAYING
[Player6]@UTG    æ‰‹ç‰Œ:[** **]   å·²ä¸‹æ³¨:0, å‰©ä½™èµ„é‡‘:91, çŠ¶æ€:PLAYING

---------------------------------------------------------------
# æè¿°: cycle1_match4 | å°ç›²æ³¨: 1
# é˜¶æ®µ: PREFLOP, åº•æ± : 3, å½“å‰é‡‘é¢: 2, å‰ä¸€æ¬¡åŠ æ³¨é‡‘é¢: 0
# å…¬å…±ç‰Œ: [** ** ** ** **]
[Player1]        æ‰‹ç‰Œ:[** **]   å·²ä¸‹æ³¨:0, å‰©ä½™èµ„é‡‘:116, çŠ¶æ€:PLAYING
[Player2]        æ‰‹ç‰Œ:[** **]   å·²ä¸‹æ³¨:0, å‰©ä½™èµ„é‡‘:88, çŠ¶æ€:PLAYING
[Player3]@BTN    æ‰‹ç‰Œ:[** **]   å·²ä¸‹æ³¨:0, å‰©ä½™èµ„é‡‘:97, çŠ¶æ€:PLAYING
[Player4]@SB     æ‰‹ç‰Œ:[** **]   å·²ä¸‹æ³¨:1, å‰©ä½™èµ„é‡‘:97, çŠ¶æ€:PLAYING
[Player5]@BB     æ‰‹ç‰Œ:[** **]   å·²ä¸‹æ³¨:2, å‰©ä½™èµ„é‡‘:108, çŠ¶æ€:PLAYING
[Player6]@UTG    æ‰‹ç‰Œ:[â™£5 â™¦10]  å·²ä¸‹æ³¨:0, å‰©ä½™èµ„é‡‘:91, çŠ¶æ€:PLAYING

--> You are Player6, please choose (enter number): 
[1] Bet --> [4, 91]
[2] Call --> 2
[3] Fold
[4] AllIn --> 91
--> [Player6]'s action: {FOLD 0}

[2023-08-07 02:21:26] [31mDEBUG[0m - [Player1]: investRatio: 0.6666667
[2023-08-07 02:21:27] [31mDEBUG[0m - [Player1]: winRate: 0.12522666
--> [Player1]'s action: {FOLD 0}

[2023-08-07 02:21:27] [31mDEBUG[0m - [Player2]: investRatio: 0.6666667
[2023-08-07 02:21:27] [31mDEBUG[0m - [Player2]: winRate: 0.25254
--> [Player2]'s action: {FOLD 0}

[2023-08-07 02:21:27] [31mDEBUG[0m - [Player3]: investRatio: 0.6666667
[2023-08-07 02:21:28] [31mDEBUG[0m - [Player3]: winRate: 0.31506333
--> [Player3]'s action: {FOLD 0}

[2023-08-07 02:21:28] [31mDEBUG[0m - [Player4]: investRatio: 0.33333334
[2023-08-07 02:21:28] [31mDEBUG[0m - [Player4]: winRate: 0.34406668
--> [Player4]'s action: {FOLD 0}

---------------------------------------------------------------
# æè¿°: cycle1_match4 | å°ç›²æ³¨: 1
# é˜¶æ®µ: FINISH, åº•æ± : 0, å½“å‰é‡‘é¢: 2, å‰ä¸€æ¬¡åŠ æ³¨é‡‘é¢: 0
# å…¬å…±ç‰Œ: [** ** ** ** **]
[Player1]        æ‰‹ç‰Œ:[** **]   å·²ä¸‹æ³¨:0, å‰©ä½™èµ„é‡‘:116, çŠ¶æ€:OUT
[Player2]        æ‰‹ç‰Œ:[** **]   å·²ä¸‹æ³¨:0, å‰©ä½™èµ„é‡‘:88, çŠ¶æ€:OUT
[Player3]        æ‰‹ç‰Œ:[** **]   å·²ä¸‹æ³¨:0, å‰©ä½™èµ„é‡‘:97, çŠ¶æ€:OUT
[Player4]@SB     æ‰‹ç‰Œ:[** **]   å·²ä¸‹æ³¨:0, å‰©ä½™èµ„é‡‘:97, çŠ¶æ€:OUT
[Player5]@BB     æ‰‹ç‰Œ:[** **]   å·²ä¸‹æ³¨:0, å‰©ä½™èµ„é‡‘:111, çŠ¶æ€:PLAYING
[Player6]        æ‰‹ç‰Œ:[** **]   å·²ä¸‹æ³¨:0, å‰©ä½™èµ„é‡‘:91, çŠ¶æ€:OUT

Winner is: Player5
Score: No score, all others folded.
Match finish. Press enter to begin next match.
---------------------------------------------------------------
# æè¿°: cycle1_match5 | å°ç›²æ³¨: 1
# é˜¶æ®µ: PREFLOP, åº•æ± : 3, å½“å‰é‡‘é¢: 2, å‰ä¸€æ¬¡åŠ æ³¨é‡‘é¢: 0
# å…¬å…±ç‰Œ: [** ** ** ** **]
[Player1]@UTG    æ‰‹ç‰Œ:[** **]   å·²ä¸‹æ³¨:0, å‰©ä½™èµ„é‡‘:116, çŠ¶æ€:PLAYING
[Player2]        æ‰‹ç‰Œ:[** **]   å·²ä¸‹æ³¨:0, å‰©ä½™èµ„é‡‘:88, çŠ¶æ€:PLAYING
[Player3]        æ‰‹ç‰Œ:[** **]   å·²ä¸‹æ³¨:0, å‰©ä½™èµ„é‡‘:97, çŠ¶æ€:PLAYING
[Player4]@BTN    æ‰‹ç‰Œ:[** **]   å·²ä¸‹æ³¨:0, å‰©ä½™èµ„é‡‘:97, çŠ¶æ€:PLAYING
[Player5]@SB     æ‰‹ç‰Œ:[** **]   å·²ä¸‹æ³¨:1, å‰©ä½™èµ„é‡‘:110, çŠ¶æ€:PLAYING
[Player6]@BB     æ‰‹ç‰Œ:[** **]   å·²ä¸‹æ³¨:2, å‰©ä½™èµ„é‡‘:89, çŠ¶æ€:PLAYING

[2023-08-07 02:21:31] [31mDEBUG[0m - [Player1]: investRatio: 0.6666667
[2023-08-07 02:21:31] [31mDEBUG[0m - [Player1]: winRate: 0.09765556
--> [Player1]'s action: {FOLD 0}

[2023-08-07 02:21:31] [31mDEBUG[0m - [Player2]: investRatio: 0.6666667
[2023-08-07 02:21:32] [31mDEBUG[0m - [Player2]: winRate: 0.157252
--> [Player2]'s action: {FOLD 0}

[2023-08-07 02:21:32] [31mDEBUG[0m - [Player3]: investRatio: 0.6666667
[2023-08-07 02:21:32] [31mDEBUG[0m - [Player3]: winRate: 0.22379
--> [Player3]'s action: {FOLD 0}

[2023-08-07 02:21:32] [31mDEBUG[0m - [Player4]: investRatio: 0.6666667
[2023-08-07 02:21:33] [31mDEBUG[0m - [Player4]: winRate: 0.23490112
--> [Player4]'s action: {FOLD 0}

--> [Player5]'s action: {CALL 1}

---------------------------------------------------------------
# æè¿°: cycle1_match5 | å°ç›²æ³¨: 1
# é˜¶æ®µ: PREFLOP, åº•æ± : 4, å½“å‰é‡‘é¢: 2, å‰ä¸€æ¬¡åŠ æ³¨é‡‘é¢: 0
# å…¬å…±ç‰Œ: [** ** ** ** **]
[Player1]        æ‰‹ç‰Œ:[** **]   å·²ä¸‹æ³¨:0, å‰©ä½™èµ„é‡‘:116, çŠ¶æ€:OUT
[Player2]        æ‰‹ç‰Œ:[** **]   å·²ä¸‹æ³¨:0, å‰©ä½™èµ„é‡‘:88, çŠ¶æ€:OUT
[Player3]        æ‰‹ç‰Œ:[** **]   å·²ä¸‹æ³¨:0, å‰©ä½™èµ„é‡‘:97, çŠ¶æ€:OUT
[Player4]        æ‰‹ç‰Œ:[** **]   å·²ä¸‹æ³¨:0, å‰©ä½™èµ„é‡‘:97, çŠ¶æ€:OUT
[Player5]@SB     æ‰‹ç‰Œ:[** **]   å·²ä¸‹æ³¨:2, å‰©ä½™èµ„é‡‘:109, çŠ¶æ€:PLAYING
[Player6]@BB     æ‰‹ç‰Œ:[â™¥5 â™ A]   å·²ä¸‹æ³¨:2, å‰©ä½™èµ„é‡‘:89, çŠ¶æ€:PLAYING

--> You are Player6, please choose (enter number): 
[1] Bet --> [2, 89]
[2] Check
[3] Fold
[4] AllIn --> 89
--> How much do you want to bet? [2, 88]
--> [Player6]'s action: {BET 10}

--> [Player5]'s action: {CALL 10}

---------------------------------------------------------------
# æè¿°: cycle1_match5 | å°ç›²æ³¨: 1
# é˜¶æ®µ: FLOP, åº•æ± : 24, å½“å‰é‡‘é¢: 12, å‰ä¸€æ¬¡åŠ æ³¨é‡‘é¢: 0
# å…¬å…±ç‰Œ: [â™¦10 â™¥7 â™£8 ** **]
[Player1]        æ‰‹ç‰Œ:[** **]   å·²ä¸‹æ³¨:0, å‰©ä½™èµ„é‡‘:116, çŠ¶æ€:OUT
[Player2]        æ‰‹ç‰Œ:[** **]   å·²ä¸‹æ³¨:0, å‰©ä½™èµ„é‡‘:88, çŠ¶æ€:OUT
[Player3]        æ‰‹ç‰Œ:[** **]   å·²ä¸‹æ³¨:0, å‰©ä½™èµ„é‡‘:97, çŠ¶æ€:OUT
[Player4]        æ‰‹ç‰Œ:[** **]   å·²ä¸‹æ³¨:0, å‰©ä½™èµ„é‡‘:97, çŠ¶æ€:OUT
[Player5]@SB     æ‰‹ç‰Œ:[** **]   å·²ä¸‹æ³¨:12, å‰©ä½™èµ„é‡‘:99, çŠ¶æ€:PLAYING
[Player6]@BB     æ‰‹ç‰Œ:[** **]   å·²ä¸‹æ³¨:12, å‰©ä½™èµ„é‡‘:79, çŠ¶æ€:PLAYING

--> [Player5]'s action: {CALL 0}

---------------------------------------------------------------
# æè¿°: cycle1_match5 | å°ç›²æ³¨: 1
# é˜¶æ®µ: FLOP, åº•æ± : 24, å½“å‰é‡‘é¢: 12, å‰ä¸€æ¬¡åŠ æ³¨é‡‘é¢: 0
# å…¬å…±ç‰Œ: [â™¦10 â™¥7 â™£8 ** **]
[Player1]        æ‰‹ç‰Œ:[** **]   å·²ä¸‹æ³¨:0, å‰©ä½™èµ„é‡‘:116, çŠ¶æ€:OUT
[Player2]        æ‰‹ç‰Œ:[** **]   å·²ä¸‹æ³¨:0, å‰©ä½™èµ„é‡‘:88, çŠ¶æ€:OUT
[Player3]        æ‰‹ç‰Œ:[** **]   å·²ä¸‹æ³¨:0, å‰©ä½™èµ„é‡‘:97, çŠ¶æ€:OUT
[Player4]        æ‰‹ç‰Œ:[** **]   å·²ä¸‹æ³¨:0, å‰©ä½™èµ„é‡‘:97, çŠ¶æ€:OUT
[Player5]@SB     æ‰‹ç‰Œ:[** **]   å·²ä¸‹æ³¨:12, å‰©ä½™èµ„é‡‘:99, çŠ¶æ€:PLAYING
[Player6]@BB     æ‰‹ç‰Œ:[â™¥5 â™ A]   å·²ä¸‹æ³¨:12, å‰©ä½™èµ„é‡‘:79, çŠ¶æ€:PLAYING

--> You are Player6, please choose (enter number): 
[1] Bet --> [2, 79]
[2] Check
[3] Fold
[4] AllIn --> 79
--> [Player6]'s action: {CALL 0}

---------------------------------------------------------------
# æè¿°: cycle1_match5 | å°ç›²æ³¨: 1
# é˜¶æ®µ: TURN, åº•æ± : 24, å½“å‰é‡‘é¢: 12, å‰ä¸€æ¬¡åŠ æ³¨é‡‘é¢: 0
# å…¬å…±ç‰Œ: [â™¦10 â™¥7 â™£8 â™£10 **]
[Player1]        æ‰‹ç‰Œ:[** **]   å·²ä¸‹æ³¨:0, å‰©ä½™èµ„é‡‘:116, çŠ¶æ€:OUT
[Player2]        æ‰‹ç‰Œ:[** **]   å·²ä¸‹æ³¨:0, å‰©ä½™èµ„é‡‘:88, çŠ¶æ€:OUT
[Player3]        æ‰‹ç‰Œ:[** **]   å·²ä¸‹æ³¨:0, å‰©ä½™èµ„é‡‘:97, çŠ¶æ€:OUT
[Player4]        æ‰‹ç‰Œ:[** **]   å·²ä¸‹æ³¨:0, å‰©ä½™èµ„é‡‘:97, çŠ¶æ€:OUT
[Player5]@SB     æ‰‹ç‰Œ:[** **]   å·²ä¸‹æ³¨:12, å‰©ä½™èµ„é‡‘:99, çŠ¶æ€:PLAYING
[Player6]@BB     æ‰‹ç‰Œ:[** **]   å·²ä¸‹æ³¨:12, å‰©ä½™èµ„é‡‘:79, çŠ¶æ€:PLAYING

--> [Player5]'s action: {CALL 0}

---------------------------------------------------------------
# æè¿°: cycle1_match5 | å°ç›²æ³¨: 1
# é˜¶æ®µ: TURN, åº•æ± : 24, å½“å‰é‡‘é¢: 12, å‰ä¸€æ¬¡åŠ æ³¨é‡‘é¢: 0
# å…¬å…±ç‰Œ: [â™¦10 â™¥7 â™£8 â™£10 **]
[Player1]        æ‰‹ç‰Œ:[** **]   å·²ä¸‹æ³¨:0, å‰©ä½™èµ„é‡‘:116, çŠ¶æ€:OUT
[Player2]        æ‰‹ç‰Œ:[** **]   å·²ä¸‹æ³¨:0, å‰©ä½™èµ„é‡‘:88, çŠ¶æ€:OUT
[Player3]        æ‰‹ç‰Œ:[** **]   å·²ä¸‹æ³¨:0, å‰©ä½™èµ„é‡‘:97, çŠ¶æ€:OUT
[Player4]        æ‰‹ç‰Œ:[** **]   å·²ä¸‹æ³¨:0, å‰©ä½™èµ„é‡‘:97, çŠ¶æ€:OUT
[Player5]@SB     æ‰‹ç‰Œ:[** **]   å·²ä¸‹æ³¨:12, å‰©ä½™èµ„é‡‘:99, çŠ¶æ€:PLAYING
[Player6]@BB     æ‰‹ç‰Œ:[â™¥5 â™ A]   å·²ä¸‹æ³¨:12, å‰©ä½™èµ„é‡‘:79, çŠ¶æ€:PLAYING

--> You are Player6, please choose (enter number): 
[1] Bet --> [2, 79]
[2] Check
[3] Fold
[4] AllIn --> 79
--> [Player6]'s action: {CALL 0}

---------------------------------------------------------------
# æè¿°: cycle1_match5 | å°ç›²æ³¨: 1
# é˜¶æ®µ: RIVER, åº•æ± : 24, å½“å‰é‡‘é¢: 12, å‰ä¸€æ¬¡åŠ æ³¨é‡‘é¢: 0
# å…¬å…±ç‰Œ: [â™¦10 â™¥7 â™£8 â™£10 â™¦A]
[Player1]        æ‰‹ç‰Œ:[** **]   å·²ä¸‹æ³¨:0, å‰©ä½™èµ„é‡‘:116, çŠ¶æ€:OUT
[Player2]        æ‰‹ç‰Œ:[** **]   å·²ä¸‹æ³¨:0, å‰©ä½™èµ„é‡‘:88, çŠ¶æ€:OUT
[Player3]        æ‰‹ç‰Œ:[** **]   å·²ä¸‹æ³¨:0, å‰©ä½™èµ„é‡‘:97, çŠ¶æ€:OUT
[Player4]        æ‰‹ç‰Œ:[** **]   å·²ä¸‹æ³¨:0, å‰©ä½™èµ„é‡‘:97, çŠ¶æ€:OUT
[Player5]@SB     æ‰‹ç‰Œ:[** **]   å·²ä¸‹æ³¨:12, å‰©ä½™èµ„é‡‘:99, çŠ¶æ€:PLAYING
[Player6]@BB     æ‰‹ç‰Œ:[** **]   å·²ä¸‹æ³¨:12, å‰©ä½™èµ„é‡‘:79, çŠ¶æ€:PLAYING

--> [Player5]'s action: {CALL 0}

---------------------------------------------------------------
# æè¿°: cycle1_match5 | å°ç›²æ³¨: 1
# é˜¶æ®µ: RIVER, åº•æ± : 24, å½“å‰é‡‘é¢: 12, å‰ä¸€æ¬¡åŠ æ³¨é‡‘é¢: 0
# å…¬å…±ç‰Œ: [â™¦10 â™¥7 â™£8 â™£10 â™¦A]
[Player1]        æ‰‹ç‰Œ:[** **]   å·²ä¸‹æ³¨:0, å‰©ä½™èµ„é‡‘:116, çŠ¶æ€:OUT
[Player2]        æ‰‹ç‰Œ:[** **]   å·²ä¸‹æ³¨:0, å‰©ä½™èµ„é‡‘:88, çŠ¶æ€:OUT
[Player3]        æ‰‹ç‰Œ:[** **]   å·²ä¸‹æ³¨:0, å‰©ä½™èµ„é‡‘:97, çŠ¶æ€:OUT
[Player4]        æ‰‹ç‰Œ:[** **]   å·²ä¸‹æ³¨:0, å‰©ä½™èµ„é‡‘:97, çŠ¶æ€:OUT
[Player5]@SB     æ‰‹ç‰Œ:[** **]   å·²ä¸‹æ³¨:12, å‰©ä½™èµ„é‡‘:99, çŠ¶æ€:PLAYING
[Player6]@BB     æ‰‹ç‰Œ:[â™¥5 â™ A]   å·²ä¸‹æ³¨:12, å‰©ä½™èµ„é‡‘:79, çŠ¶æ€:PLAYING

--> You are Player6, please choose (enter number): 
[1] Bet --> [2, 79]
[2] Check
[3] Fold
[4] AllIn --> 79
--> [Player6]'s action: {ALL_IN 79}

--> [Player5]'s action: {CALL 79}

---------------------------------------------------------------
# æè¿°: cycle1_match5 | å°ç›²æ³¨: 1
# é˜¶æ®µ: SHOWDOWN, åº•æ± : 182, å½“å‰é‡‘é¢: 91, å‰ä¸€æ¬¡åŠ æ³¨é‡‘é¢: 0
# å…¬å…±ç‰Œ: [â™¦10 â™¥7 â™£8 â™£10 â™¦A]
[Player1]        æ‰‹ç‰Œ:[** **]   å·²ä¸‹æ³¨:0, å‰©ä½™èµ„é‡‘:116, çŠ¶æ€:OUT
[Player2]        æ‰‹ç‰Œ:[** **]   å·²ä¸‹æ³¨:0, å‰©ä½™èµ„é‡‘:88, çŠ¶æ€:OUT
[Player3]        æ‰‹ç‰Œ:[** **]   å·²ä¸‹æ³¨:0, å‰©ä½™èµ„é‡‘:97, çŠ¶æ€:OUT
[Player4]        æ‰‹ç‰Œ:[** **]   å·²ä¸‹æ³¨:0, å‰©ä½™èµ„é‡‘:97, çŠ¶æ€:OUT
[Player5]@SB     æ‰‹ç‰Œ:[â™ 9 â™£6]   å·²ä¸‹æ³¨:91, å‰©ä½™èµ„é‡‘:20, çŠ¶æ€:PLAYING
[Player6]@BB     æ‰‹ç‰Œ:[â™¥5 â™ A]   å·²ä¸‹æ³¨:91, å‰©ä½™èµ„é‡‘:0, çŠ¶æ€:ALLIN

---------------------------------------------------------------
# æè¿°: cycle1_match5 | å°ç›²æ³¨: 1
# é˜¶æ®µ: FINISH, åº•æ± : 0, å½“å‰é‡‘é¢: 91, å‰ä¸€æ¬¡åŠ æ³¨é‡‘é¢: 0
# å…¬å…±ç‰Œ: [â™¦10 â™¥7 â™£8 â™£10 â™¦A]
[Player1]@UTG    æ‰‹ç‰Œ:[** **]   å·²ä¸‹æ³¨:0, å‰©ä½™èµ„é‡‘:116, çŠ¶æ€:PLAYING
[Player2]        æ‰‹ç‰Œ:[** **]   å·²ä¸‹æ³¨:0, å‰©ä½™èµ„é‡‘:88, çŠ¶æ€:PLAYING
[Player3]        æ‰‹ç‰Œ:[** **]   å·²ä¸‹æ³¨:0, å‰©ä½™èµ„é‡‘:97, çŠ¶æ€:PLAYING
[Player4]@BTN    æ‰‹ç‰Œ:[** **]   å·²ä¸‹æ³¨:0, å‰©ä½™èµ„é‡‘:97, çŠ¶æ€:PLAYING
[Player5]@SB     æ‰‹ç‰Œ:[â™ 9 â™£6]   å·²ä¸‹æ³¨:0, å‰©ä½™èµ„é‡‘:202, çŠ¶æ€:PLAYING
[Player6]@BB     æ‰‹ç‰Œ:[â™¥5 â™ A]   å·²ä¸‹æ³¨:0, å‰©ä½™èµ„é‡‘:0, çŠ¶æ€:OUT

Winner is: Player5
Score: {Straight [â™£10 â™ 9 â™£8 â™¥7 â™£6] 4694390} 
Match finish. Press enter to begin next match.
---------------------------------------------------------------
# æè¿°: cycle2_match1 | å°ç›²æ³¨: 2
# é˜¶æ®µ: PREFLOP, åº•æ± : 6, å½“å‰é‡‘é¢: 4, å‰ä¸€æ¬¡åŠ æ³¨é‡‘é¢: 0
# å…¬å…±ç‰Œ: [** ** ** ** **]
[Player1]@SB     æ‰‹ç‰Œ:[** **]   å·²ä¸‹æ³¨:2, å‰©ä½™èµ„é‡‘:114, çŠ¶æ€:PLAYING
[Player2]@BB     æ‰‹ç‰Œ:[** **]   å·²ä¸‹æ³¨:4, å‰©ä½™èµ„é‡‘:84, çŠ¶æ€:PLAYING
[Player3]@UTG    æ‰‹ç‰Œ:[** **]   å·²ä¸‹æ³¨:0, å‰©ä½™èµ„é‡‘:97, çŠ¶æ€:PLAYING
[Player4]        æ‰‹ç‰Œ:[** **]   å·²ä¸‹æ³¨:0, å‰©ä½™èµ„é‡‘:97, çŠ¶æ€:PLAYING
[Player5]@BTN    æ‰‹ç‰Œ:[** **]   å·²ä¸‹æ³¨:0, å‰©ä½™èµ„é‡‘:202, çŠ¶æ€:PLAYING
[Player6]        æ‰‹ç‰Œ:[]        å·²ä¸‹æ³¨:0, å‰©ä½™èµ„é‡‘:0, çŠ¶æ€:OUT

[2023-08-07 02:22:01] [31mDEBUG[0m - [Player3]: investRatio: 0.6666667
[2023-08-07 02:22:01] [31mDEBUG[0m - [Player3]: winRate: 0.15743934
--> [Player3]'s action: {FOLD 0}

[2023-08-07 02:22:01] [31mDEBUG[0m - [Player4]: investRatio: 0.6666667
[2023-08-07 02:22:02] [31mDEBUG[0m - [Player4]: winRate: 0.18659917
--> [Player4]'s action: {FOLD 0}

--> [Player5]'s action: {BET 48}

[2023-08-07 02:22:02] [31mDEBUG[0m - [Player1]: investRatio: 0.8518519
[2023-08-07 02:22:02] [31mDEBUG[0m - [Player1]: winRate: 0.39507112
--> [Player1]'s action: {FOLD 0}

[2023-08-07 02:22:02] [31mDEBUG[0m - [Player2]: investRatio: 0.8148148
[2023-08-07 02:22:02] [31mDEBUG[0m - [Player2]: winRate: 0.62498665
--> [Player2]'s action: {FOLD 0}

---------------------------------------------------------------
# æè¿°: cycle2_match1 | å°ç›²æ³¨: 2
# é˜¶æ®µ: FINISH, åº•æ± : 0, å½“å‰é‡‘é¢: 48, å‰ä¸€æ¬¡åŠ æ³¨é‡‘é¢: 48
# å…¬å…±ç‰Œ: [** ** ** ** **]
[Player1]@SB     æ‰‹ç‰Œ:[** **]   å·²ä¸‹æ³¨:0, å‰©ä½™èµ„é‡‘:114, çŠ¶æ€:OUT
[Player2]@BB     æ‰‹ç‰Œ:[** **]   å·²ä¸‹æ³¨:0, å‰©ä½™èµ„é‡‘:84, çŠ¶æ€:OUT
[Player3]        æ‰‹ç‰Œ:[** **]   å·²ä¸‹æ³¨:0, å‰©ä½™èµ„é‡‘:97, çŠ¶æ€:OUT
[Player4]        æ‰‹ç‰Œ:[** **]   å·²ä¸‹æ³¨:0, å‰©ä½™èµ„é‡‘:97, çŠ¶æ€:OUT
[Player5]        æ‰‹ç‰Œ:[** **]   å·²ä¸‹æ³¨:0, å‰©ä½™èµ„é‡‘:208, çŠ¶æ€:PLAYING
[Player6]        æ‰‹ç‰Œ:[]        å·²ä¸‹æ³¨:0, å‰©ä½™èµ„é‡‘:0, çŠ¶æ€:OUT

Winner is: Player5
Score: No score, all others folded.
Match finish. Press enter to begin next match.
---------------------------------------------------------------
# æè¿°: cycle2_match2 | å°ç›²æ³¨: 2
# é˜¶æ®µ: PREFLOP, åº•æ± : 6, å½“å‰é‡‘é¢: 4, å‰ä¸€æ¬¡åŠ æ³¨é‡‘é¢: 0
# å…¬å…±ç‰Œ: [** ** ** ** **]
[Player1]@BTN    æ‰‹ç‰Œ:[** **]   å·²ä¸‹æ³¨:0, å‰©ä½™èµ„é‡‘:114, çŠ¶æ€:PLAYING
[Player2]@SB     æ‰‹ç‰Œ:[** **]   å·²ä¸‹æ³¨:2, å‰©ä½™èµ„é‡‘:82, çŠ¶æ€:PLAYING
[Player3]@BB     æ‰‹ç‰Œ:[** **]   å·²ä¸‹æ³¨:4, å‰©ä½™èµ„é‡‘:93, çŠ¶æ€:PLAYING
[Player4]@UTG    æ‰‹ç‰Œ:[** **]   å·²ä¸‹æ³¨:0, å‰©ä½™èµ„é‡‘:97, çŠ¶æ€:PLAYING
[Player5]        æ‰‹ç‰Œ:[** **]   å·²ä¸‹æ³¨:0, å‰©ä½™èµ„é‡‘:208, çŠ¶æ€:PLAYING
[Player6]        æ‰‹ç‰Œ:[]        å·²ä¸‹æ³¨:0, å‰©ä½™èµ„é‡‘:0, çŠ¶æ€:OUT

[2023-08-07 02:22:04] [31mDEBUG[0m - [Player4]: investRatio: 0.6666667
[2023-08-07 02:22:04] [31mDEBUG[0m - [Player4]: winRate: 0.19742534
--> [Player4]'s action: {FOLD 0}

--> [Player5]'s action: {ALL_IN 208}

[2023-08-07 02:22:04] [31mDEBUG[0m - [Player1]: investRatio: 0.53271025
[2023-08-07 02:22:04] [31mDEBUG[0m - [Player1]: winRate: 0.29045
--> [Player1]'s action: {FOLD 0}

[2023-08-07 02:22:04] [31mDEBUG[0m - [Player2]: investRatio: 0.38317758
[2023-08-07 02:22:05] [31mDEBUG[0m - [Player2]: winRate: 0.37954888
[2023-08-07 02:22:05] [31mDEBUG[0m - [Player2]: expectedAmount: 289
--> [Player2]'s action: {ALL_IN 82}

[2023-08-07 02:22:05] [31mDEBUG[0m - [Player3]: investRatio: 0.3141892
[2023-08-07 02:22:05] [31mDEBUG[0m - [Player3]: winRate: 0.34722778
[2023-08-07 02:22:05] [31mDEBUG[0m - [Player3]: expectedAmount: 375
--> [Player3]'s action: {ALL_IN 93}

---------------------------------------------------------------
# æè¿°: cycle2_match2 | å°ç›²æ³¨: 2
# é˜¶æ®µ: SHOWDOWN, åº•æ± : 389, å½“å‰é‡‘é¢: 208, å‰ä¸€æ¬¡åŠ æ³¨é‡‘é¢: 0
# å…¬å…±ç‰Œ: [â™ 5 â™ 7 â™¥7 â™£2 â™¥6]
[Player1]@BTN    æ‰‹ç‰Œ:[** **]   å·²ä¸‹æ³¨:0, å‰©ä½™èµ„é‡‘:114, çŠ¶æ€:OUT
[Player2]@SB     æ‰‹ç‰Œ:[â™ J â™¥10]  å·²ä¸‹æ³¨:84, å‰©ä½™èµ„é‡‘:0, çŠ¶æ€:ALLIN
[Player3]@BB     æ‰‹ç‰Œ:[â™¦K â™ 6]   å·²ä¸‹æ³¨:97, å‰©ä½™èµ„é‡‘:0, çŠ¶æ€:ALLIN
[Player4]        æ‰‹ç‰Œ:[** **]   å·²ä¸‹æ³¨:0, å‰©ä½™èµ„é‡‘:97, çŠ¶æ€:OUT
[Player5]        æ‰‹ç‰Œ:[â™ 10 â™ 3]  å·²ä¸‹æ³¨:208, å‰©ä½™èµ„é‡‘:0, çŠ¶æ€:ALLIN
[Player6]        æ‰‹ç‰Œ:[]        å·²ä¸‹æ³¨:0, å‰©ä½™èµ„é‡‘:0, çŠ¶æ€:OUT

---------------------------------------------------------------
# æè¿°: cycle2_match2 | å°ç›²æ³¨: 2
# é˜¶æ®µ: FINISH, åº•æ± : 0, å½“å‰é‡‘é¢: 111, å‰ä¸€æ¬¡åŠ æ³¨é‡‘é¢: 0
# å…¬å…±ç‰Œ: [â™ 5 â™ 7 â™¥7 â™£2 â™¥6]
[Player1]@BTN    æ‰‹ç‰Œ:[** **]   å·²ä¸‹æ³¨:0, å‰©ä½™èµ„é‡‘:114, çŠ¶æ€:PLAYING
[Player2]@SB     æ‰‹ç‰Œ:[â™ J â™¥10]  å·²ä¸‹æ³¨:0, å‰©ä½™èµ„é‡‘:0, çŠ¶æ€:OUT
[Player3]@BB     æ‰‹ç‰Œ:[â™¦K â™ 6]   å·²ä¸‹æ³¨:0, å‰©ä½™èµ„é‡‘:278, çŠ¶æ€:PLAYING
[Player4]@UTG    æ‰‹ç‰Œ:[** **]   å·²ä¸‹æ³¨:0, å‰©ä½™èµ„é‡‘:97, çŠ¶æ€:PLAYING
[Player5]        æ‰‹ç‰Œ:[â™ 10 â™ 3]  å·²ä¸‹æ³¨:0, å‰©ä½™èµ„é‡‘:111, çŠ¶æ€:PLAYING
[Player6]        æ‰‹ç‰Œ:[]        å·²ä¸‹æ³¨:0, å‰©ä½™èµ„é‡‘:0, çŠ¶æ€:OUT

Winner is: Player3
Score: {Two pair [â™ 7 â™¥7 â™ 6 â™¥6 â™¦K] 2489069} 
Match finish. Press enter to begin next match.
---------------------------------------------------------------
# æè¿°: cycle2_match3 | å°ç›²æ³¨: 2
# é˜¶æ®µ: PREFLOP, åº•æ± : 6, å½“å‰é‡‘é¢: 4, å‰ä¸€æ¬¡åŠ æ³¨é‡‘é¢: 0
# å…¬å…±ç‰Œ: [** ** ** ** **]
[Player1]@BTN    æ‰‹ç‰Œ:[** **]   å·²ä¸‹æ³¨:0, å‰©ä½™èµ„é‡‘:114, çŠ¶æ€:PLAYING
[Player2]        æ‰‹ç‰Œ:[]        å·²ä¸‹æ³¨:0, å‰©ä½™èµ„é‡‘:0, çŠ¶æ€:OUT
[Player3]@SB     æ‰‹ç‰Œ:[** **]   å·²ä¸‹æ³¨:2, å‰©ä½™èµ„é‡‘:276, çŠ¶æ€:PLAYING
[Player4]@BB     æ‰‹ç‰Œ:[** **]   å·²ä¸‹æ³¨:4, å‰©ä½™èµ„é‡‘:93, çŠ¶æ€:PLAYING
[Player5]@UTG    æ‰‹ç‰Œ:[** **]   å·²ä¸‹æ³¨:0, å‰©ä½™èµ„é‡‘:111, çŠ¶æ€:PLAYING
[Player6]        æ‰‹ç‰Œ:[]        å·²ä¸‹æ³¨:0, å‰©ä½™èµ„é‡‘:0, çŠ¶æ€:OUT

--> [Player5]'s action: {CALL 4}

[2023-08-07 02:22:06] [31mDEBUG[0m - [Player1]: investRatio: 0.4
[2023-08-07 02:22:06] [31mDEBUG[0m - [Player1]: winRate: 0.1867075
--> [Player1]'s action: {FOLD 0}

[2023-08-07 02:22:06] [31mDEBUG[0m - [Player3]: investRatio: 0.2
[2023-08-07 02:22:07] [31mDEBUG[0m - [Player3]: winRate: 0.23173554
[2023-08-07 02:22:07] [31mDEBUG[0m - [Player3]: expectedAmount: 6
--> [Player3]'s action: {BET 6}

[2023-08-07 02:22:07] [31mDEBUG[0m - [Player4]: investRatio: 0.25
[2023-08-07 02:22:07] [31mDEBUG[0m - [Player4]: winRate: 0.21902221
--> [Player4]'s action: {FOLD 0}

--> [Player5]'s action: {FOLD 0}

---------------------------------------------------------------
# æè¿°: cycle2_match3 | å°ç›²æ³¨: 2
# é˜¶æ®µ: FINISH, åº•æ± : 0, å½“å‰é‡‘é¢: 8, å‰ä¸€æ¬¡åŠ æ³¨é‡‘é¢: 6
# å…¬å…±ç‰Œ: [** ** ** ** **]
[Player1]        æ‰‹ç‰Œ:[** **]   å·²ä¸‹æ³¨:0, å‰©ä½™èµ„é‡‘:114, çŠ¶æ€:OUT
[Player2]        æ‰‹ç‰Œ:[]        å·²ä¸‹æ³¨:0, å‰©ä½™èµ„é‡‘:0, çŠ¶æ€:OUT
[Player3]@SB     æ‰‹ç‰Œ:[** **]   å·²ä¸‹æ³¨:0, å‰©ä½™èµ„é‡‘:286, çŠ¶æ€:PLAYING
[Player4]@BB     æ‰‹ç‰Œ:[** **]   å·²ä¸‹æ³¨:0, å‰©ä½™èµ„é‡‘:93, çŠ¶æ€:OUT
[Player5]        æ‰‹ç‰Œ:[** **]   å·²ä¸‹æ³¨:0, å‰©ä½™èµ„é‡‘:107, çŠ¶æ€:OUT
[Player6]        æ‰‹ç‰Œ:[]        å·²ä¸‹æ³¨:0, å‰©ä½™èµ„é‡‘:0, çŠ¶æ€:OUT

Winner is: Player3
Score: No score, all others folded.
Match finish. Press enter to begin next match.
---------------------------------------------------------------
# æè¿°: cycle2_match4 | å°ç›²æ³¨: 2
# é˜¶æ®µ: PREFLOP, åº•æ± : 6, å½“å‰é‡‘é¢: 4, å‰ä¸€æ¬¡åŠ æ³¨é‡‘é¢: 0
# å…¬å…±ç‰Œ: [** ** ** ** **]
[Player1]@UTG    æ‰‹ç‰Œ:[** **]   å·²ä¸‹æ³¨:0, å‰©ä½™èµ„é‡‘:114, çŠ¶æ€:PLAYING
[Player2]        æ‰‹ç‰Œ:[]        å·²ä¸‹æ³¨:0, å‰©ä½™èµ„é‡‘:0, çŠ¶æ€:OUT
[Player3]@BTN    æ‰‹ç‰Œ:[** **]   å·²ä¸‹æ³¨:0, å‰©ä½™èµ„é‡‘:286, çŠ¶æ€:PLAYING
[Player4]@SB     æ‰‹ç‰Œ:[** **]   å·²ä¸‹æ³¨:2, å‰©ä½™èµ„é‡‘:91, çŠ¶æ€:PLAYING
[Player5]@BB     æ‰‹ç‰Œ:[** **]   å·²ä¸‹æ³¨:4, å‰©ä½™èµ„é‡‘:103, çŠ¶æ€:PLAYING
[Player6]        æ‰‹ç‰Œ:[]        å·²ä¸‹æ³¨:0, å‰©ä½™èµ„é‡‘:0, çŠ¶æ€:OUT

[2023-08-07 02:22:08] [31mDEBUG[0m - [Player1]: investRatio: 0.6666667
[2023-08-07 02:22:09] [31mDEBUG[0m - [Player1]: winRate: 0.20984
--> [Player1]'s action: {FOLD 0}

[2023-08-07 02:22:09] [31mDEBUG[0m - [Player3]: investRatio: 0.6666667
[2023-08-07 02:22:09] [31mDEBUG[0m - [Player3]: winRate: 0.4240922
--> [Player3]'s action: {FOLD 0}

[2023-08-07 02:22:09] [31mDEBUG[0m - [Player4]: investRatio: 0.33333334
[2023-08-07 02:22:09] [31mDEBUG[0m - [Player4]: winRate: 0.61069167
[2023-08-07 02:22:09] [31mDEBUG[0m - [Player4]: expectedAmount: 30
--> [Player4]'s action: {BET 30}

--> [Player5]'s action: {CALL 28}

---------------------------------------------------------------
# æè¿°: cycle2_match4 | å°ç›²æ³¨: 2
# é˜¶æ®µ: FLOP, åº•æ± : 64, å½“å‰é‡‘é¢: 32, å‰ä¸€æ¬¡åŠ æ³¨é‡‘é¢: 0
# å…¬å…±ç‰Œ: [â™£7 â™¦4 â™£4 ** **]
[Player1]        æ‰‹ç‰Œ:[** **]   å·²ä¸‹æ³¨:0, å‰©ä½™èµ„é‡‘:114, çŠ¶æ€:OUT
[Player2]        æ‰‹ç‰Œ:[]        å·²ä¸‹æ³¨:0, å‰©ä½™èµ„é‡‘:0, çŠ¶æ€:OUT
[Player3]        æ‰‹ç‰Œ:[** **]   å·²ä¸‹æ³¨:0, å‰©ä½™èµ„é‡‘:286, çŠ¶æ€:OUT
[Player4]@SB     æ‰‹ç‰Œ:[** **]   å·²ä¸‹æ³¨:32, å‰©ä½™èµ„é‡‘:61, çŠ¶æ€:PLAYING
[Player5]@BB     æ‰‹ç‰Œ:[** **]   å·²ä¸‹æ³¨:32, å‰©ä½™èµ„é‡‘:75, çŠ¶æ€:PLAYING
[Player6]        æ‰‹ç‰Œ:[]        å·²ä¸‹æ³¨:0, å‰©ä½™èµ„é‡‘:0, çŠ¶æ€:OUT

[2023-08-07 02:22:09] [31mDEBUG[0m - [Player4]: investRatio: 0
[2023-08-07 02:22:09] [31mDEBUG[0m - [Player4]: winRate: 0.43509668
[2023-08-07 02:22:09] [31mDEBUG[0m - [Player4]: expectedAmount: 56
--> [Player4]'s action: {BET 56}

--> [Player5]'s action: {CALL 56}

---------------------------------------------------------------
# æè¿°: cycle2_match4 | å°ç›²æ³¨: 2
# é˜¶æ®µ: TURN, åº•æ± : 176, å½“å‰é‡‘é¢: 88, å‰ä¸€æ¬¡åŠ æ³¨é‡‘é¢: 0
# å…¬å…±ç‰Œ: [â™£7 â™¦4 â™£4 â™£Q **]
[Player1]        æ‰‹ç‰Œ:[** **]   å·²ä¸‹æ³¨:0, å‰©ä½™èµ„é‡‘:114, çŠ¶æ€:OUT
[Player2]        æ‰‹ç‰Œ:[]        å·²ä¸‹æ³¨:0, å‰©ä½™èµ„é‡‘:0, çŠ¶æ€:OUT
[Player3]        æ‰‹ç‰Œ:[** **]   å·²ä¸‹æ³¨:0, å‰©ä½™èµ„é‡‘:286, çŠ¶æ€:OUT
[Player4]@SB     æ‰‹ç‰Œ:[** **]   å·²ä¸‹æ³¨:88, å‰©ä½™èµ„é‡‘:5, çŠ¶æ€:PLAYING
[Player5]@BB     æ‰‹ç‰Œ:[** **]   å·²ä¸‹æ³¨:88, å‰©ä½™èµ„é‡‘:19, çŠ¶æ€:PLAYING
[Player6]        æ‰‹ç‰Œ:[]        å·²ä¸‹æ³¨:0, å‰©ä½™èµ„é‡‘:0, çŠ¶æ€:OUT

[2023-08-07 02:22:09] [31mDEBUG[0m - [Player4]: investRatio: 0
[2023-08-07 02:22:10] [31mDEBUG[0m - [Player4]: winRate: 0.729795
[2023-08-07 02:22:10] [31mDEBUG[0m - [Player4]: expectedAmount: 827
--> [Player4]'s action: {ALL_IN 5}

--> [Player5]'s action: {CALL 5}

---------------------------------------------------------------
# æè¿°: cycle2_match4 | å°ç›²æ³¨: 2
# é˜¶æ®µ: SHOWDOWN, åº•æ± : 186, å½“å‰é‡‘é¢: 93, å‰ä¸€æ¬¡åŠ æ³¨é‡‘é¢: 0
# å…¬å…±ç‰Œ: [â™£7 â™¦4 â™£4 â™£Q â™£9]
[Player1]        æ‰‹ç‰Œ:[** **]   å·²ä¸‹æ³¨:0, å‰©ä½™èµ„é‡‘:114, çŠ¶æ€:OUT
[Player2]        æ‰‹ç‰Œ:[]        å·²ä¸‹æ³¨:0, å‰©ä½™èµ„é‡‘:0, çŠ¶æ€:OUT
[Player3]        æ‰‹ç‰Œ:[** **]   å·²ä¸‹æ³¨:0, å‰©ä½™èµ„é‡‘:286, çŠ¶æ€:OUT
[Player4]@SB     æ‰‹ç‰Œ:[â™¦10 â™¦Q]  å·²ä¸‹æ³¨:93, å‰©ä½™èµ„é‡‘:0, çŠ¶æ€:ALLIN
[Player5]@BB     æ‰‹ç‰Œ:[â™¥8 â™¦9]   å·²ä¸‹æ³¨:93, å‰©ä½™èµ„é‡‘:14, çŠ¶æ€:PLAYING
[Player6]        æ‰‹ç‰Œ:[]        å·²ä¸‹æ³¨:0, å‰©ä½™èµ„é‡‘:0, çŠ¶æ€:OUT

---------------------------------------------------------------
# æè¿°: cycle2_match4 | å°ç›²æ³¨: 2
# é˜¶æ®µ: FINISH, åº•æ± : 0, å½“å‰é‡‘é¢: 93, å‰ä¸€æ¬¡åŠ æ³¨é‡‘é¢: 0
# å…¬å…±ç‰Œ: [â™£7 â™¦4 â™£4 â™£Q â™£9]
[Player1]@UTG    æ‰‹ç‰Œ:[** **]   å·²ä¸‹æ³¨:0, å‰©ä½™èµ„é‡‘:114, çŠ¶æ€:PLAYING
[Player2]        æ‰‹ç‰Œ:[]        å·²ä¸‹æ³¨:0, å‰©ä½™èµ„é‡‘:0, çŠ¶æ€:OUT
[Player3]@BTN    æ‰‹ç‰Œ:[** **]   å·²ä¸‹æ³¨:0, å‰©ä½™èµ„é‡‘:286, çŠ¶æ€:PLAYING
[Player4]@SB     æ‰‹ç‰Œ:[â™¦10 â™¦Q]  å·²ä¸‹æ³¨:0, å‰©ä½™èµ„é‡‘:186, çŠ¶æ€:PLAYING
[Player5]@BB     æ‰‹ç‰Œ:[â™¥8 â™¦9]   å·²ä¸‹æ³¨:0, å‰©ä½™èµ„é‡‘:14, çŠ¶æ€:PLAYING
[Player6]        æ‰‹ç‰Œ:[]        å·²ä¸‹æ³¨:0, å‰©ä½™èµ„é‡‘:0, çŠ¶æ€:OUT

Winner is: Player4
Score: {Two pair [â™¦Q â™£Q â™¦4 â™£4 â™¦10] 2836682} 
Match finish. Press enter to begin next match.
---------------------------------------------------------------
# æè¿°: cycle3_match1 | å°ç›²æ³¨: 3
# é˜¶æ®µ: PREFLOP, åº•æ± : 9, å½“å‰é‡‘é¢: 6, å‰ä¸€æ¬¡åŠ æ³¨é‡‘é¢: 0
# å…¬å…±ç‰Œ: [** ** ** ** **]
[Player1]@BB     æ‰‹ç‰Œ:[** **]   å·²ä¸‹æ³¨:6, å‰©ä½™èµ„é‡‘:108, çŠ¶æ€:PLAYING
[Player2]        æ‰‹ç‰Œ:[]        å·²ä¸‹æ³¨:0, å‰©ä½™èµ„é‡‘:0, çŠ¶æ€:OUT
[Player3]@UTG    æ‰‹ç‰Œ:[** **]   å·²ä¸‹æ³¨:0, å‰©ä½™èµ„é‡‘:286, çŠ¶æ€:PLAYING
[Player4]@BTN    æ‰‹ç‰Œ:[** **]   å·²ä¸‹æ³¨:0, å‰©ä½™èµ„é‡‘:186, çŠ¶æ€:PLAYING
[Player5]@SB     æ‰‹ç‰Œ:[** **]   å·²ä¸‹æ³¨:3, å‰©ä½™èµ„é‡‘:11, çŠ¶æ€:PLAYING
[Player6]        æ‰‹ç‰Œ:[]        å·²ä¸‹æ³¨:0, å‰©ä½™èµ„é‡‘:0, çŠ¶æ€:OUT

[2023-08-07 02:22:11] [31mDEBUG[0m - [Player3]: investRatio: 0.6666667
[2023-08-07 02:22:11] [31mDEBUG[0m - [Player3]: winRate: 0.20506667
--> [Player3]'s action: {FOLD 0}

[2023-08-07 02:22:11] [31mDEBUG[0m - [Player4]: investRatio: 0.6666667
[2023-08-07 02:22:11] [31mDEBUG[0m - [Player4]: winRate: 0.4439589
--> [Player4]'s action: {FOLD 0}

--> [Player5]'s action: {BET 10}

[2023-08-07 02:22:11] [31mDEBUG[0m - [Player1]: investRatio: 0.36842105
[2023-08-07 02:22:12] [31mDEBUG[0m - [Player1]: winRate: 0.62077
[2023-08-07 02:22:12] [31mDEBUG[0m - [Player1]: expectedAmount: 42
--> [Player1]'s action: {BET 42}

--> [Player5]'s action: {ALL_IN 1}

---------------------------------------------------------------
# æè¿°: cycle3_match1 | å°ç›²æ³¨: 3
# é˜¶æ®µ: SHOWDOWN, åº•æ± : 62, å½“å‰é‡‘é¢: 48, å‰ä¸€æ¬¡åŠ æ³¨é‡‘é¢: 0
# å…¬å…±ç‰Œ: [â™£7 â™£3 â™£10 â™¦7 â™¥8]
[Player1]@BB     æ‰‹ç‰Œ:[â™¦K â™¥Q]   å·²ä¸‹æ³¨:48, å‰©ä½™èµ„é‡‘:66, çŠ¶æ€:PLAYING
[Player2]        æ‰‹ç‰Œ:[]        å·²ä¸‹æ³¨:0, å‰©ä½™èµ„é‡‘:0, çŠ¶æ€:OUT
[Player3]        æ‰‹ç‰Œ:[** **]   å·²ä¸‹æ³¨:0, å‰©ä½™èµ„é‡‘:286, çŠ¶æ€:OUT
[Player4]        æ‰‹ç‰Œ:[** **]   å·²ä¸‹æ³¨:0, å‰©ä½™èµ„é‡‘:186, çŠ¶æ€:OUT
[Player5]@SB     æ‰‹ç‰Œ:[â™ 2 â™¦Q]   å·²ä¸‹æ³¨:14, å‰©ä½™èµ„é‡‘:0, çŠ¶æ€:ALLIN
[Player6]        æ‰‹ç‰Œ:[]        å·²ä¸‹æ³¨:0, å‰©ä½™èµ„é‡‘:0, çŠ¶æ€:OUT

---------------------------------------------------------------
# æè¿°: cycle3_match1 | å°ç›²æ³¨: 3
# é˜¶æ®µ: FINISH, åº•æ± : 0, å½“å‰é‡‘é¢: 48, å‰ä¸€æ¬¡åŠ æ³¨é‡‘é¢: 0
# å…¬å…±ç‰Œ: [â™£7 â™£3 â™£10 â™¦7 â™¥8]
[Player1]@BB     æ‰‹ç‰Œ:[â™¦K â™¥Q]   å·²ä¸‹æ³¨:0, å‰©ä½™èµ„é‡‘:128, çŠ¶æ€:PLAYING
[Player2]        æ‰‹ç‰Œ:[]        å·²ä¸‹æ³¨:0, å‰©ä½™èµ„é‡‘:0, çŠ¶æ€:OUT
[Player3]        æ‰‹ç‰Œ:[** **]   å·²ä¸‹æ³¨:0, å‰©ä½™èµ„é‡‘:286, çŠ¶æ€:PLAYING
[Player4]@BTN    æ‰‹ç‰Œ:[** **]   å·²ä¸‹æ³¨:0, å‰©ä½™èµ„é‡‘:186, çŠ¶æ€:PLAYING
[Player5]@SB     æ‰‹ç‰Œ:[â™ 2 â™¦Q]   å·²ä¸‹æ³¨:0, å‰©ä½™èµ„é‡‘:0, çŠ¶æ€:OUT
[Player6]        æ‰‹ç‰Œ:[]        å·²ä¸‹æ³¨:0, å‰©ä½™èµ„é‡‘:0, çŠ¶æ€:OUT

Winner is: Player1
Score: {One pair [â™¦7 â™£7 â™¦K â™¥Q â™£10] 1490954} 
Match finish. Press enter to begin next match.
---------------------------------------------------------------
# æè¿°: cycle3_match2 | å°ç›²æ³¨: 3
# é˜¶æ®µ: PREFLOP, åº•æ± : 9, å½“å‰é‡‘é¢: 6, å‰ä¸€æ¬¡åŠ æ³¨é‡‘é¢: 0
# å…¬å…±ç‰Œ: [** ** ** ** **]
[Player1]@SB     æ‰‹ç‰Œ:[** **]   å·²ä¸‹æ³¨:3, å‰©ä½™èµ„é‡‘:125, çŠ¶æ€:PLAYING
[Player2]        æ‰‹ç‰Œ:[]        å·²ä¸‹æ³¨:0, å‰©ä½™èµ„é‡‘:0, çŠ¶æ€:OUT
[Player3]@BB     æ‰‹ç‰Œ:[** **]   å·²ä¸‹æ³¨:6, å‰©ä½™èµ„é‡‘:280, çŠ¶æ€:PLAYING
[Player4]@BTN    æ‰‹ç‰Œ:[** **]   å·²ä¸‹æ³¨:0, å‰©ä½™èµ„é‡‘:186, çŠ¶æ€:PLAYING
[Player5]        æ‰‹ç‰Œ:[]        å·²ä¸‹æ³¨:0, å‰©ä½™èµ„é‡‘:0, çŠ¶æ€:OUT
[Player6]        æ‰‹ç‰Œ:[]        å·²ä¸‹æ³¨:0, å‰©ä½™èµ„é‡‘:0, çŠ¶æ€:OUT

[2023-08-07 02:22:13] [31mDEBUG[0m - [Player4]: investRatio: 0.6666667
[2023-08-07 02:22:14] [31mDEBUG[0m - [Player4]: winRate: 0.3169778
--> [Player4]'s action: {FOLD 0}

[2023-08-07 02:22:14] [31mDEBUG[0m - [Player1]: investRatio: 0.33333334
[2023-08-07 02:22:14] [31mDEBUG[0m - [Player1]: winRate: 0.43910834
[2023-08-07 02:22:14] [31mDEBUG[0m - [Player1]: expectedAmount: 8
--> [Player1]'s action: {CALL 3}

[2023-08-07 02:22:14] [31mDEBUG[0m - [Player3]: investRatio: 0
[2023-08-07 02:22:14] [31mDEBUG[0m - [Player3]: winRate: 0.439415
[2023-08-07 02:22:14] [31mDEBUG[0m - [Player3]: expectedAmount: 16
--> [Player3]'s action: {BET 16}

[2023-08-07 02:22:14] [31mDEBUG[0m - [Player1]: investRatio: 0.5714286
[2023-08-07 02:22:14] [31mDEBUG[0m - [Player1]: winRate: 0.43407333
--> [Player1]'s action: {FOLD 0}

---------------------------------------------------------------
# æè¿°: cycle3_match2 | å°ç›²æ³¨: 3
# é˜¶æ®µ: FINISH, åº•æ± : 0, å½“å‰é‡‘é¢: 22, å‰ä¸€æ¬¡åŠ æ³¨é‡‘é¢: 16
# å…¬å…±ç‰Œ: [** ** ** ** **]
[Player1]@SB     æ‰‹ç‰Œ:[** **]   å·²ä¸‹æ³¨:0, å‰©ä½™èµ„é‡‘:122, çŠ¶æ€:OUT
[Player2]        æ‰‹ç‰Œ:[]        å·²ä¸‹æ³¨:0, å‰©ä½™èµ„é‡‘:0, çŠ¶æ€:OUT
[Player3]@BB     æ‰‹ç‰Œ:[** **]   å·²ä¸‹æ³¨:0, å‰©ä½™èµ„é‡‘:292, çŠ¶æ€:PLAYING
[Player4]        æ‰‹ç‰Œ:[** **]   å·²ä¸‹æ³¨:0, å‰©ä½™èµ„é‡‘:186, çŠ¶æ€:OUT
[Player5]        æ‰‹ç‰Œ:[]        å·²ä¸‹æ³¨:0, å‰©ä½™èµ„é‡‘:0, çŠ¶æ€:OUT
[Player6]        æ‰‹ç‰Œ:[]        å·²ä¸‹æ³¨:0, å‰©ä½™èµ„é‡‘:0, çŠ¶æ€:OUT

Winner is: Player3
Score: No score, all others folded.
Match finish. Press enter to begin next match.
---------------------------------------------------------------
# æè¿°: cycle3_match3 | å°ç›²æ³¨: 3
# é˜¶æ®µ: PREFLOP, åº•æ± : 9, å½“å‰é‡‘é¢: 6, å‰ä¸€æ¬¡åŠ æ³¨é‡‘é¢: 0
# å…¬å…±ç‰Œ: [** ** ** ** **]
[Player1]@BTN    æ‰‹ç‰Œ:[** **]   å·²ä¸‹æ³¨:0, å‰©ä½™èµ„é‡‘:122, çŠ¶æ€:PLAYING
[Player2]        æ‰‹ç‰Œ:[]        å·²ä¸‹æ³¨:0, å‰©ä½™èµ„é‡‘:0, çŠ¶æ€:OUT
[Player3]@SB     æ‰‹ç‰Œ:[** **]   å·²ä¸‹æ³¨:3, å‰©ä½™èµ„é‡‘:289, çŠ¶æ€:PLAYING
[Player4]@BB     æ‰‹ç‰Œ:[** **]   å·²ä¸‹æ³¨:6, å‰©ä½™èµ„é‡‘:180, çŠ¶æ€:PLAYING
[Player5]        æ‰‹ç‰Œ:[]        å·²ä¸‹æ³¨:0, å‰©ä½™èµ„é‡‘:0, çŠ¶æ€:OUT
[Player6]        æ‰‹ç‰Œ:[]        å·²ä¸‹æ³¨:0, å‰©ä½™èµ„é‡‘:0, çŠ¶æ€:OUT

[2023-08-07 02:22:17] [31mDEBUG[0m - [Player1]: investRatio: 0.6666667
[2023-08-07 02:22:18] [31mDEBUG[0m - [Player1]: winRate: 0.336
--> [Player1]'s action: {FOLD 0}

[2023-08-07 02:22:18] [31mDEBUG[0m - [Player3]: investRatio: 0.33333334
[2023-08-07 02:22:18] [31mDEBUG[0m - [Player3]: winRate: 0.57026666
[2023-08-07 02:22:18] [31mDEBUG[0m - [Player3]: expectedAmount: 78
--> [Player3]'s action: {BET 78}

[2023-08-07 02:22:18] [31mDEBUG[0m - [Player4]: investRatio: 0.86206895
[2023-08-07 02:22:18] [31mDEBUG[0m - [Player4]: winRate: 0.582205
--> [Player4]'s action: {FOLD 0}

---------------------------------------------------------------
# æè¿°: cycle3_match3 | å°ç›²æ³¨: 3
# é˜¶æ®µ: FINISH, åº•æ± : 0, å½“å‰é‡‘é¢: 81, å‰ä¸€æ¬¡åŠ æ³¨é‡‘é¢: 78
# å…¬å…±ç‰Œ: [** ** ** ** **]
[Player1]        æ‰‹ç‰Œ:[** **]   å·²ä¸‹æ³¨:0, å‰©ä½™èµ„é‡‘:122, çŠ¶æ€:OUT
[Player2]        æ‰‹ç‰Œ:[]        å·²ä¸‹æ³¨:0, å‰©ä½™èµ„é‡‘:0, çŠ¶æ€:OUT
[Player3]@SB     æ‰‹ç‰Œ:[** **]   å·²ä¸‹æ³¨:0, å‰©ä½™èµ„é‡‘:298, çŠ¶æ€:PLAYING
[Player4]@BB     æ‰‹ç‰Œ:[** **]   å·²ä¸‹æ³¨:0, å‰©ä½™èµ„é‡‘:180, çŠ¶æ€:OUT
[Player5]        æ‰‹ç‰Œ:[]        å·²ä¸‹æ³¨:0, å‰©ä½™èµ„é‡‘:0, çŠ¶æ€:OUT
[Player6]        æ‰‹ç‰Œ:[]        å·²ä¸‹æ³¨:0, å‰©ä½™èµ„é‡‘:0, çŠ¶æ€:OUT

Winner is: Player3
Score: No score, all others folded.
Match finish. Press enter to begin next match.
---------------------------------------------------------------
# æè¿°: cycle4_match1 | å°ç›²æ³¨: 4
# é˜¶æ®µ: PREFLOP, åº•æ± : 12, å½“å‰é‡‘é¢: 8, å‰ä¸€æ¬¡åŠ æ³¨é‡‘é¢: 0
# å…¬å…±ç‰Œ: [** ** ** ** **]
[Player1]@BB     æ‰‹ç‰Œ:[** **]   å·²ä¸‹æ³¨:8, å‰©ä½™èµ„é‡‘:114, çŠ¶æ€:PLAYING
[Player2]        æ‰‹ç‰Œ:[]        å·²ä¸‹æ³¨:0, å‰©ä½™èµ„é‡‘:0, çŠ¶æ€:OUT
[Player3]@BTN    æ‰‹ç‰Œ:[** **]   å·²ä¸‹æ³¨:0, å‰©ä½™èµ„é‡‘:298, çŠ¶æ€:PLAYING
[Player4]@SB     æ‰‹ç‰Œ:[** **]   å·²ä¸‹æ³¨:4, å‰©ä½™èµ„é‡‘:176, çŠ¶æ€:PLAYING
[Player5]        æ‰‹ç‰Œ:[]        å·²ä¸‹æ³¨:0, å‰©ä½™èµ„é‡‘:0, çŠ¶æ€:OUT
[Player6]        æ‰‹ç‰Œ:[]        å·²ä¸‹æ³¨:0, å‰©ä½™èµ„é‡‘:0, çŠ¶æ€:OUT

[2023-08-07 02:22:19] [31mDEBUG[0m - [Player3]: investRatio: 0.6666667
[2023-08-07 02:22:19] [31mDEBUG[0m - [Player3]: winRate: 0.29955554
--> [Player3]'s action: {FOLD 0}

[2023-08-07 02:22:19] [31mDEBUG[0m - [Player4]: investRatio: 0.33333334
[2023-08-07 02:22:19] [31mDEBUG[0m - [Player4]: winRate: 0.45455334
[2023-08-07 02:22:19] [31mDEBUG[0m - [Player4]: expectedAmount: 17
--> [Player4]'s action: {BET 17}

[2023-08-07 02:22:19] [31mDEBUG[0m - [Player1]: investRatio: 0.44827586
[2023-08-07 02:22:20] [31mDEBUG[0m - [Player1]: winRate: 0.36994
--> [Player1]'s action: {FOLD 0}

---------------------------------------------------------------
# æè¿°: cycle4_match1 | å°ç›²æ³¨: 4
# é˜¶æ®µ: FINISH, åº•æ± : 0, å½“å‰é‡‘é¢: 21, å‰ä¸€æ¬¡åŠ æ³¨é‡‘é¢: 17
# å…¬å…±ç‰Œ: [** ** ** ** **]
[Player1]@BB     æ‰‹ç‰Œ:[** **]   å·²ä¸‹æ³¨:0, å‰©ä½™èµ„é‡‘:114, çŠ¶æ€:OUT
[Player2]        æ‰‹ç‰Œ:[]        å·²ä¸‹æ³¨:0, å‰©ä½™èµ„é‡‘:0, çŠ¶æ€:OUT
[Player3]        æ‰‹ç‰Œ:[** **]   å·²ä¸‹æ³¨:0, å‰©ä½™èµ„é‡‘:298, çŠ¶æ€:OUT
[Player4]@SB     æ‰‹ç‰Œ:[** **]   å·²ä¸‹æ³¨:0, å‰©ä½™èµ„é‡‘:188, çŠ¶æ€:PLAYING
[Player5]        æ‰‹ç‰Œ:[]        å·²ä¸‹æ³¨:0, å‰©ä½™èµ„é‡‘:0, çŠ¶æ€:OUT
[Player6]        æ‰‹ç‰Œ:[]        å·²ä¸‹æ³¨:0, å‰©ä½™èµ„é‡‘:0, çŠ¶æ€:OUT

Winner is: Player4
Score: No score, all others folded.
Match finish. Press enter to begin next match.
---------------------------------------------------------------
# æè¿°: cycle4_match2 | å°ç›²æ³¨: 4
# é˜¶æ®µ: PREFLOP, åº•æ± : 12, å½“å‰é‡‘é¢: 8, å‰ä¸€æ¬¡åŠ æ³¨é‡‘é¢: 0
# å…¬å…±ç‰Œ: [** ** ** ** **]
[Player1]@SB     æ‰‹ç‰Œ:[** **]   å·²ä¸‹æ³¨:4, å‰©ä½™èµ„é‡‘:110, çŠ¶æ€:PLAYING
[Player2]        æ‰‹ç‰Œ:[]        å·²ä¸‹æ³¨:0, å‰©ä½™èµ„é‡‘:0, çŠ¶æ€:OUT
[Player3]@BB     æ‰‹ç‰Œ:[** **]   å·²ä¸‹æ³¨:8, å‰©ä½™èµ„é‡‘:290, çŠ¶æ€:PLAYING
[Player4]@BTN    æ‰‹ç‰Œ:[** **]   å·²ä¸‹æ³¨:0, å‰©ä½™èµ„é‡‘:188, çŠ¶æ€:PLAYING
[Player5]        æ‰‹ç‰Œ:[]        å·²ä¸‹æ³¨:0, å‰©ä½™èµ„é‡‘:0, çŠ¶æ€:OUT
[Player6]        æ‰‹ç‰Œ:[]        å·²ä¸‹æ³¨:0, å‰©ä½™èµ„é‡‘:0, çŠ¶æ€:OUT

[2023-08-07 02:22:20] [31mDEBUG[0m - [Player4]: investRatio: 0.6666667
[2023-08-07 02:22:21] [31mDEBUG[0m - [Player4]: winRate: 0.2192
--> [Player4]'s action: {FOLD 0}

[2023-08-07 02:22:21] [31mDEBUG[0m - [Player1]: investRatio: 0.33333334
[2023-08-07 02:22:21] [31mDEBUG[0m - [Player1]: winRate: 0.5795067
[2023-08-07 02:22:21] [31mDEBUG[0m - [Player1]: expectedAmount: 74
--> [Player1]'s action: {BET 74}

[2023-08-07 02:22:21] [31mDEBUG[0m - [Player3]: investRatio: 0.81395346
[2023-08-07 02:22:21] [31mDEBUG[0m - [Player3]: winRate: 0.35878333
--> [Player3]'s action: {FOLD 0}

---------------------------------------------------------------
# æè¿°: cycle4_match2 | å°ç›²æ³¨: 4
# é˜¶æ®µ: FINISH, åº•æ± : 0, å½“å‰é‡‘é¢: 78, å‰ä¸€æ¬¡åŠ æ³¨é‡‘é¢: 74
# å…¬å…±ç‰Œ: [** ** ** ** **]
[Player1]@SB     æ‰‹ç‰Œ:[** **]   å·²ä¸‹æ³¨:0, å‰©ä½™èµ„é‡‘:122, çŠ¶æ€:PLAYING
[Player2]        æ‰‹ç‰Œ:[]        å·²ä¸‹æ³¨:0, å‰©ä½™èµ„é‡‘:0, çŠ¶æ€:OUT
[Player3]@BB     æ‰‹ç‰Œ:[** **]   å·²ä¸‹æ³¨:0, å‰©ä½™èµ„é‡‘:290, çŠ¶æ€:OUT
[Player4]        æ‰‹ç‰Œ:[** **]   å·²ä¸‹æ³¨:0, å‰©ä½™èµ„é‡‘:188, çŠ¶æ€:OUT
[Player5]        æ‰‹ç‰Œ:[]        å·²ä¸‹æ³¨:0, å‰©ä½™èµ„é‡‘:0, çŠ¶æ€:OUT
[Player6]        æ‰‹ç‰Œ:[]        å·²ä¸‹æ³¨:0, å‰©ä½™èµ„é‡‘:0, çŠ¶æ€:OUT

Winner is: Player1
Score: No score, all others folded.
Match finish. Press enter to begin next match.
---------------------------------------------------------------
# æè¿°: cycle4_match3 | å°ç›²æ³¨: 4
# é˜¶æ®µ: PREFLOP, åº•æ± : 12, å½“å‰é‡‘é¢: 8, å‰ä¸€æ¬¡åŠ æ³¨é‡‘é¢: 0
# å…¬å…±ç‰Œ: [** ** ** ** **]
[Player1]@BTN    æ‰‹ç‰Œ:[** **]   å·²ä¸‹æ³¨:0, å‰©ä½™èµ„é‡‘:122, çŠ¶æ€:PLAYING
[Player2]        æ‰‹ç‰Œ:[]        å·²ä¸‹æ³¨:0, å‰©ä½™èµ„é‡‘:0, çŠ¶æ€:OUT
[Player3]@SB     æ‰‹ç‰Œ:[** **]   å·²ä¸‹æ³¨:4, å‰©ä½™èµ„é‡‘:286, çŠ¶æ€:PLAYING
[Player4]@BB     æ‰‹ç‰Œ:[** **]   å·²ä¸‹æ³¨:8, å‰©ä½™èµ„é‡‘:180, çŠ¶æ€:PLAYING
[Player5]        æ‰‹ç‰Œ:[]        å·²ä¸‹æ³¨:0, å‰©ä½™èµ„é‡‘:0, çŠ¶æ€:OUT
[Player6]        æ‰‹ç‰Œ:[]        å·²ä¸‹æ³¨:0, å‰©ä½™èµ„é‡‘:0, çŠ¶æ€:OUT

[2023-08-07 02:22:22] [31mDEBUG[0m - [Player1]: investRatio: 0.6666667
[2023-08-07 02:22:22] [31mDEBUG[0m - [Player1]: winRate: 0.3614222
--> [Player1]'s action: {FOLD 0}

[2023-08-07 02:22:22] [31mDEBUG[0m - [Player3]: investRatio: 0.33333334
[2023-08-07 02:22:22] [31mDEBUG[0m - [Player3]: winRate: 0.38553834
[2023-08-07 02:22:22] [31mDEBUG[0m - [Player3]: expectedAmount: 15
--> [Player3]'s action: {BET 15}

[2023-08-07 02:22:22] [31mDEBUG[0m - [Player4]: investRatio: 0.4074074
[2023-08-07 02:22:23] [31mDEBUG[0m - [Player4]: winRate: 0.42706665
[2023-08-07 02:22:23] [31mDEBUG[0m - [Player4]: expectedAmount: 40
--> [Player4]'s action: {BET 40}

[2023-08-07 02:22:23] [31mDEBUG[0m - [Player3]: investRatio: 0.43283582
[2023-08-07 02:22:23] [31mDEBUG[0m - [Player3]: winRate: 0.38600832
--> [Player3]'s action: {FOLD 0}

---------------------------------------------------------------
# æè¿°: cycle4_match3 | å°ç›²æ³¨: 4
# é˜¶æ®µ: FINISH, åº•æ± : 0, å½“å‰é‡‘é¢: 48, å‰ä¸€æ¬¡åŠ æ³¨é‡‘é¢: 40
# å…¬å…±ç‰Œ: [** ** ** ** **]
[Player1]        æ‰‹ç‰Œ:[** **]   å·²ä¸‹æ³¨:0, å‰©ä½™èµ„é‡‘:122, çŠ¶æ€:OUT
[Player2]        æ‰‹ç‰Œ:[]        å·²ä¸‹æ³¨:0, å‰©ä½™èµ„é‡‘:0, çŠ¶æ€:OUT
[Player3]@SB     æ‰‹ç‰Œ:[** **]   å·²ä¸‹æ³¨:0, å‰©ä½™èµ„é‡‘:271, çŠ¶æ€:OUT
[Player4]@BB     æ‰‹ç‰Œ:[** **]   å·²ä¸‹æ³¨:0, å‰©ä½™èµ„é‡‘:207, çŠ¶æ€:PLAYING
[Player5]        æ‰‹ç‰Œ:[]        å·²ä¸‹æ³¨:0, å‰©ä½™èµ„é‡‘:0, çŠ¶æ€:OUT
[Player6]        æ‰‹ç‰Œ:[]        å·²ä¸‹æ³¨:0, å‰©ä½™èµ„é‡‘:0, çŠ¶æ€:OUT

Winner is: Player4
Score: No score, all others folded.
Match finish. Press enter to begin next match.
---------------------------------------------------------------
# æè¿°: cycle5_match1 | å°ç›²æ³¨: 5
# é˜¶æ®µ: PREFLOP, åº•æ± : 15, å½“å‰é‡‘é¢: 10, å‰ä¸€æ¬¡åŠ æ³¨é‡‘é¢: 0
# å…¬å…±ç‰Œ: [** ** ** ** **]
[Player1]@BB     æ‰‹ç‰Œ:[** **]   å·²ä¸‹æ³¨:10, å‰©ä½™èµ„é‡‘:112, çŠ¶æ€:PLAYING
[Player2]        æ‰‹ç‰Œ:[]        å·²ä¸‹æ³¨:0, å‰©ä½™èµ„é‡‘:0, çŠ¶æ€:OUT
[Player3]@BTN    æ‰‹ç‰Œ:[** **]   å·²ä¸‹æ³¨:0, å‰©ä½™èµ„é‡‘:271, çŠ¶æ€:PLAYING
[Player4]@SB     æ‰‹ç‰Œ:[** **]   å·²ä¸‹æ³¨:5, å‰©ä½™èµ„é‡‘:202, çŠ¶æ€:PLAYING
[Player5]        æ‰‹ç‰Œ:[]        å·²ä¸‹æ³¨:0, å‰©ä½™èµ„é‡‘:0, çŠ¶æ€:OUT
[Player6]        æ‰‹ç‰Œ:[]        å·²ä¸‹æ³¨:0, å‰©ä½™èµ„é‡‘:0, çŠ¶æ€:OUT

[2023-08-07 02:22:24] [31mDEBUG[0m - [Player3]: investRatio: 0.6666667
[2023-08-07 02:22:24] [31mDEBUG[0m - [Player3]: winRate: 0.25244445
--> [Player3]'s action: {FOLD 0}

[2023-08-07 02:22:24] [31mDEBUG[0m - [Player4]: investRatio: 0.33333334
[2023-08-07 02:22:24] [31mDEBUG[0m - [Player4]: winRate: 0.441385
[2023-08-07 02:22:24] [31mDEBUG[0m - [Player4]: expectedAmount: 65
--> [Player4]'s action: {BET 65}

[2023-08-07 02:22:24] [31mDEBUG[0m - [Player1]: investRatio: 0.75
[2023-08-07 02:22:25] [31mDEBUG[0m - [Player1]: winRate: 0.5523533
--> [Player1]'s action: {FOLD 0}

---------------------------------------------------------------
# æè¿°: cycle5_match1 | å°ç›²æ³¨: 5
# é˜¶æ®µ: FINISH, åº•æ± : 0, å½“å‰é‡‘é¢: 70, å‰ä¸€æ¬¡åŠ æ³¨é‡‘é¢: 65
# å…¬å…±ç‰Œ: [** ** ** ** **]
[Player1]@BB     æ‰‹ç‰Œ:[** **]   å·²ä¸‹æ³¨:0, å‰©ä½™èµ„é‡‘:112, çŠ¶æ€:OUT
[Player2]        æ‰‹ç‰Œ:[]        å·²ä¸‹æ³¨:0, å‰©ä½™èµ„é‡‘:0, çŠ¶æ€:OUT
[Player3]        æ‰‹ç‰Œ:[** **]   å·²ä¸‹æ³¨:0, å‰©ä½™èµ„é‡‘:271, çŠ¶æ€:OUT
[Player4]@SB     æ‰‹ç‰Œ:[** **]   å·²ä¸‹æ³¨:0, å‰©ä½™èµ„é‡‘:217, çŠ¶æ€:PLAYING
[Player5]        æ‰‹ç‰Œ:[]        å·²ä¸‹æ³¨:0, å‰©ä½™èµ„é‡‘:0, çŠ¶æ€:OUT
[Player6]        æ‰‹ç‰Œ:[]        å·²ä¸‹æ³¨:0, å‰©ä½™èµ„é‡‘:0, çŠ¶æ€:OUT

Winner is: Player4
Score: No score, all others folded.
Match finish. Press enter to begin next match.
---------------------------------------------------------------
# æè¿°: cycle5_match2 | å°ç›²æ³¨: 5
# é˜¶æ®µ: PREFLOP, åº•æ± : 15, å½“å‰é‡‘é¢: 10, å‰ä¸€æ¬¡åŠ æ³¨é‡‘é¢: 0
# å…¬å…±ç‰Œ: [** ** ** ** **]
[Player1]@SB     æ‰‹ç‰Œ:[** **]   å·²ä¸‹æ³¨:5, å‰©ä½™èµ„é‡‘:107, çŠ¶æ€:PLAYING
[Player2]        æ‰‹ç‰Œ:[]        å·²ä¸‹æ³¨:0, å‰©ä½™èµ„é‡‘:0, çŠ¶æ€:OUT
[Player3]@BB     æ‰‹ç‰Œ:[** **]   å·²ä¸‹æ³¨:10, å‰©ä½™èµ„é‡‘:261, çŠ¶æ€:PLAYING
[Player4]@BTN    æ‰‹ç‰Œ:[** **]   å·²ä¸‹æ³¨:0, å‰©ä½™èµ„é‡‘:217, çŠ¶æ€:PLAYING
[Player5]        æ‰‹ç‰Œ:[]        å·²ä¸‹æ³¨:0, å‰©ä½™èµ„é‡‘:0, çŠ¶æ€:OUT
[Player6]        æ‰‹ç‰Œ:[]        å·²ä¸‹æ³¨:0, å‰©ä½™èµ„é‡‘:0, çŠ¶æ€:OUT

[2023-08-07 02:22:25] [31mDEBUG[0m - [Player4]: investRatio: 0.6666667
[2023-08-07 02:22:26] [31mDEBUG[0m - [Player4]: winRate: 0.41475555
--> [Player4]'s action: {FOLD 0}

[2023-08-07 02:22:26] [31mDEBUG[0m - [Player1]: investRatio: 0.33333334
[2023-08-07 02:22:26] [31mDEBUG[0m - [Player1]: winRate: 0.5693967
[2023-08-07 02:22:26] [31mDEBUG[0m - [Player1]: expectedAmount: 62
--> [Player1]'s action: {BET 62}

[2023-08-07 02:22:26] [31mDEBUG[0m - [Player3]: investRatio: 0.74025977
[2023-08-07 02:22:26] [31mDEBUG[0m - [Player3]: winRate: 0.48901168
--> [Player3]'s action: {FOLD 0}

---------------------------------------------------------------
# æè¿°: cycle5_match2 | å°ç›²æ³¨: 5
# é˜¶æ®µ: FINISH, åº•æ± : 0, å½“å‰é‡‘é¢: 67, å‰ä¸€æ¬¡åŠ æ³¨é‡‘é¢: 62
# å…¬å…±ç‰Œ: [** ** ** ** **]
[Player1]@SB     æ‰‹ç‰Œ:[** **]   å·²ä¸‹æ³¨:0, å‰©ä½™èµ„é‡‘:122, çŠ¶æ€:PLAYING
[Player2]        æ‰‹ç‰Œ:[]        å·²ä¸‹æ³¨:0, å‰©ä½™èµ„é‡‘:0, çŠ¶æ€:OUT
[Player3]@BB     æ‰‹ç‰Œ:[** **]   å·²ä¸‹æ³¨:0, å‰©ä½™èµ„é‡‘:261, çŠ¶æ€:OUT
[Player4]        æ‰‹ç‰Œ:[** **]   å·²ä¸‹æ³¨:0, å‰©ä½™èµ„é‡‘:217, çŠ¶æ€:OUT
[Player5]        æ‰‹ç‰Œ:[]        å·²ä¸‹æ³¨:0, å‰©ä½™èµ„é‡‘:0, çŠ¶æ€:OUT
[Player6]        æ‰‹ç‰Œ:[]        å·²ä¸‹æ³¨:0, å‰©ä½™èµ„é‡‘:0, çŠ¶æ€:OUT

Winner is: Player1
Score: No score, all others folded.
Match finish. Press enter to begin next match.
---------------------------------------------------------------
# æè¿°: cycle5_match3 | å°ç›²æ³¨: 5
# é˜¶æ®µ: PREFLOP, åº•æ± : 15, å½“å‰é‡‘é¢: 10, å‰ä¸€æ¬¡åŠ æ³¨é‡‘é¢: 0
# å…¬å…±ç‰Œ: [** ** ** ** **]
[Player1]@BTN    æ‰‹ç‰Œ:[** **]   å·²ä¸‹æ³¨:0, å‰©ä½™èµ„é‡‘:122, çŠ¶æ€:PLAYING
[Player2]        æ‰‹ç‰Œ:[]        å·²ä¸‹æ³¨:0, å‰©ä½™èµ„é‡‘:0, çŠ¶æ€:OUT
[Player3]@SB     æ‰‹ç‰Œ:[** **]   å·²ä¸‹æ³¨:5, å‰©ä½™èµ„é‡‘:256, çŠ¶æ€:PLAYING
[Player4]@BB     æ‰‹ç‰Œ:[** **]   å·²ä¸‹æ³¨:10, å‰©ä½™èµ„é‡‘:207, çŠ¶æ€:PLAYING
[Player5]        æ‰‹ç‰Œ:[]        å·²ä¸‹æ³¨:0, å‰©ä½™èµ„é‡‘:0, çŠ¶æ€:OUT
[Player6]        æ‰‹ç‰Œ:[]        å·²ä¸‹æ³¨:0, å‰©ä½™èµ„é‡‘:0, çŠ¶æ€:OUT

[2023-08-07 02:22:27] [31mDEBUG[0m - [Player1]: investRatio: 0.6666667
[2023-08-07 02:22:27] [31mDEBUG[0m - [Player1]: winRate: 0.3408
--> [Player1]'s action: {FOLD 0}

[2023-08-07 02:22:27] [31mDEBUG[0m - [Player3]: investRatio: 0.33333334
[2023-08-07 02:22:28] [31mDEBUG[0m - [Player3]: winRate: 0.51887333
[2023-08-07 02:22:28] [31mDEBUG[0m - [Player3]: expectedAmount: 31
--> [Player3]'s action: {BET 31}

[2023-08-07 02:22:28] [31mDEBUG[0m - [Player4]: investRatio: 0.5652174
[2023-08-07 02:22:28] [31mDEBUG[0m - [Player4]: winRate: 0.6104183
[2023-08-07 02:22:28] [31mDEBUG[0m - [Player4]: expectedAmount: 136
--> [Player4]'s action: {BET 136}

[2023-08-07 02:22:28] [31mDEBUG[0m - [Player3]: investRatio: 0.6043956
[2023-08-07 02:22:28] [31mDEBUG[0m - [Player3]: winRate: 0.51650167
--> [Player3]'s action: {FOLD 0}

---------------------------------------------------------------
# æè¿°: cycle5_match3 | å°ç›²æ³¨: 5
# é˜¶æ®µ: FINISH, åº•æ± : 0, å½“å‰é‡‘é¢: 146, å‰ä¸€æ¬¡åŠ æ³¨é‡‘é¢: 136
# å…¬å…±ç‰Œ: [** ** ** ** **]
[Player1]        æ‰‹ç‰Œ:[** **]   å·²ä¸‹æ³¨:0, å‰©ä½™èµ„é‡‘:122, çŠ¶æ€:OUT
[Player2]        æ‰‹ç‰Œ:[]        å·²ä¸‹æ³¨:0, å‰©ä½™èµ„é‡‘:0, çŠ¶æ€:OUT
[Player3]@SB     æ‰‹ç‰Œ:[** **]   å·²ä¸‹æ³¨:0, å‰©ä½™èµ„é‡‘:225, çŠ¶æ€:OUT
[Player4]@BB     æ‰‹ç‰Œ:[** **]   å·²ä¸‹æ³¨:0, å‰©ä½™èµ„é‡‘:253, çŠ¶æ€:PLAYING
[Player5]        æ‰‹ç‰Œ:[]        å·²ä¸‹æ³¨:0, å‰©ä½™èµ„é‡‘:0, çŠ¶æ€:OUT
[Player6]        æ‰‹ç‰Œ:[]        å·²ä¸‹æ³¨:0, å‰©ä½™èµ„é‡‘:0, çŠ¶æ€:OUT

Winner is: Player4
Score: No score, all others folded.
Match finish. Press enter to begin next match.
---------------------------------------------------------------
# æè¿°: cycle6_match1 | å°ç›²æ³¨: 6
# é˜¶æ®µ: PREFLOP, åº•æ± : 18, å½“å‰é‡‘é¢: 12, å‰ä¸€æ¬¡åŠ æ³¨é‡‘é¢: 0
# å…¬å…±ç‰Œ: [** ** ** ** **]
[Player1]@BB     æ‰‹ç‰Œ:[** **]   å·²ä¸‹æ³¨:12, å‰©ä½™èµ„é‡‘:110, çŠ¶æ€:PLAYING
[Player2]        æ‰‹ç‰Œ:[]        å·²ä¸‹æ³¨:0, å‰©ä½™èµ„é‡‘:0, çŠ¶æ€:OUT
[Player3]@BTN    æ‰‹ç‰Œ:[** **]   å·²ä¸‹æ³¨:0, å‰©ä½™èµ„é‡‘:225, çŠ¶æ€:PLAYING
[Player4]@SB     æ‰‹ç‰Œ:[** **]   å·²ä¸‹æ³¨:6, å‰©ä½™èµ„é‡‘:247, çŠ¶æ€:PLAYING
[Player5]        æ‰‹ç‰Œ:[]        å·²ä¸‹æ³¨:0, å‰©ä½™èµ„é‡‘:0, çŠ¶æ€:OUT
[Player6]        æ‰‹ç‰Œ:[]        å·²ä¸‹æ³¨:0, å‰©ä½™èµ„é‡‘:0, çŠ¶æ€:OUT

[2023-08-07 02:22:28] [31mDEBUG[0m - [Player3]: investRatio: 0.6666667
[2023-08-07 02:22:29] [31mDEBUG[0m - [Player3]: winRate: 0.40971667
--> [Player3]'s action: {FOLD 0}

[2023-08-07 02:22:29] [31mDEBUG[0m - [Player4]: investRatio: 0.33333334
[2023-08-07 02:22:29] [31mDEBUG[0m - [Player4]: winRate: 0.412595
[2023-08-07 02:22:29] [31mDEBUG[0m - [Player4]: expectedAmount: 35
--> [Player4]'s action: {BET 35}

[2023-08-07 02:22:29] [31mDEBUG[0m - [Player1]: investRatio: 0.5471698
[2023-08-07 02:22:29] [31mDEBUG[0m - [Player1]: winRate: 0.447715
--> [Player1]'s action: {FOLD 0}

---------------------------------------------------------------
# æè¿°: cycle6_match1 | å°ç›²æ³¨: 6
# é˜¶æ®µ: FINISH, åº•æ± : 0, å½“å‰é‡‘é¢: 41, å‰ä¸€æ¬¡åŠ æ³¨é‡‘é¢: 35
# å…¬å…±ç‰Œ: [** ** ** ** **]
[Player1]@BB     æ‰‹ç‰Œ:[** **]   å·²ä¸‹æ³¨:0, å‰©ä½™èµ„é‡‘:110, çŠ¶æ€:OUT
[Player2]        æ‰‹ç‰Œ:[]        å·²ä¸‹æ³¨:0, å‰©ä½™èµ„é‡‘:0, çŠ¶æ€:OUT
[Player3]        æ‰‹ç‰Œ:[** **]   å·²ä¸‹æ³¨:0, å‰©ä½™èµ„é‡‘:225, çŠ¶æ€:OUT
[Player4]@SB     æ‰‹ç‰Œ:[** **]   å·²ä¸‹æ³¨:0, å‰©ä½™èµ„é‡‘:265, çŠ¶æ€:PLAYING
[Player5]        æ‰‹ç‰Œ:[]        å·²ä¸‹æ³¨:0, å‰©ä½™èµ„é‡‘:0, çŠ¶æ€:OUT
[Player6]        æ‰‹ç‰Œ:[]        å·²ä¸‹æ³¨:0, å‰©ä½™èµ„é‡‘:0, çŠ¶æ€:OUT

Winner is: Player4
Score: No score, all others folded.
Match finish. Press enter to begin next match.
---------------------------------------------------------------
# æè¿°: cycle6_match2 | å°ç›²æ³¨: 6
# é˜¶æ®µ: PREFLOP, åº•æ± : 18, å½“å‰é‡‘é¢: 12, å‰ä¸€æ¬¡åŠ æ³¨é‡‘é¢: 0
# å…¬å…±ç‰Œ: [** ** ** ** **]
[Player1]@SB     æ‰‹ç‰Œ:[** **]   å·²ä¸‹æ³¨:6, å‰©ä½™èµ„é‡‘:104, çŠ¶æ€:PLAYING
[Player2]        æ‰‹ç‰Œ:[]        å·²ä¸‹æ³¨:0, å‰©ä½™èµ„é‡‘:0, çŠ¶æ€:OUT
[Player3]@BB     æ‰‹ç‰Œ:[** **]   å·²ä¸‹æ³¨:12, å‰©ä½™èµ„é‡‘:213, çŠ¶æ€:PLAYING
[Player4]@BTN    æ‰‹ç‰Œ:[** **]   å·²ä¸‹æ³¨:0, å‰©ä½™èµ„é‡‘:265, çŠ¶æ€:PLAYING
[Player5]        æ‰‹ç‰Œ:[]        å·²ä¸‹æ³¨:0, å‰©ä½™èµ„é‡‘:0, çŠ¶æ€:OUT
[Player6]        æ‰‹ç‰Œ:[]        å·²ä¸‹æ³¨:0, å‰©ä½™èµ„é‡‘:0, çŠ¶æ€:OUT

[2023-08-07 02:22:30] [31mDEBUG[0m - [Player4]: investRatio: 0.6666667
[2023-08-07 02:22:30] [31mDEBUG[0m - [Player4]: winRate: 0.6499556
[2023-08-07 02:22:30] [31mDEBUG[0m - [Player4]: expectedAmount: 2147483647
--> [Player4]'s action: {ALL_IN 265}

[2023-08-07 02:22:30] [31mDEBUG[0m - [Player1]: investRatio: 0.36749116
[2023-08-07 02:22:30] [31mDEBUG[0m - [Player1]: winRate: 0.36747667
[2023-08-07 02:22:30] [31mDEBUG[0m - [Player1]: expectedAmount: 232
--> [Player1]'s action: {ALL_IN 104}

[2023-08-07 02:22:30] [31mDEBUG[0m - [Player3]: investRatio: 0.5503876
[2023-08-07 02:22:31] [31mDEBUG[0m - [Player3]: winRate: 0.22556333
--> [Player3]'s action: {FOLD 0}

---------------------------------------------------------------
# æè¿°: cycle6_match2 | å°ç›²æ³¨: 6
# é˜¶æ®µ: SHOWDOWN, åº•æ± : 387, å½“å‰é‡‘é¢: 265, å‰ä¸€æ¬¡åŠ æ³¨é‡‘é¢: 0
# å…¬å…±ç‰Œ: [â™¦Q â™¦K â™¥5 â™¥10 â™¥6]
[Player1]@SB     æ‰‹ç‰Œ:[â™¦10 â™¦9]  å·²ä¸‹æ³¨:110, å‰©ä½™èµ„é‡‘:0, çŠ¶æ€:ALLIN
[Player2]        æ‰‹ç‰Œ:[]        å·²ä¸‹æ³¨:0, å‰©ä½™èµ„é‡‘:0, çŠ¶æ€:OUT
[Player3]@BB     æ‰‹ç‰Œ:[** **]   å·²ä¸‹æ³¨:12, å‰©ä½™èµ„é‡‘:213, çŠ¶æ€:OUT
[Player4]        æ‰‹ç‰Œ:[â™¥Q â™£Q]   å·²ä¸‹æ³¨:265, å‰©ä½™èµ„é‡‘:0, çŠ¶æ€:ALLIN
[Player5]        æ‰‹ç‰Œ:[]        å·²ä¸‹æ³¨:0, å‰©ä½™èµ„é‡‘:0, çŠ¶æ€:OUT
[Player6]        æ‰‹ç‰Œ:[]        å·²ä¸‹æ³¨:0, å‰©ä½™èµ„é‡‘:0, çŠ¶æ€:OUT

---------------------------------------------------------------
# æè¿°: cycle6_match2 | å°ç›²æ³¨: 6
# é˜¶æ®µ: FINISH, åº•æ± : 0, å½“å‰é‡‘é¢: 265, å‰ä¸€æ¬¡åŠ æ³¨é‡‘é¢: 0
# å…¬å…±ç‰Œ: [â™¦Q â™¦K â™¥5 â™¥10 â™¥6]
[Player1]@SB     æ‰‹ç‰Œ:[â™¦10 â™¦9]  å·²ä¸‹æ³¨:0, å‰©ä½™èµ„é‡‘:0, çŠ¶æ€:OUT
[Player2]        æ‰‹ç‰Œ:[]        å·²ä¸‹æ³¨:0, å‰©ä½™èµ„é‡‘:0, çŠ¶æ€:OUT
[Player3]@BB     æ‰‹ç‰Œ:[** **]   å·²ä¸‹æ³¨:0, å‰©ä½™èµ„é‡‘:213, çŠ¶æ€:PLAYING
[Player4]        æ‰‹ç‰Œ:[â™¥Q â™£Q]   å·²ä¸‹æ³¨:0, å‰©ä½™èµ„é‡‘:387, çŠ¶æ€:PLAYING
[Player5]        æ‰‹ç‰Œ:[]        å·²ä¸‹æ³¨:0, å‰©ä½™èµ„é‡‘:0, çŠ¶æ€:OUT
[Player6]        æ‰‹ç‰Œ:[]        å·²ä¸‹æ³¨:0, å‰©ä½™èµ„é‡‘:0, çŠ¶æ€:OUT

Winner is: Player4
Score: {Three of a kind [â™¦Q â™¥Q â™£Q â™¦K â™¥10] 3838874} 
Match finish. Press enter to begin next match.
---------------------------------------------------------------
# æè¿°: cycle7_match1 | å°ç›²æ³¨: 7
# é˜¶æ®µ: PREFLOP, åº•æ± : 21, å½“å‰é‡‘é¢: 14, å‰ä¸€æ¬¡åŠ æ³¨é‡‘é¢: 0
# å…¬å…±ç‰Œ: [** ** ** ** **]
[Player1]        æ‰‹ç‰Œ:[]        å·²ä¸‹æ³¨:0, å‰©ä½™èµ„é‡‘:0, çŠ¶æ€:OUT
[Player2]        æ‰‹ç‰Œ:[]        å·²ä¸‹æ³¨:0, å‰©ä½™èµ„é‡‘:0, çŠ¶æ€:OUT
[Player3]@SB     æ‰‹ç‰Œ:[** **]   å·²ä¸‹æ³¨:7, å‰©ä½™èµ„é‡‘:206, çŠ¶æ€:PLAYING
[Player4]@BB     æ‰‹ç‰Œ:[** **]   å·²ä¸‹æ³¨:14, å‰©ä½™èµ„é‡‘:373, çŠ¶æ€:PLAYING
[Player5]        æ‰‹ç‰Œ:[]        å·²ä¸‹æ³¨:0, å‰©ä½™èµ„é‡‘:0, çŠ¶æ€:OUT
[Player6]        æ‰‹ç‰Œ:[]        å·²ä¸‹æ³¨:0, å‰©ä½™èµ„é‡‘:0, çŠ¶æ€:OUT

[2023-08-07 02:22:31] [31mDEBUG[0m - [Player3]: investRatio: 0.33333334
[2023-08-07 02:22:31] [31mDEBUG[0m - [Player3]: winRate: 0.5056
[2023-08-07 02:22:31] [31mDEBUG[0m - [Player3]: expectedAmount: 49
--> [Player3]'s action: {BET 49}

[2023-08-07 02:22:31] [31mDEBUG[0m - [Player4]: investRatio: 0.6
[2023-08-07 02:22:31] [31mDEBUG[0m - [Player4]: winRate: 0.59924334
--> [Player4]'s action: {FOLD 0}

---------------------------------------------------------------
# æè¿°: cycle7_match1 | å°ç›²æ³¨: 7
# é˜¶æ®µ: FINISH, åº•æ± : 0, å½“å‰é‡‘é¢: 56, å‰ä¸€æ¬¡åŠ æ³¨é‡‘é¢: 49
# å…¬å…±ç‰Œ: [** ** ** ** **]
[Player1]        æ‰‹ç‰Œ:[]        å·²ä¸‹æ³¨:0, å‰©ä½™èµ„é‡‘:0, çŠ¶æ€:OUT
[Player2]        æ‰‹ç‰Œ:[]        å·²ä¸‹æ³¨:0, å‰©ä½™èµ„é‡‘:0, çŠ¶æ€:OUT
[Player3]@SB     æ‰‹ç‰Œ:[** **]   å·²ä¸‹æ³¨:0, å‰©ä½™èµ„é‡‘:227, çŠ¶æ€:PLAYING
[Player4]@BB     æ‰‹ç‰Œ:[** **]   å·²ä¸‹æ³¨:0, å‰©ä½™èµ„é‡‘:373, çŠ¶æ€:OUT
[Player5]        æ‰‹ç‰Œ:[]        å·²ä¸‹æ³¨:0, å‰©ä½™èµ„é‡‘:0, çŠ¶æ€:OUT
[Player6]        æ‰‹ç‰Œ:[]        å·²ä¸‹æ³¨:0, å‰©ä½™èµ„é‡‘:0, çŠ¶æ€:OUT

Winner is: Player3
Score: No score, all others folded.
Match finish. Press enter to begin next match.
---------------------------------------------------------------
# æè¿°: cycle7_match2 | å°ç›²æ³¨: 7
# é˜¶æ®µ: PREFLOP, åº•æ± : 21, å½“å‰é‡‘é¢: 14, å‰ä¸€æ¬¡åŠ æ³¨é‡‘é¢: 0
# å…¬å…±ç‰Œ: [** ** ** ** **]
[Player1]        æ‰‹ç‰Œ:[]        å·²ä¸‹æ³¨:0, å‰©ä½™èµ„é‡‘:0, çŠ¶æ€:OUT
[Player2]        æ‰‹ç‰Œ:[]        å·²ä¸‹æ³¨:0, å‰©ä½™èµ„é‡‘:0, çŠ¶æ€:OUT
[Player3]@BB     æ‰‹ç‰Œ:[** **]   å·²ä¸‹æ³¨:14, å‰©ä½™èµ„é‡‘:213, çŠ¶æ€:PLAYING
[Player4]@SB     æ‰‹ç‰Œ:[** **]   å·²ä¸‹æ³¨:7, å‰©ä½™èµ„é‡‘:366, çŠ¶æ€:PLAYING
[Player5]        æ‰‹ç‰Œ:[]        å·²ä¸‹æ³¨:0, å‰©ä½™èµ„é‡‘:0, çŠ¶æ€:OUT
[Player6]        æ‰‹ç‰Œ:[]        å·²ä¸‹æ³¨:0, å‰©ä½™èµ„é‡‘:0, çŠ¶æ€:OUT

[2023-08-07 02:22:32] [31mDEBUG[0m - [Player4]: investRatio: 0.33333334
[2023-08-07 02:22:33] [31mDEBUG[0m - [Player4]: winRate: 0.39386666
[2023-08-07 02:22:33] [31mDEBUG[0m - [Player4]: expectedAmount: 20
--> [Player4]'s action: {CALL 7}

[2023-08-07 02:22:33] [31mDEBUG[0m - [Player3]: investRatio: 0
[2023-08-07 02:22:33] [31mDEBUG[0m - [Player3]: winRate: 0.47569168
[2023-08-07 02:22:33] [31mDEBUG[0m - [Player3]: expectedAmount: 97
--> [Player3]'s action: {BET 97}

[2023-08-07 02:22:33] [31mDEBUG[0m - [Player4]: investRatio: 0.776
[2023-08-07 02:22:33] [31mDEBUG[0m - [Player4]: winRate: 0.380905
--> [Player4]'s action: {FOLD 0}

---------------------------------------------------------------
# æè¿°: cycle7_match2 | å°ç›²æ³¨: 7
# é˜¶æ®µ: FINISH, åº•æ± : 0, å½“å‰é‡‘é¢: 111, å‰ä¸€æ¬¡åŠ æ³¨é‡‘é¢: 97
# å…¬å…±ç‰Œ: [** ** ** ** **]
[Player1]        æ‰‹ç‰Œ:[]        å·²ä¸‹æ³¨:0, å‰©ä½™èµ„é‡‘:0, çŠ¶æ€:OUT
[Player2]        æ‰‹ç‰Œ:[]        å·²ä¸‹æ³¨:0, å‰©ä½™èµ„é‡‘:0, çŠ¶æ€:OUT
[Player3]@BB     æ‰‹ç‰Œ:[** **]   å·²ä¸‹æ³¨:0, å‰©ä½™èµ„é‡‘:241, çŠ¶æ€:PLAYING
[Player4]@SB     æ‰‹ç‰Œ:[** **]   å·²ä¸‹æ³¨:0, å‰©ä½™èµ„é‡‘:359, çŠ¶æ€:OUT
[Player5]        æ‰‹ç‰Œ:[]        å·²ä¸‹æ³¨:0, å‰©ä½™èµ„é‡‘:0, çŠ¶æ€:OUT
[Player6]        æ‰‹ç‰Œ:[]        å·²ä¸‹æ³¨:0, å‰©ä½™èµ„é‡‘:0, çŠ¶æ€:OUT

Winner is: Player3
Score: No score, all others folded.
Match finish. Press enter to begin next match.
---------------------------------------------------------------
# æè¿°: cycle8_match1 | å°ç›²æ³¨: 8
# é˜¶æ®µ: PREFLOP, åº•æ± : 24, å½“å‰é‡‘é¢: 16, å‰ä¸€æ¬¡åŠ æ³¨é‡‘é¢: 0
# å…¬å…±ç‰Œ: [** ** ** ** **]
[Player1]        æ‰‹ç‰Œ:[]        å·²ä¸‹æ³¨:0, å‰©ä½™èµ„é‡‘:0, çŠ¶æ€:OUT
[Player2]        æ‰‹ç‰Œ:[]        å·²ä¸‹æ³¨:0, å‰©ä½™èµ„é‡‘:0, çŠ¶æ€:OUT
[Player3]@SB     æ‰‹ç‰Œ:[** **]   å·²ä¸‹æ³¨:8, å‰©ä½™èµ„é‡‘:233, çŠ¶æ€:PLAYING
[Player4]@BB     æ‰‹ç‰Œ:[** **]   å·²ä¸‹æ³¨:16, å‰©ä½™èµ„é‡‘:343, çŠ¶æ€:PLAYING
[Player5]        æ‰‹ç‰Œ:[]        å·²ä¸‹æ³¨:0, å‰©ä½™èµ„é‡‘:0, çŠ¶æ€:OUT
[Player6]        æ‰‹ç‰Œ:[]        å·²ä¸‹æ³¨:0, å‰©ä½™èµ„é‡‘:0, çŠ¶æ€:OUT

[2023-08-07 02:22:34] [31mDEBUG[0m - [Player3]: investRatio: 0.33333334
[2023-08-07 02:22:34] [31mDEBUG[0m - [Player3]: winRate: 0.44906667
[2023-08-07 02:22:34] [31mDEBUG[0m - [Player3]: expectedAmount: 62
--> [Player3]'s action: {BET 62}

[2023-08-07 02:22:34] [31mDEBUG[0m - [Player4]: investRatio: 0.627907
[2023-08-07 02:22:34] [31mDEBUG[0m - [Player4]: winRate: 0.5859783
--> [Player4]'s action: {FOLD 0}

---------------------------------------------------------------
# æè¿°: cycle8_match1 | å°ç›²æ³¨: 8
# é˜¶æ®µ: FINISH, åº•æ± : 0, å½“å‰é‡‘é¢: 70, å‰ä¸€æ¬¡åŠ æ³¨é‡‘é¢: 62
# å…¬å…±ç‰Œ: [** ** ** ** **]
[Player1]        æ‰‹ç‰Œ:[]        å·²ä¸‹æ³¨:0, å‰©ä½™èµ„é‡‘:0, çŠ¶æ€:OUT
[Player2]        æ‰‹ç‰Œ:[]        å·²ä¸‹æ³¨:0, å‰©ä½™èµ„é‡‘:0, çŠ¶æ€:OUT
[Player3]@SB     æ‰‹ç‰Œ:[** **]   å·²ä¸‹æ³¨:0, å‰©ä½™èµ„é‡‘:257, çŠ¶æ€:PLAYING
[Player4]@BB     æ‰‹ç‰Œ:[** **]   å·²ä¸‹æ³¨:0, å‰©ä½™èµ„é‡‘:343, çŠ¶æ€:OUT
[Player5]        æ‰‹ç‰Œ:[]        å·²ä¸‹æ³¨:0, å‰©ä½™èµ„é‡‘:0, çŠ¶æ€:OUT
[Player6]        æ‰‹ç‰Œ:[]        å·²ä¸‹æ³¨:0, å‰©ä½™èµ„é‡‘:0, çŠ¶æ€:OUT

Winner is: Player3
Score: No score, all others folded.
Match finish. Press enter to begin next match.
---------------------------------------------------------------
# æè¿°: cycle8_match2 | å°ç›²æ³¨: 8
# é˜¶æ®µ: PREFLOP, åº•æ± : 24, å½“å‰é‡‘é¢: 16, å‰ä¸€æ¬¡åŠ æ³¨é‡‘é¢: 0
# å…¬å…±ç‰Œ: [** ** ** ** **]
[Player1]        æ‰‹ç‰Œ:[]        å·²ä¸‹æ³¨:0, å‰©ä½™èµ„é‡‘:0, çŠ¶æ€:OUT
[Player2]        æ‰‹ç‰Œ:[]        å·²ä¸‹æ³¨:0, å‰©ä½™èµ„é‡‘:0, çŠ¶æ€:OUT
[Player3]@BB     æ‰‹ç‰Œ:[** **]   å·²ä¸‹æ³¨:16, å‰©ä½™èµ„é‡‘:241, çŠ¶æ€:PLAYING
[Player4]@SB     æ‰‹ç‰Œ:[** **]   å·²ä¸‹æ³¨:8, å‰©ä½™èµ„é‡‘:335, çŠ¶æ€:PLAYING
[Player5]        æ‰‹ç‰Œ:[]        å·²ä¸‹æ³¨:0, å‰©ä½™èµ„é‡‘:0, çŠ¶æ€:OUT
[Player6]        æ‰‹ç‰Œ:[]        å·²ä¸‹æ³¨:0, å‰©ä½™èµ„é‡‘:0, çŠ¶æ€:OUT

[2023-08-07 02:22:35] [31mDEBUG[0m - [Player4]: investRatio: 0.33333334
[2023-08-07 02:22:35] [31mDEBUG[0m - [Player4]: winRate: 0.51928
[2023-08-07 02:22:35] [31mDEBUG[0m - [Player4]: expectedAmount: 39
--> [Player4]'s action: {BET 39}

[2023-08-07 02:22:35] [31mDEBUG[0m - [Player3]: investRatio: 0.4920635
[2023-08-07 02:22:36] [31mDEBUG[0m - [Player3]: winRate: 0.60094833
[2023-08-07 02:22:36] [31mDEBUG[0m - [Player3]: expectedAmount: 389
--> [Player3]'s action: {ALL_IN 241}

[2023-08-07 02:22:36] [31mDEBUG[0m - [Player4]: investRatio: 0.69078946
[2023-08-07 02:22:36] [31mDEBUG[0m - [Player4]: winRate: 0.5020267
--> [Player4]'s action: {FOLD 0}

---------------------------------------------------------------
# æè¿°: cycle8_match2 | å°ç›²æ³¨: 8
# é˜¶æ®µ: FINISH, åº•æ± : 0, å½“å‰é‡‘é¢: 257, å‰ä¸€æ¬¡åŠ æ³¨é‡‘é¢: 241
# å…¬å…±ç‰Œ: [** ** ** ** **]
[Player1]        æ‰‹ç‰Œ:[]        å·²ä¸‹æ³¨:0, å‰©ä½™èµ„é‡‘:0, çŠ¶æ€:OUT
[Player2]        æ‰‹ç‰Œ:[]        å·²ä¸‹æ³¨:0, å‰©ä½™èµ„é‡‘:0, çŠ¶æ€:OUT
[Player3]@BB     æ‰‹ç‰Œ:[** **]   å·²ä¸‹æ³¨:0, å‰©ä½™èµ„é‡‘:304, çŠ¶æ€:ALLIN
[Player4]@SB     æ‰‹ç‰Œ:[** **]   å·²ä¸‹æ³¨:0, å‰©ä½™èµ„é‡‘:296, çŠ¶æ€:OUT
[Player5]        æ‰‹ç‰Œ:[]        å·²ä¸‹æ³¨:0, å‰©ä½™èµ„é‡‘:0, çŠ¶æ€:OUT
[Player6]        æ‰‹ç‰Œ:[]        å·²ä¸‹æ³¨:0, å‰©ä½™èµ„é‡‘:0, çŠ¶æ€:OUT

Winner is: Player3
Score: No score, all others folded.
Match finish. Press enter to begin next match.
---------------------------------------------------------------
# æè¿°: cycle9_match1 | å°ç›²æ³¨: 9
# é˜¶æ®µ: PREFLOP, åº•æ± : 27, å½“å‰é‡‘é¢: 18, å‰ä¸€æ¬¡åŠ æ³¨é‡‘é¢: 0
# å…¬å…±ç‰Œ: [** ** ** ** **]
[Player1]        æ‰‹ç‰Œ:[]        å·²ä¸‹æ³¨:0, å‰©ä½™èµ„é‡‘:0, çŠ¶æ€:OUT
[Player2]        æ‰‹ç‰Œ:[]        å·²ä¸‹æ³¨:0, å‰©ä½™èµ„é‡‘:0, çŠ¶æ€:OUT
[Player3]@SB     æ‰‹ç‰Œ:[** **]   å·²ä¸‹æ³¨:9, å‰©ä½™èµ„é‡‘:295, çŠ¶æ€:PLAYING
[Player4]@BB     æ‰‹ç‰Œ:[** **]   å·²ä¸‹æ³¨:18, å‰©ä½™èµ„é‡‘:278, çŠ¶æ€:PLAYING
[Player5]        æ‰‹ç‰Œ:[]        å·²ä¸‹æ³¨:0, å‰©ä½™èµ„é‡‘:0, çŠ¶æ€:OUT
[Player6]        æ‰‹ç‰Œ:[]        å·²ä¸‹æ³¨:0, å‰©ä½™èµ„é‡‘:0, çŠ¶æ€:OUT

[2023-08-07 02:22:36] [31mDEBUG[0m - [Player3]: investRatio: 0.33333334
[2023-08-07 02:22:36] [31mDEBUG[0m - [Player3]: winRate: 0.62586665
[2023-08-07 02:22:36] [31mDEBUG[0m - [Player3]: expectedAmount: 9
--> [Player3]'s action: {CALL 9}

[2023-08-07 02:22:36] [31mDEBUG[0m - [Player4]: investRatio: 0
[2023-08-07 02:22:37] [31mDEBUG[0m - [Player4]: winRate: 0.41262832
[2023-08-07 02:22:37] [31mDEBUG[0m - [Player4]: expectedAmount: 34
--> [Player4]'s action: {BET 34}

[2023-08-07 02:22:37] [31mDEBUG[0m - [Player3]: investRatio: 0.4857143
[2023-08-07 02:22:37] [31mDEBUG[0m - [Player3]: winRate: 0.60548335
[2023-08-07 02:22:37] [31mDEBUG[0m - [Player3]: expectedAmount: 253
--> [Player3]'s action: {BET 253}

[2023-08-07 02:22:37] [31mDEBUG[0m - [Player4]: investRatio: 0.67801857
[2023-08-07 02:22:37] [31mDEBUG[0m - [Player4]: winRate: 0.40947834
--> [Player4]'s action: {FOLD 0}

---------------------------------------------------------------
# æè¿°: cycle9_match1 | å°ç›²æ³¨: 9
# é˜¶æ®µ: FINISH, åº•æ± : 0, å½“å‰é‡‘é¢: 271, å‰ä¸€æ¬¡åŠ æ³¨é‡‘é¢: 253
# å…¬å…±ç‰Œ: [** ** ** ** **]
[Player1]        æ‰‹ç‰Œ:[]        å·²ä¸‹æ³¨:0, å‰©ä½™èµ„é‡‘:0, çŠ¶æ€:OUT
[Player2]        æ‰‹ç‰Œ:[]        å·²ä¸‹æ³¨:0, å‰©ä½™èµ„é‡‘:0, çŠ¶æ€:OUT
[Player3]@SB     æ‰‹ç‰Œ:[** **]   å·²ä¸‹æ³¨:0, å‰©ä½™èµ„é‡‘:356, çŠ¶æ€:PLAYING
[Player4]@BB     æ‰‹ç‰Œ:[** **]   å·²ä¸‹æ³¨:0, å‰©ä½™èµ„é‡‘:244, çŠ¶æ€:OUT
[Player5]        æ‰‹ç‰Œ:[]        å·²ä¸‹æ³¨:0, å‰©ä½™èµ„é‡‘:0, çŠ¶æ€:OUT
[Player6]        æ‰‹ç‰Œ:[]        å·²ä¸‹æ³¨:0, å‰©ä½™èµ„é‡‘:0, çŠ¶æ€:OUT

Winner is: Player3
Score: No score, all others folded.
Match finish. Press enter to begin next match.
---------------------------------------------------------------
# æè¿°: cycle9_match2 | å°ç›²æ³¨: 9
# é˜¶æ®µ: PREFLOP, åº•æ± : 27, å½“å‰é‡‘é¢: 18, å‰ä¸€æ¬¡åŠ æ³¨é‡‘é¢: 0
# å…¬å…±ç‰Œ: [** ** ** ** **]
[Player1]        æ‰‹ç‰Œ:[]        å·²ä¸‹æ³¨:0, å‰©ä½™èµ„é‡‘:0, çŠ¶æ€:OUT
[Player2]        æ‰‹ç‰Œ:[]        å·²ä¸‹æ³¨:0, å‰©ä½™èµ„é‡‘:0, çŠ¶æ€:OUT
[Player3]@BB     æ‰‹ç‰Œ:[** **]   å·²ä¸‹æ³¨:18, å‰©ä½™èµ„é‡‘:338, çŠ¶æ€:PLAYING
[Player4]@SB     æ‰‹ç‰Œ:[** **]   å·²ä¸‹æ³¨:9, å‰©ä½™èµ„é‡‘:235, çŠ¶æ€:PLAYING
[Player5]        æ‰‹ç‰Œ:[]        å·²ä¸‹æ³¨:0, å‰©ä½™èµ„é‡‘:0, çŠ¶æ€:OUT
[Player6]        æ‰‹ç‰Œ:[]        å·²ä¸‹æ³¨:0, å‰©ä½™èµ„é‡‘:0, çŠ¶æ€:OUT

[2023-08-07 02:22:38] [31mDEBUG[0m - [Player4]: investRatio: 0.33333334
[2023-08-07 02:22:38] [31mDEBUG[0m - [Player4]: winRate: 0.48487332
[2023-08-07 02:22:38] [31mDEBUG[0m - [Player4]: expectedAmount: 34
--> [Player4]'s action: {BET 34}

[2023-08-07 02:22:38] [31mDEBUG[0m - [Player3]: investRatio: 0.40983605
[2023-08-07 02:22:39] [31mDEBUG[0m - [Player3]: winRate: 0.37626168
--> [Player3]'s action: {FOLD 0}

---------------------------------------------------------------
# æè¿°: cycle9_match2 | å°ç›²æ³¨: 9
# é˜¶æ®µ: FINISH, åº•æ± : 0, å½“å‰é‡‘é¢: 43, å‰ä¸€æ¬¡åŠ æ³¨é‡‘é¢: 34
# å…¬å…±ç‰Œ: [** ** ** ** **]
[Player1]        æ‰‹ç‰Œ:[]        å·²ä¸‹æ³¨:0, å‰©ä½™èµ„é‡‘:0, çŠ¶æ€:OUT
[Player2]        æ‰‹ç‰Œ:[]        å·²ä¸‹æ³¨:0, å‰©ä½™èµ„é‡‘:0, çŠ¶æ€:OUT
[Player3]@BB     æ‰‹ç‰Œ:[** **]   å·²ä¸‹æ³¨:0, å‰©ä½™èµ„é‡‘:338, çŠ¶æ€:OUT
[Player4]@SB     æ‰‹ç‰Œ:[** **]   å·²ä¸‹æ³¨:0, å‰©ä½™èµ„é‡‘:262, çŠ¶æ€:PLAYING
[Player5]        æ‰‹ç‰Œ:[]        å·²ä¸‹æ³¨:0, å‰©ä½™èµ„é‡‘:0, çŠ¶æ€:OUT
[Player6]        æ‰‹ç‰Œ:[]        å·²ä¸‹æ³¨:0, å‰©ä½™èµ„é‡‘:0, çŠ¶æ€:OUT

Winner is: Player4
Score: No score, all others folded.
Match finish. Press enter to begin next match.
---------------------------------------------------------------
# æè¿°: cycle10_match1 | å°ç›²æ³¨: 10
# é˜¶æ®µ: PREFLOP, åº•æ± : 30, å½“å‰é‡‘é¢: 20, å‰ä¸€æ¬¡åŠ æ³¨é‡‘é¢: 0
# å…¬å…±ç‰Œ: [** ** ** ** **]
[Player1]        æ‰‹ç‰Œ:[]        å·²ä¸‹æ³¨:0, å‰©ä½™èµ„é‡‘:0, çŠ¶æ€:OUT
[Player2]        æ‰‹ç‰Œ:[]        å·²ä¸‹æ³¨:0, å‰©ä½™èµ„é‡‘:0, çŠ¶æ€:OUT
[Player3]@SB     æ‰‹ç‰Œ:[** **]   å·²ä¸‹æ³¨:10, å‰©ä½™èµ„é‡‘:328, çŠ¶æ€:PLAYING
[Player4]@BB     æ‰‹ç‰Œ:[** **]   å·²ä¸‹æ³¨:20, å‰©ä½™èµ„é‡‘:242, çŠ¶æ€:PLAYING
[Player5]        æ‰‹ç‰Œ:[]        å·²ä¸‹æ³¨:0, å‰©ä½™èµ„é‡‘:0, çŠ¶æ€:OUT
[Player6]        æ‰‹ç‰Œ:[]        å·²ä¸‹æ³¨:0, å‰©ä½™èµ„é‡‘:0, çŠ¶æ€:OUT

[2023-08-07 02:22:39] [31mDEBUG[0m - [Player3]: investRatio: 0.33333334
[2023-08-07 02:22:40] [31mDEBUG[0m - [Player3]: winRate: 0.4216
[2023-08-07 02:22:40] [31mDEBUG[0m - [Player3]: expectedAmount: 54
--> [Player3]'s action: {BET 54}

[2023-08-07 02:22:40] [31mDEBUG[0m - [Player4]: investRatio: 0.52380955
[2023-08-07 02:22:40] [31mDEBUG[0m - [Player4]: winRate: 0.44665667
--> [Player4]'s action: {FOLD 0}

---------------------------------------------------------------
# æè¿°: cycle10_match1 | å°ç›²æ³¨: 10
# é˜¶æ®µ: FINISH, åº•æ± : 0, å½“å‰é‡‘é¢: 64, å‰ä¸€æ¬¡åŠ æ³¨é‡‘é¢: 54
# å…¬å…±ç‰Œ: [** ** ** ** **]
[Player1]        æ‰‹ç‰Œ:[]        å·²ä¸‹æ³¨:0, å‰©ä½™èµ„é‡‘:0, çŠ¶æ€:OUT
[Player2]        æ‰‹ç‰Œ:[]        å·²ä¸‹æ³¨:0, å‰©ä½™èµ„é‡‘:0, çŠ¶æ€:OUT
[Player3]@SB     æ‰‹ç‰Œ:[** **]   å·²ä¸‹æ³¨:0, å‰©ä½™èµ„é‡‘:358, çŠ¶æ€:PLAYING
[Player4]@BB     æ‰‹ç‰Œ:[** **]   å·²ä¸‹æ³¨:0, å‰©ä½™èµ„é‡‘:242, çŠ¶æ€:OUT
[Player5]        æ‰‹ç‰Œ:[]        å·²ä¸‹æ³¨:0, å‰©ä½™èµ„é‡‘:0, çŠ¶æ€:OUT
[Player6]        æ‰‹ç‰Œ:[]        å·²ä¸‹æ³¨:0, å‰©ä½™èµ„é‡‘:0, çŠ¶æ€:OUT

Winner is: Player3
Score: No score, all others folded.
Match finish. Press enter to begin next match.
---------------------------------------------------------------
# æè¿°: cycle10_match2 | å°ç›²æ³¨: 10
# é˜¶æ®µ: PREFLOP, åº•æ± : 30, å½“å‰é‡‘é¢: 20, å‰ä¸€æ¬¡åŠ æ³¨é‡‘é¢: 0
# å…¬å…±ç‰Œ: [** ** ** ** **]
[Player1]        æ‰‹ç‰Œ:[]        å·²ä¸‹æ³¨:0, å‰©ä½™èµ„é‡‘:0, çŠ¶æ€:OUT
[Player2]        æ‰‹ç‰Œ:[]        å·²ä¸‹æ³¨:0, å‰©ä½™èµ„é‡‘:0, çŠ¶æ€:OUT
[Player3]@BB     æ‰‹ç‰Œ:[** **]   å·²ä¸‹æ³¨:20, å‰©ä½™èµ„é‡‘:338, çŠ¶æ€:PLAYING
[Player4]@SB     æ‰‹ç‰Œ:[** **]   å·²ä¸‹æ³¨:10, å‰©ä½™èµ„é‡‘:232, çŠ¶æ€:PLAYING
[Player5]        æ‰‹ç‰Œ:[]        å·²ä¸‹æ³¨:0, å‰©ä½™èµ„é‡‘:0, çŠ¶æ€:OUT
[Player6]        æ‰‹ç‰Œ:[]        å·²ä¸‹æ³¨:0, å‰©ä½™èµ„é‡‘:0, çŠ¶æ€:OUT

[2023-08-07 02:22:41] [31mDEBUG[0m - [Player4]: investRatio: 0.33333334
[2023-08-07 02:22:41] [31mDEBUG[0m - [Player4]: winRate: 0.4608
[2023-08-07 02:22:41] [31mDEBUG[0m - [Player4]: expectedAmount: 52
--> [Player4]'s action: {BET 52}

[2023-08-07 02:22:41] [31mDEBUG[0m - [Player3]: investRatio: 0.5121951
[2023-08-07 02:22:41] [31mDEBUG[0m - [Player3]: winRate: 0.65218335
[2023-08-07 02:22:41] [31mDEBUG[0m - [Player3]: expectedAmount: 301
--> [Player3]'s action: {BET 301}

[2023-08-07 02:22:41] [31mDEBUG[0m - [Player4]: investRatio: 0.4699739
[2023-08-07 02:22:41] [31mDEBUG[0m - [Player4]: winRate: 0.46642834
[2023-08-07 02:22:41] [31mDEBUG[0m - [Player4]: expectedAmount: 477
--> [Player4]'s action: {ALL_IN 180}

---------------------------------------------------------------
# æè¿°: cycle10_match2 | å°ç›²æ³¨: 10
# é˜¶æ®µ: SHOWDOWN, åº•æ± : 563, å½“å‰é‡‘é¢: 321, å‰ä¸€æ¬¡åŠ æ³¨é‡‘é¢: 0
# å…¬å…±ç‰Œ: [â™£5 â™¥Q â™¦Q â™¦3 â™ 4]
[Player1]        æ‰‹ç‰Œ:[]        å·²ä¸‹æ³¨:0, å‰©ä½™èµ„é‡‘:0, çŠ¶æ€:OUT
[Player2]        æ‰‹ç‰Œ:[]        å·²ä¸‹æ³¨:0, å‰©ä½™èµ„é‡‘:0, çŠ¶æ€:OUT
[Player3]@BB     æ‰‹ç‰Œ:[â™£Q â™ A]   å·²ä¸‹æ³¨:321, å‰©ä½™èµ„é‡‘:37, çŠ¶æ€:PLAYING
[Player4]@SB     æ‰‹ç‰Œ:[â™¥7 â™ 9]   å·²ä¸‹æ³¨:242, å‰©ä½™èµ„é‡‘:0, çŠ¶æ€:ALLIN
[Player5]        æ‰‹ç‰Œ:[]        å·²ä¸‹æ³¨:0, å‰©ä½™èµ„é‡‘:0, çŠ¶æ€:OUT
[Player6]        æ‰‹ç‰Œ:[]        å·²ä¸‹æ³¨:0, å‰©ä½™èµ„é‡‘:0, çŠ¶æ€:OUT

---------------------------------------------------------------
# æè¿°: cycle10_match2 | å°ç›²æ³¨: 10
# é˜¶æ®µ: FINISH, åº•æ± : 0, å½“å‰é‡‘é¢: 321, å‰ä¸€æ¬¡åŠ æ³¨é‡‘é¢: 0
# å…¬å…±ç‰Œ: [â™£5 â™¥Q â™¦Q â™¦3 â™ 4]
[Player1]        æ‰‹ç‰Œ:[]        å·²ä¸‹æ³¨:0, å‰©ä½™èµ„é‡‘:0, çŠ¶æ€:OUT
[Player2]        æ‰‹ç‰Œ:[]        å·²ä¸‹æ³¨:0, å‰©ä½™èµ„é‡‘:0, çŠ¶æ€:OUT
[Player3]@BB     æ‰‹ç‰Œ:[â™£Q â™ A]   å·²ä¸‹æ³¨:0, å‰©ä½™èµ„é‡‘:600, çŠ¶æ€:PLAYING
[Player4]@SB     æ‰‹ç‰Œ:[â™¥7 â™ 9]   å·²ä¸‹æ³¨:0, å‰©ä½™èµ„é‡‘:0, çŠ¶æ€:OUT
[Player5]        æ‰‹ç‰Œ:[]        å·²ä¸‹æ³¨:0, å‰©ä½™èµ„é‡‘:0, çŠ¶æ€:OUT
[Player6]        æ‰‹ç‰Œ:[]        å·²ä¸‹æ³¨:0, å‰©ä½™èµ„é‡‘:0, çŠ¶æ€:OUT

Winner is: Player3
Score: {Three of a kind [â™¥Q â™¦Q â™£Q â™ A â™£5] 3838885} 
Congrats! The final winner is Player3. Press enter to begin next match.
